<?xml version="1.0" encoding="UTF-8"?>
<testsuite name="com.example.MutualAuthenticationClient.MutualAuthenticationClientApplicationTests" tests="2" skipped="0" failures="0" errors="0" timestamp="2018-08-23T15:19:02" hostname="Pradeeps-MacBook-Pro-2.local" time="0.164">
  <properties/>
  <testcase name="getSSLConnection" classname="com.example.MutualAuthenticationClient.MutualAuthenticationClientApplicationTests" time="0.149"/>
  <testcase name="getNonSSLConnection" classname="com.example.MutualAuthenticationClient.MutualAuthenticationClientApplicationTests" time="0.014"/>
  <system-out><![CDATA[11:18:57.604 [Test worker] DEBUG org.springframework.test.context.junit4.SpringJUnit4ClassRunner - SpringJUnit4ClassRunner constructor called with [class com.example.MutualAuthenticationClient.MutualAuthenticationClientApplicationTests]
11:18:57.613 [Test worker] DEBUG org.springframework.test.context.BootstrapUtils - Instantiating CacheAwareContextLoaderDelegate from class [org.springframework.test.context.cache.DefaultCacheAwareContextLoaderDelegate]
11:18:57.624 [Test worker] DEBUG org.springframework.test.context.BootstrapUtils - Instantiating BootstrapContext using constructor [public org.springframework.test.context.support.DefaultBootstrapContext(java.lang.Class,org.springframework.test.context.CacheAwareContextLoaderDelegate)]
11:18:57.642 [Test worker] DEBUG org.springframework.test.context.BootstrapUtils - Instantiating TestContextBootstrapper for test class [com.example.MutualAuthenticationClient.MutualAuthenticationClientApplicationTests] from class [org.springframework.boot.test.context.SpringBootTestContextBootstrapper]
11:18:57.652 [Test worker] INFO org.springframework.boot.test.context.SpringBootTestContextBootstrapper - Neither @ContextConfiguration nor @ContextHierarchy found for test class [com.example.MutualAuthenticationClient.MutualAuthenticationClientApplicationTests], using SpringBootContextLoader
11:18:57.655 [Test worker] DEBUG org.springframework.test.context.support.AbstractContextLoader - Did not detect default resource location for test class [com.example.MutualAuthenticationClient.MutualAuthenticationClientApplicationTests]: class path resource [com/example/MutualAuthenticationClient/MutualAuthenticationClientApplicationTests-context.xml] does not exist
11:18:57.655 [Test worker] DEBUG org.springframework.test.context.support.AbstractContextLoader - Did not detect default resource location for test class [com.example.MutualAuthenticationClient.MutualAuthenticationClientApplicationTests]: class path resource [com/example/MutualAuthenticationClient/MutualAuthenticationClientApplicationTestsContext.groovy] does not exist
11:18:57.656 [Test worker] INFO org.springframework.test.context.support.AbstractContextLoader - Could not detect default resource locations for test class [com.example.MutualAuthenticationClient.MutualAuthenticationClientApplicationTests]: no resource found for suffixes {-context.xml, Context.groovy}.
11:18:57.656 [Test worker] INFO org.springframework.test.context.support.AnnotationConfigContextLoaderUtils - Could not detect default configuration classes for test class [com.example.MutualAuthenticationClient.MutualAuthenticationClientApplicationTests]: MutualAuthenticationClientApplicationTests does not declare any static, non-private, non-final, nested classes annotated with @Configuration.
11:18:57.704 [Test worker] DEBUG org.springframework.test.context.support.ActiveProfilesUtils - Could not find an 'annotation declaring class' for annotation type [org.springframework.test.context.ActiveProfiles] and class [com.example.MutualAuthenticationClient.MutualAuthenticationClientApplicationTests]
11:18:57.712 [Test worker] DEBUG org.springframework.core.env.StandardEnvironment - Adding PropertySource 'systemProperties' with lowest search precedence
11:18:57.712 [Test worker] DEBUG org.springframework.core.env.StandardEnvironment - Adding PropertySource 'systemEnvironment' with lowest search precedence
11:18:57.713 [Test worker] DEBUG org.springframework.core.env.StandardEnvironment - Initialized StandardEnvironment with PropertySources [MapPropertySource@926178024 {name='systemProperties', properties={java.runtime.name=Java(TM) SE Runtime Environment, sun.boot.library.path=/Library/Java/JavaVirtualMachines/jdk1.8.0_181.jdk/Contents/Home/jre/lib, java.vm.version=25.181-b13, gopherProxySet=false, java.vm.vendor=Oracle Corporation, java.vendor.url=http://java.oracle.com/, path.separator=:, java.vm.name=Java HotSpot(TM) 64-Bit Server VM, file.encoding.pkg=sun.io, sun.java.launcher=SUN_STANDARD, user.country=US, sun.os.patch.level=unknown, java.vm.specification.name=Java Virtual Machine Specification, user.dir=/Users/pradeepjadhav/Downloads/MutualAuthenticationClient, java.runtime.version=1.8.0_181-b13, java.awt.graphicsenv=sun.awt.CGraphicsEnvironment, java.endorsed.dirs=/Library/Java/JavaVirtualMachines/jdk1.8.0_181.jdk/Contents/Home/jre/lib/endorsed, os.arch=x86_64, java.io.tmpdir=/var/folders/5k/4j03q2nd6hzf1q896fs6r1zc0000gn/T/, line.separator=
, java.vm.specification.vendor=Oracle Corporation, user.variant=, os.name=Mac OS X, sun.jnu.encoding=UTF-8, java.library.path=/Users/pradeepjadhav/Library/Java/Extensions:/Library/Java/Extensions:/Network/Library/Java/Extensions:/System/Library/Java/Extensions:/usr/lib/java:., java.specification.name=Java Platform API Specification, java.class.version=52.0, org.gradle.native=false, sun.management.compiler=HotSpot 64-Bit Tiered Compilers, os.version=10.13.6, user.home=/Users/pradeepjadhav, user.timezone=America/New_York, java.awt.printerjob=sun.lwawt.macosx.CPrinterJob, file.encoding=UTF-8, java.specification.version=1.8, java.class.path=/Users/pradeepjadhav/Downloads/MutualAuthenticationClient/build/classes/java/test:/Users/pradeepjadhav/Downloads/MutualAuthenticationClient/build/resources/test:/Users/pradeepjadhav/Downloads/MutualAuthenticationClient/build/classes/java/main:/Users/pradeepjadhav/Downloads/MutualAuthenticationClient/build/resources/main:/Users/pradeepjadhav/.gradle/caches/modules-2/files-2.1/org.springframework.boot/spring-boot-starter-actuator/2.0.4.RELEASE/24e901473279d9c18e0a0f8037d58b18c8297dca/spring-boot-starter-actuator-2.0.4.RELEASE.jar:/Users/pradeepjadhav/.gradle/caches/modules-2/files-2.1/org.springframework.boot/spring-boot-starter-security/2.0.4.RELEASE/2ac314e5985fd9ae0d2acaea450f4f6c3dbd7f92/spring-boot-starter-security-2.0.4.RELEASE.jar:/Users/pradeepjadhav/.gradle/caches/modules-2/files-2.1/org.springframework.boot/spring-boot-starter-web/2.0.4.RELEASE/98d49e981ecf804da877d84259b7b0d1ec2fb6f6/spring-boot-starter-web-2.0.4.RELEASE.jar:/Users/pradeepjadhav/.gradle/caches/modules-2/files-2.1/org.springframework.boot/spring-boot-devtools/2.0.4.RELEASE/f889fe31cfb4ddfa61e2b4637f9c2743bc0918dd/spring-boot-devtools-2.0.4.RELEASE.jar:/Users/pradeepjadhav/.gradle/caches/modules-2/files-2.1/org.springframework.boot/spring-boot-starter-test/2.0.4.RELEASE/8f473705d2742b669f0318f10a956f94a93ba3d2/spring-boot-starter-test-2.0.4.RELEASE.jar:/Users/pradeepjadhav/.gradle/caches/modules-2/files-2.1/org.springframework.security/spring-security-test/5.0.7.RELEASE/a74c9ab10d53baa3bb7a731753fe0c6d9ab9d848/spring-security-test-5.0.7.RELEASE.jar:/Users/pradeepjadhav/.gradle/caches/modules-2/files-2.1/org.springframework.boot/spring-boot-starter-json/2.0.4.RELEASE/c7afabf0d7c85db178da4ce0634e3bd2ddb0eb71/spring-boot-starter-json-2.0.4.RELEASE.jar:/Users/pradeepjadhav/.gradle/caches/modules-2/files-2.1/org.springframework.boot/spring-boot-starter/2.0.4.RELEASE/ec46c63a2adeee40058eff1a6baefca13975dc94/spring-boot-starter-2.0.4.RELEASE.jar:/Users/pradeepjadhav/.gradle/caches/modules-2/files-2.1/org.springframework.boot/spring-boot-actuator-autoconfigure/2.0.4.RELEASE/2cadc1d20a1f9ee667a608cfee154138e954f5f2/spring-boot-actuator-autoconfigure-2.0.4.RELEASE.jar:/Users/pradeepjadhav/.gradle/caches/modules-2/files-2.1/io.micrometer/micrometer-core/1.0.6/50299bc8a34c251d62311bbb1a297f3942a82e42/micrometer-core-1.0.6.jar:/Users/pradeepjadhav/.gradle/caches/modules-2/files-2.1/org.springframework.security/spring-security-config/5.0.7.RELEASE/d702e01048687db4ec6c97fb32d28ffbe348b3e/spring-security-config-5.0.7.RELEASE.jar:/Users/pradeepjadhav/.gradle/caches/modules-2/files-2.1/org.springframework.security/spring-security-web/5.0.7.RELEASE/bab3ed579d4550bb5cc40b0a7fddd0106db7c66/spring-security-web-5.0.7.RELEASE.jar:/Users/pradeepjadhav/.gradle/caches/modules-2/files-2.1/org.springframework/spring-webmvc/5.0.8.RELEASE/7e5fe57590ca8e4468e50fe1d92b0b67aa4a327a/spring-webmvc-5.0.8.RELEASE.jar:/Users/pradeepjadhav/.gradle/caches/modules-2/files-2.1/org.springframework.security/spring-security-core/5.0.7.RELEASE/40a0c57af6b4c3f8c611216d2579c6ab19672694/spring-security-core-5.0.7.RELEASE.jar:/Users/pradeepjadhav/.gradle/caches/modules-2/files-2.1/org.springframework.boot/spring-boot-test-autoconfigure/2.0.4.RELEASE/8a2e3f31e607fdb08deda2f59263ce177f1c4310/spring-boot-test-autoconfigure-2.0.4.RELEASE.jar:/Users/pradeepjadhav/.gradle/caches/modules-2/files-2.1/org.springframework.boot/spring-boot-autoconfigure/2.0.4.RELEASE/65cd1244d606acc02ab7bfc47a203a3fe2400dda/spring-boot-autoconfigure-2.0.4.RELEASE.jar:/Users/pradeepjadhav/.gradle/caches/modules-2/files-2.1/org.springframework.boot/spring-boot-test/2.0.4.RELEASE/8a17fc3cf16b6d75f2ba132ade04409a670095de/spring-boot-test-2.0.4.RELEASE.jar:/Users/pradeepjadhav/.gradle/caches/modules-2/files-2.1/org.springframework.boot/spring-boot-actuator/2.0.4.RELEASE/9c02c968eb50a7cdc14fc4c7b586d767df6dc48d/spring-boot-actuator-2.0.4.RELEASE.jar:/Users/pradeepjadhav/.gradle/caches/modules-2/files-2.1/org.springframework.boot/spring-boot/2.0.4.RELEASE/c8619c5b06d4dcdb4cac1e5e9c839e6e8b1c8574/spring-boot-2.0.4.RELEASE.jar:/Users/pradeepjadhav/.gradle/caches/modules-2/files-2.1/org.springframework/spring-context/5.0.8.RELEASE/3a067d8990761111c9b6d1d895640be26cc1fb38/spring-context-5.0.8.RELEASE.jar:/Users/pradeepjadhav/.gradle/caches/modules-2/files-2.1/org.springframework/spring-aop/5.0.8.RELEASE/f5086c1a3185c481104511837427b39a07a57aa2/spring-aop-5.0.8.RELEASE.jar:/Users/pradeepjadhav/.gradle/caches/modules-2/files-2.1/org.springframework.boot/spring-boot-starter-tomcat/2.0.4.RELEASE/dcf28989a34b0801fea0e810c371fb9dab1e7784/spring-boot-starter-tomcat-2.0.4.RELEASE.jar:/Users/pradeepjadhav/.gradle/caches/modules-2/files-2.1/org.hibernate.validator/hibernate-validator/6.0.11.Final/36f9d10a11e4768f55e8fb91ebe4338a5c43954e/hibernate-validator-6.0.11.Final.jar:/Users/pradeepjadhav/.gradle/caches/modules-2/files-2.1/org.springframework/spring-web/5.0.8.RELEASE/fa43cdadb4ab2491fd1d0ddb06c0808e4b60fc85/spring-web-5.0.8.RELEASE.jar:/Users/pradeepjadhav/.gradle/caches/modules-2/files-2.1/com.jayway.jsonpath/json-path/2.4.0/765a4401ceb2dc8d40553c2075eb80a8fa35c2ae/json-path-2.4.0.jar:/Users/pradeepjadhav/.gradle/caches/modules-2/files-2.1/junit/junit/4.12/2973d150c0dc1fefe998f834810d68f278ea58ec/junit-4.12.jar:/Users/pradeepjadhav/.gradle/caches/modules-2/files-2.1/org.assertj/assertj-core/3.9.1/c5ce126b15f28d56cd8f960c1a6a058b9c9aea87/assertj-core-3.9.1.jar:/Users/pradeepjadhav/.gradle/caches/modules-2/files-2.1/org.mockito/mockito-core/2.15.0/b84bfbbc29cd22c9529409627af6ea2897f4fa85/mockito-core-2.15.0.jar:/Users/pradeepjadhav/.gradle/caches/modules-2/files-2.1/org.hamcrest/hamcrest-library/1.3/4785a3c21320980282f9f33d0d1264a69040538f/hamcrest-library-1.3.jar:/Users/pradeepjadhav/.gradle/caches/modules-2/files-2.1/org.hamcrest/hamcrest-core/1.3/42a25dc3219429f0e5d060061f71acb49bf010a0/hamcrest-core-1.3.jar:/Users/pradeepjadhav/.gradle/caches/modules-2/files-2.1/org.skyscreamer/jsonassert/1.5.0/6c9d5fe2f59da598d9aefc1cfc6528ff3cf32df3/jsonassert-1.5.0.jar:/Users/pradeepjadhav/.gradle/caches/modules-2/files-2.1/org.springframework/spring-test/5.0.8.RELEASE/5782619373bd7e7b7d9106203c317b04bb613ebb/spring-test-5.0.8.RELEASE.jar:/Users/pradeepjadhav/.gradle/caches/modules-2/files-2.1/org.springframework/spring-beans/5.0.8.RELEASE/5fc965d3e7f5515099244857a8ae9e2a208c169b/spring-beans-5.0.8.RELEASE.jar:/Users/pradeepjadhav/.gradle/caches/modules-2/files-2.1/org.springframework/spring-expression/5.0.8.RELEASE/f23158f22c917df2cddf2ecebc398a9e95f95fae/spring-expression-5.0.8.RELEASE.jar:/Users/pradeepjadhav/.gradle/caches/modules-2/files-2.1/org.springframework/spring-core/5.0.8.RELEASE/dc39c49e3246cdf73d3786ac41119140aed3fa08/spring-core-5.0.8.RELEASE.jar:/Users/pradeepjadhav/.gradle/caches/modules-2/files-2.1/org.xmlunit/xmlunit-core/2.5.1/4ffdb346572a7356f7521cd3119ce5287d2e339d/xmlunit-core-2.5.1.jar:/Users/pradeepjadhav/.gradle/caches/modules-2/files-2.1/org.springframework.boot/spring-boot-starter-logging/2.0.4.RELEASE/dcd1a2c431c970f44adae64d9145133979a513ab/spring-boot-starter-logging-2.0.4.RELEASE.jar:/Users/pradeepjadhav/.gradle/caches/modules-2/files-2.1/javax.annotation/javax.annotation-api/1.3.2/934c04d3cfef185a8008e7bf34331b79730a9d43/javax.annotation-api-1.3.2.jar:/Users/pradeepjadhav/.gradle/caches/modules-2/files-2.1/org.yaml/snakeyaml/1.19/2d998d3d674b172a588e54ab619854d073f555b5/snakeyaml-1.19.jar:/Users/pradeepjadhav/.gradle/caches/modules-2/files-2.1/com.fasterxml.jackson.datatype/jackson-datatype-jsr310/2.9.6/ea54f6193d224e5e5732bbd4262327eb465397c2/jackson-datatype-jsr310-2.9.6.jar:/Users/pradeepjadhav/.gradle/caches/modules-2/files-2.1/com.fasterxml.jackson.datatype/jackson-datatype-jdk8/2.9.6/456895fc91bf7180b216fead220373e6278230c9/jackson-datatype-jdk8-2.9.6.jar:/Users/pradeepjadhav/.gradle/caches/modules-2/files-2.1/com.fasterxml.jackson.module/jackson-module-parameter-names/2.9.6/129acd77a4b6ee30d62d3a0899b1344c8ec2bff8/jackson-module-parameter-names-2.9.6.jar:/Users/pradeepjadhav/.gradle/caches/modules-2/files-2.1/com.fasterxml.jackson.core/jackson-databind/2.9.6/cfa4f316351a91bfd95cb0644c6a2c95f52db1fc/jackson-databind-2.9.6.jar:/Users/pradeepjadhav/.gradle/caches/modules-2/files-2.1/org.hdrhistogram/HdrHistogram/2.1.10/9e1ac84eed220281841b75e72fb9de5a297fbf04/HdrHistogram-2.1.10.jar:/Users/pradeepjadhav/.gradle/caches/modules-2/files-2.1/org.latencyutils/LatencyUtils/2.0.3/769c0b82cb2421c8256300e907298a9410a2a3d3/LatencyUtils-2.0.3.jar:/Users/pradeepjadhav/.gradle/caches/modules-2/files-2.1/org.apache.tomcat.embed/tomcat-embed-websocket/8.5.32/ea5302e378f1449d4e5dda79e8d810c1e7931f91/tomcat-embed-websocket-8.5.32.jar:/Users/pradeepjadhav/.gradle/caches/modules-2/files-2.1/org.apache.tomcat.embed/tomcat-embed-core/8.5.32/6bc6896200146010cc4666bdc6b9b0cbb453ee22/tomcat-embed-core-8.5.32.jar:/Users/pradeepjadhav/.gradle/caches/modules-2/files-2.1/org.apache.tomcat.embed/tomcat-embed-el/8.5.32/e4fd0ee015d83fa1c5ec93ff1d05bdaf9a4480c5/tomcat-embed-el-8.5.32.jar:/Users/pradeepjadhav/.gradle/caches/modules-2/files-2.1/javax.validation/validation-api/2.0.1.Final/cb855558e6271b1b32e716d24cb85c7f583ce09e/validation-api-2.0.1.Final.jar:/Users/pradeepjadhav/.gradle/caches/modules-2/files-2.1/org.jboss.logging/jboss-logging/3.3.2.Final/3789d00e859632e6c6206adc0c71625559e6e3b0/jboss-logging-3.3.2.Final.jar:/Users/pradeepjadhav/.gradle/caches/modules-2/files-2.1/com.fasterxml/classmate/1.3.4/3d5f48f10bbe4eb7bd862f10c0583be2e0053c6/classmate-1.3.4.jar:/Users/pradeepjadhav/.gradle/caches/modules-2/files-2.1/net.minidev/json-smart/2.3/7396407491352ce4fa30de92efb158adb76b5b/json-smart-2.3.jar:/Users/pradeepjadhav/.gradle/caches/modules-2/files-2.1/ch.qos.logback/logback-classic/1.2.3/7c4f3c474fb2c041d8028740440937705ebb473a/logback-classic-1.2.3.jar:/Users/pradeepjadhav/.gradle/caches/modules-2/files-2.1/org.apache.logging.log4j/log4j-to-slf4j/2.10.0/f7e631ccf49cfc0aefa4a2a728da7d374c05bd3c/log4j-to-slf4j-2.10.0.jar:/Users/pradeepjadhav/.gradle/caches/modules-2/files-2.1/org.slf4j/jul-to-slf4j/1.7.25/af5364cd6679bfffb114f0dec8a157aaa283b76/jul-to-slf4j-1.7.25.jar:/Users/pradeepjadhav/.gradle/caches/modules-2/files-2.1/org.slf4j/slf4j-api/1.7.25/da76ca59f6a57ee3102f8f9bd9cee742973efa8a/slf4j-api-1.7.25.jar:/Users/pradeepjadhav/.gradle/caches/modules-2/files-2.1/net.bytebuddy/byte-buddy/1.7.11/f02857a4e2c66ccbe7aaad6100a0a6c461bce9b3/byte-buddy-1.7.11.jar:/Users/pradeepjadhav/.gradle/caches/modules-2/files-2.1/net.bytebuddy/byte-buddy-agent/1.7.11/b425a8933ca07edd03c6dbc8bc3b595fba9780de/byte-buddy-agent-1.7.11.jar:/Users/pradeepjadhav/.gradle/caches/modules-2/files-2.1/org.objenesis/objenesis/2.6/639033469776fd37c08358c6b92a4761feb2af4b/objenesis-2.6.jar:/Users/pradeepjadhav/.gradle/caches/modules-2/files-2.1/com.vaadin.external.google/android-json/0.0.20131108.vaadin1/fa26d351fe62a6a17f5cda1287c1c6110dec413f/android-json-0.0.20131108.vaadin1.jar:/Users/pradeepjadhav/.gradle/caches/modules-2/files-2.1/org.springframework/spring-jcl/5.0.8.RELEASE/a1fa8fb560fb252321776e16bc9ac8201af4ef5e/spring-jcl-5.0.8.RELEASE.jar:/Users/pradeepjadhav/.gradle/caches/modules-2/files-2.1/com.fasterxml.jackson.core/jackson-annotations/2.9.0/7c10d545325e3a6e72e06381afe469fd40eb701/jackson-annotations-2.9.0.jar:/Users/pradeepjadhav/.gradle/caches/modules-2/files-2.1/com.fasterxml.jackson.core/jackson-core/2.9.6/4e393793c37c77e042ccc7be5a914ae39251b365/jackson-core-2.9.6.jar:/Users/pradeepjadhav/.gradle/caches/modules-2/files-2.1/net.minidev/accessors-smart/1.2/c592b500269bfde36096641b01238a8350f8aa31/accessors-smart-1.2.jar:/Users/pradeepjadhav/.gradle/caches/modules-2/files-2.1/ch.qos.logback/logback-core/1.2.3/864344400c3d4d92dfeb0a305dc87d953677c03c/logback-core-1.2.3.jar:/Users/pradeepjadhav/.gradle/caches/modules-2/files-2.1/org.apache.logging.log4j/log4j-api/2.10.0/fec5797a55b786184a537abd39c3fa1449d752d6/log4j-api-2.10.0.jar:/Users/pradeepjadhav/.gradle/caches/modules-2/files-2.1/org.ow2.asm/asm/5.0.4/da08b8cce7bbf903602a25a3a163ae252435795/asm-5.0.4.jar, user.name=pradeepjadhav, java.vm.specification.version=1.8, sun.java.command=worker.org.gradle.process.internal.worker.GradleWorkerMain 'Gradle Test Executor 3', java.home=/Library/Java/JavaVirtualMachines/jdk1.8.0_181.jdk/Contents/Home/jre, sun.arch.data.model=64, user.language=en, java.specification.vendor=Oracle Corporation, awt.toolkit=sun.lwawt.macosx.LWCToolkit, java.vm.info=mixed mode, java.version=1.8.0_181, java.ext.dirs=/Users/pradeepjadhav/Library/Java/Extensions:/Library/Java/JavaVirtualMachines/jdk1.8.0_181.jdk/Contents/Home/jre/lib/ext:/Library/Java/Extensions:/Network/Library/Java/Extensions:/System/Library/Java/Extensions:/usr/lib/java, sun.boot.class.path=/Library/Java/JavaVirtualMachines/jdk1.8.0_181.jdk/Contents/Home/jre/lib/resources.jar:/Library/Java/JavaVirtualMachines/jdk1.8.0_181.jdk/Contents/Home/jre/lib/rt.jar:/Library/Java/JavaVirtualMachines/jdk1.8.0_181.jdk/Contents/Home/jre/lib/sunrsasign.jar:/Library/Java/JavaVirtualMachines/jdk1.8.0_181.jdk/Contents/Home/jre/lib/jsse.jar:/Library/Java/JavaVirtualMachines/jdk1.8.0_181.jdk/Contents/Home/jre/lib/jce.jar:/Library/Java/JavaVirtualMachines/jdk1.8.0_181.jdk/Contents/Home/jre/lib/charsets.jar:/Library/Java/JavaVirtualMachines/jdk1.8.0_181.jdk/Contents/Home/jre/lib/jfr.jar:/Library/Java/JavaVirtualMachines/jdk1.8.0_181.jdk/Contents/Home/jre/classes, java.vendor=Oracle Corporation, org.gradle.test.worker=3, file.separator=/, java.vendor.url.bug=http://bugreport.sun.com/bugreport/, sun.io.unicode.encoding=UnicodeBig, sun.cpu.endian=little, sun.cpu.isalist=}}, SystemEnvironmentPropertySource@7664197 {name='systemEnvironment', properties={PATH=/usr/local/bin:/usr/bin:/bin:/usr/sbin:/sbin:/Users/pradeepjadhav/Downloads/apache-maven-3.5.4/bin, JAVA_MAIN_CLASS_37374=worker.org.gradle.process.internal.worker.GradleWorkerMain, SHELL=/bin/bash, APP_ICON_37361=/usr/local/Cellar/gradle/4.9/libexec/media/gradle.icns, JAVA_MAIN_CLASS_37361=org.gradle.launcher.GradleMain, APP_NAME_37361=Gradle, JAVA_HOME=/Library/Java/JavaVirtualMachines/jdk1.8.0_181.jdk/Contents/Home, OLDPWD=/usr/local/Cellar/gradle/4.9/libexec, TERM=xterm-256color, USER=pradeepjadhav, TMPDIR=/var/folders/5k/4j03q2nd6hzf1q896fs6r1zc0000gn/T/, SSH_AUTH_SOCK=/private/tmp/com.apple.launchd.43uyVuQhjW/Listeners, XPC_FLAGS=0x0, M2_HOME=/Users/pradeepjadhav/Downloads/apache-maven-3.5.4, __CF_USER_TEXT_ENCODING=0x1F5:0x0:0x0, Apple_PubSub_Socket_Render=/private/tmp/com.apple.launchd.hIrzcoR8kr/Render, LOGNAME=pradeepjadhav, LC_CTYPE=en_US.UTF-8, XPC_SERVICE_NAME=0, PWD=/Users/pradeepjadhav/Downloads/MutualAuthenticationClient, HOME=/Users/pradeepjadhav, SHLVL=1}}]
11:18:57.726 [Test worker] DEBUG org.springframework.core.io.support.PathMatchingResourcePatternResolver - Resolved classpath location [com/example/MutualAuthenticationClient/] to resources [URL [file:/Users/pradeepjadhav/Downloads/MutualAuthenticationClient/build/classes/java/test/com/example/MutualAuthenticationClient/], URL [file:/Users/pradeepjadhav/Downloads/MutualAuthenticationClient/build/classes/java/main/com/example/MutualAuthenticationClient/]]
11:18:57.726 [Test worker] DEBUG org.springframework.core.io.support.PathMatchingResourcePatternResolver - Looking for matching resources in directory tree [/Users/pradeepjadhav/Downloads/MutualAuthenticationClient/build/classes/java/test/com/example/MutualAuthenticationClient]
11:18:57.726 [Test worker] DEBUG org.springframework.core.io.support.PathMatchingResourcePatternResolver - Searching directory [/Users/pradeepjadhav/Downloads/MutualAuthenticationClient/build/classes/java/test/com/example/MutualAuthenticationClient] for files matching pattern [/Users/pradeepjadhav/Downloads/MutualAuthenticationClient/build/classes/java/test/com/example/MutualAuthenticationClient/*.class]
11:18:57.729 [Test worker] DEBUG org.springframework.core.io.support.PathMatchingResourcePatternResolver - Looking for matching resources in directory tree [/Users/pradeepjadhav/Downloads/MutualAuthenticationClient/build/classes/java/main/com/example/MutualAuthenticationClient]
11:18:57.729 [Test worker] DEBUG org.springframework.core.io.support.PathMatchingResourcePatternResolver - Searching directory [/Users/pradeepjadhav/Downloads/MutualAuthenticationClient/build/classes/java/main/com/example/MutualAuthenticationClient] for files matching pattern [/Users/pradeepjadhav/Downloads/MutualAuthenticationClient/build/classes/java/main/com/example/MutualAuthenticationClient/*.class]
11:18:57.729 [Test worker] DEBUG org.springframework.core.io.support.PathMatchingResourcePatternResolver - Resolved location pattern [classpath*:com/example/MutualAuthenticationClient/*.class] to resources [file [/Users/pradeepjadhav/Downloads/MutualAuthenticationClient/build/classes/java/test/com/example/MutualAuthenticationClient/MutualAuthenticationClientApplicationTests$1.class], file [/Users/pradeepjadhav/Downloads/MutualAuthenticationClient/build/classes/java/test/com/example/MutualAuthenticationClient/MutualAuthenticationClientApplicationTests.class], file [/Users/pradeepjadhav/Downloads/MutualAuthenticationClient/build/classes/java/main/com/example/MutualAuthenticationClient/HttpClient.class], file [/Users/pradeepjadhav/Downloads/MutualAuthenticationClient/build/classes/java/main/com/example/MutualAuthenticationClient/MutualAuthenticationClientApplication$1.class], file [/Users/pradeepjadhav/Downloads/MutualAuthenticationClient/build/classes/java/main/com/example/MutualAuthenticationClient/MutualAuthenticationClientApplication.class]]
11:18:57.776 [Test worker] DEBUG org.springframework.context.annotation.ClassPathScanningCandidateComponentProvider - Identified candidate component class: file [/Users/pradeepjadhav/Downloads/MutualAuthenticationClient/build/classes/java/main/com/example/MutualAuthenticationClient/MutualAuthenticationClientApplication.class]
11:18:57.778 [Test worker] INFO org.springframework.boot.test.context.SpringBootTestContextBootstrapper - Found @SpringBootConfiguration com.example.MutualAuthenticationClient.MutualAuthenticationClientApplication for test class com.example.MutualAuthenticationClient.MutualAuthenticationClientApplicationTests
11:18:57.896 [Test worker] DEBUG org.springframework.boot.test.context.SpringBootTestContextBootstrapper - @TestExecutionListeners is not present for class [com.example.MutualAuthenticationClient.MutualAuthenticationClientApplicationTests]: using defaults.
11:18:57.897 [Test worker] INFO org.springframework.boot.test.context.SpringBootTestContextBootstrapper - Loaded default TestExecutionListener class names from location [META-INF/spring.factories]: [org.springframework.security.test.context.support.WithSecurityContextTestExecutionListener, org.springframework.security.test.context.support.ReactorContextTestExecutionListener, org.springframework.boot.test.autoconfigure.restdocs.RestDocsTestExecutionListener, org.springframework.boot.test.autoconfigure.web.client.MockRestServiceServerResetTestExecutionListener, org.springframework.boot.test.autoconfigure.web.servlet.MockMvcPrintOnlyOnFailureTestExecutionListener, org.springframework.boot.test.autoconfigure.web.servlet.WebDriverTestExecutionListener, org.springframework.boot.test.mock.mockito.MockitoTestExecutionListener, org.springframework.boot.test.mock.mockito.ResetMocksTestExecutionListener, org.springframework.test.context.web.ServletTestExecutionListener, org.springframework.test.context.support.DirtiesContextBeforeModesTestExecutionListener, org.springframework.test.context.support.DependencyInjectionTestExecutionListener, org.springframework.test.context.support.DirtiesContextTestExecutionListener, org.springframework.test.context.transaction.TransactionalTestExecutionListener, org.springframework.test.context.jdbc.SqlScriptsTestExecutionListener]
11:18:57.911 [Test worker] DEBUG org.springframework.boot.test.context.SpringBootTestContextBootstrapper - Skipping candidate TestExecutionListener [org.springframework.test.context.transaction.TransactionalTestExecutionListener] due to a missing dependency. Specify custom listener classes or make the default listener classes and their required dependencies available. Offending class: [org/springframework/transaction/interceptor/TransactionAttributeSource]
11:18:57.911 [Test worker] DEBUG org.springframework.boot.test.context.SpringBootTestContextBootstrapper - Skipping candidate TestExecutionListener [org.springframework.test.context.jdbc.SqlScriptsTestExecutionListener] due to a missing dependency. Specify custom listener classes or make the default listener classes and their required dependencies available. Offending class: [org/springframework/transaction/interceptor/TransactionAttribute]
11:18:57.912 [Test worker] INFO org.springframework.boot.test.context.SpringBootTestContextBootstrapper - Using TestExecutionListeners: [org.springframework.test.context.web.ServletTestExecutionListener@24d39b5e, org.springframework.test.context.support.DirtiesContextBeforeModesTestExecutionListener@c9b23ae, org.springframework.boot.test.mock.mockito.MockitoTestExecutionListener@4d776a4, org.springframework.boot.test.autoconfigure.SpringBootDependencyInjectionTestExecutionListener@3fa91935, org.springframework.test.context.support.DirtiesContextTestExecutionListener@7987cf5, org.springframework.security.test.context.support.WithSecurityContextTestExecutionListener@524ba9fb, org.springframework.security.test.context.support.ReactorContextTestExecutionListener@6d969740, org.springframework.boot.test.autoconfigure.restdocs.RestDocsTestExecutionListener@1a815b76, org.springframework.boot.test.autoconfigure.web.client.MockRestServiceServerResetTestExecutionListener@5e3ae307, org.springframework.boot.test.autoconfigure.web.servlet.MockMvcPrintOnlyOnFailureTestExecutionListener@51319d4a, org.springframework.boot.test.autoconfigure.web.servlet.WebDriverTestExecutionListener@8442cbb, org.springframework.boot.test.mock.mockito.ResetMocksTestExecutionListener@188e9c2e]
11:18:57.915 [Test worker] DEBUG org.springframework.test.annotation.ProfileValueUtils - Retrieved @ProfileValueSourceConfiguration [null] for test class [com.example.MutualAuthenticationClient.MutualAuthenticationClientApplicationTests]
11:18:57.915 [Test worker] DEBUG org.springframework.test.annotation.ProfileValueUtils - Retrieved ProfileValueSource type [class org.springframework.test.annotation.SystemProfileValueSource] for class [com.example.MutualAuthenticationClient.MutualAuthenticationClientApplicationTests]
11:18:57.916 [Test worker] DEBUG org.springframework.test.annotation.ProfileValueUtils - Retrieved @ProfileValueSourceConfiguration [null] for test class [com.example.MutualAuthenticationClient.MutualAuthenticationClientApplicationTests]
11:18:57.916 [Test worker] DEBUG org.springframework.test.annotation.ProfileValueUtils - Retrieved ProfileValueSource type [class org.springframework.test.annotation.SystemProfileValueSource] for class [com.example.MutualAuthenticationClient.MutualAuthenticationClientApplicationTests]
11:18:57.929 [Test worker] DEBUG org.springframework.test.context.support.AbstractDirtiesContextTestExecutionListener - Before test class: context [DefaultTestContext@24b4354 testClass = MutualAuthenticationClientApplicationTests, testInstance = [null], testMethod = [null], testException = [null], mergedContextConfiguration = [WebMergedContextConfiguration@20a3c8a3 testClass = MutualAuthenticationClientApplicationTests, locations = '{}', classes = '{class com.example.MutualAuthenticationClient.MutualAuthenticationClientApplication}', contextInitializerClasses = '[]', activeProfiles = '{}', propertySourceLocations = '{}', propertySourceProperties = '{org.springframework.boot.test.context.SpringBootTestContextBootstrapper=true}', contextCustomizers = set[org.springframework.boot.test.autoconfigure.properties.PropertyMappingContextCustomizer@0, org.springframework.boot.test.autoconfigure.web.servlet.WebDriverContextCustomizerFactory$Customizer@14a5e887, org.springframework.boot.test.context.filter.ExcludeFilterContextCustomizer@50aa364c, org.springframework.boot.test.json.DuplicateJsonObjectContextCustomizerFactory$DuplicateJsonObjectContextCustomizer@19fbef70, org.springframework.boot.test.mock.mockito.MockitoContextCustomizer@0, org.springframework.boot.test.web.client.TestRestTemplateContextCustomizer@5df6fe3e], resourceBasePath = 'src/main/webapp', contextLoader = 'org.springframework.boot.test.context.SpringBootContextLoader', parent = [null]], attributes = map['org.springframework.test.context.web.ServletTestExecutionListener.activateListener' -> true]], class annotated with @DirtiesContext [false] with mode [null].
11:18:57.930 [Test worker] DEBUG org.springframework.test.annotation.ProfileValueUtils - Retrieved @ProfileValueSourceConfiguration [null] for test class [com.example.MutualAuthenticationClient.MutualAuthenticationClientApplicationTests]
11:18:57.930 [Test worker] DEBUG org.springframework.test.annotation.ProfileValueUtils - Retrieved ProfileValueSource type [class org.springframework.test.annotation.SystemProfileValueSource] for class [com.example.MutualAuthenticationClient.MutualAuthenticationClientApplicationTests]
11:18:57.950 [Test worker] DEBUG org.springframework.core.env.StandardEnvironment - Adding PropertySource 'systemProperties' with lowest search precedence
11:18:57.950 [Test worker] DEBUG org.springframework.core.env.StandardEnvironment - Adding PropertySource 'systemEnvironment' with lowest search precedence
11:18:57.951 [Test worker] DEBUG org.springframework.core.env.StandardEnvironment - Initialized StandardEnvironment with PropertySources [MapPropertySource@1433573809 {name='systemProperties', properties={java.runtime.name=Java(TM) SE Runtime Environment, sun.boot.library.path=/Library/Java/JavaVirtualMachines/jdk1.8.0_181.jdk/Contents/Home/jre/lib, java.vm.version=25.181-b13, gopherProxySet=false, java.vm.vendor=Oracle Corporation, java.vendor.url=http://java.oracle.com/, path.separator=:, java.vm.name=Java HotSpot(TM) 64-Bit Server VM, file.encoding.pkg=sun.io, sun.java.launcher=SUN_STANDARD, user.country=US, sun.os.patch.level=unknown, java.vm.specification.name=Java Virtual Machine Specification, user.dir=/Users/pradeepjadhav/Downloads/MutualAuthenticationClient, java.runtime.version=1.8.0_181-b13, java.awt.graphicsenv=sun.awt.CGraphicsEnvironment, java.endorsed.dirs=/Library/Java/JavaVirtualMachines/jdk1.8.0_181.jdk/Contents/Home/jre/lib/endorsed, os.arch=x86_64, java.io.tmpdir=/var/folders/5k/4j03q2nd6hzf1q896fs6r1zc0000gn/T/, line.separator=
, java.vm.specification.vendor=Oracle Corporation, user.variant=, javax.net.ssl.keyStore=config/MyClient.jks, os.name=Mac OS X, https.protocols=TLSv1.2, javax.net.ssl.keyStorePassword=password, sun.jnu.encoding=UTF-8, jdk.tls.client.protocols=TLSv1.2, java.library.path=/Users/pradeepjadhav/Library/Java/Extensions:/Library/Java/Extensions:/Network/Library/Java/Extensions:/System/Library/Java/Extensions:/usr/lib/java:., javax.net.ssl.trustStore=config/MyClient.jks, java.specification.name=Java Platform API Specification, java.class.version=52.0, org.gradle.native=false, sun.management.compiler=HotSpot 64-Bit Tiered Compilers, os.version=10.13.6, user.home=/Users/pradeepjadhav, user.timezone=America/New_York, java.awt.printerjob=sun.lwawt.macosx.CPrinterJob, file.encoding=UTF-8, java.specification.version=1.8, java.class.path=/Users/pradeepjadhav/Downloads/MutualAuthenticationClient/build/classes/java/test:/Users/pradeepjadhav/Downloads/MutualAuthenticationClient/build/resources/test:/Users/pradeepjadhav/Downloads/MutualAuthenticationClient/build/classes/java/main:/Users/pradeepjadhav/Downloads/MutualAuthenticationClient/build/resources/main:/Users/pradeepjadhav/.gradle/caches/modules-2/files-2.1/org.springframework.boot/spring-boot-starter-actuator/2.0.4.RELEASE/24e901473279d9c18e0a0f8037d58b18c8297dca/spring-boot-starter-actuator-2.0.4.RELEASE.jar:/Users/pradeepjadhav/.gradle/caches/modules-2/files-2.1/org.springframework.boot/spring-boot-starter-security/2.0.4.RELEASE/2ac314e5985fd9ae0d2acaea450f4f6c3dbd7f92/spring-boot-starter-security-2.0.4.RELEASE.jar:/Users/pradeepjadhav/.gradle/caches/modules-2/files-2.1/org.springframework.boot/spring-boot-starter-web/2.0.4.RELEASE/98d49e981ecf804da877d84259b7b0d1ec2fb6f6/spring-boot-starter-web-2.0.4.RELEASE.jar:/Users/pradeepjadhav/.gradle/caches/modules-2/files-2.1/org.springframework.boot/spring-boot-devtools/2.0.4.RELEASE/f889fe31cfb4ddfa61e2b4637f9c2743bc0918dd/spring-boot-devtools-2.0.4.RELEASE.jar:/Users/pradeepjadhav/.gradle/caches/modules-2/files-2.1/org.springframework.boot/spring-boot-starter-test/2.0.4.RELEASE/8f473705d2742b669f0318f10a956f94a93ba3d2/spring-boot-starter-test-2.0.4.RELEASE.jar:/Users/pradeepjadhav/.gradle/caches/modules-2/files-2.1/org.springframework.security/spring-security-test/5.0.7.RELEASE/a74c9ab10d53baa3bb7a731753fe0c6d9ab9d848/spring-security-test-5.0.7.RELEASE.jar:/Users/pradeepjadhav/.gradle/caches/modules-2/files-2.1/org.springframework.boot/spring-boot-starter-json/2.0.4.RELEASE/c7afabf0d7c85db178da4ce0634e3bd2ddb0eb71/spring-boot-starter-json-2.0.4.RELEASE.jar:/Users/pradeepjadhav/.gradle/caches/modules-2/files-2.1/org.springframework.boot/spring-boot-starter/2.0.4.RELEASE/ec46c63a2adeee40058eff1a6baefca13975dc94/spring-boot-starter-2.0.4.RELEASE.jar:/Users/pradeepjadhav/.gradle/caches/modules-2/files-2.1/org.springframework.boot/spring-boot-actuator-autoconfigure/2.0.4.RELEASE/2cadc1d20a1f9ee667a608cfee154138e954f5f2/spring-boot-actuator-autoconfigure-2.0.4.RELEASE.jar:/Users/pradeepjadhav/.gradle/caches/modules-2/files-2.1/io.micrometer/micrometer-core/1.0.6/50299bc8a34c251d62311bbb1a297f3942a82e42/micrometer-core-1.0.6.jar:/Users/pradeepjadhav/.gradle/caches/modules-2/files-2.1/org.springframework.security/spring-security-config/5.0.7.RELEASE/d702e01048687db4ec6c97fb32d28ffbe348b3e/spring-security-config-5.0.7.RELEASE.jar:/Users/pradeepjadhav/.gradle/caches/modules-2/files-2.1/org.springframework.security/spring-security-web/5.0.7.RELEASE/bab3ed579d4550bb5cc40b0a7fddd0106db7c66/spring-security-web-5.0.7.RELEASE.jar:/Users/pradeepjadhav/.gradle/caches/modules-2/files-2.1/org.springframework/spring-webmvc/5.0.8.RELEASE/7e5fe57590ca8e4468e50fe1d92b0b67aa4a327a/spring-webmvc-5.0.8.RELEASE.jar:/Users/pradeepjadhav/.gradle/caches/modules-2/files-2.1/org.springframework.security/spring-security-core/5.0.7.RELEASE/40a0c57af6b4c3f8c611216d2579c6ab19672694/spring-security-core-5.0.7.RELEASE.jar:/Users/pradeepjadhav/.gradle/caches/modules-2/files-2.1/org.springframework.boot/spring-boot-test-autoconfigure/2.0.4.RELEASE/8a2e3f31e607fdb08deda2f59263ce177f1c4310/spring-boot-test-autoconfigure-2.0.4.RELEASE.jar:/Users/pradeepjadhav/.gradle/caches/modules-2/files-2.1/org.springframework.boot/spring-boot-autoconfigure/2.0.4.RELEASE/65cd1244d606acc02ab7bfc47a203a3fe2400dda/spring-boot-autoconfigure-2.0.4.RELEASE.jar:/Users/pradeepjadhav/.gradle/caches/modules-2/files-2.1/org.springframework.boot/spring-boot-test/2.0.4.RELEASE/8a17fc3cf16b6d75f2ba132ade04409a670095de/spring-boot-test-2.0.4.RELEASE.jar:/Users/pradeepjadhav/.gradle/caches/modules-2/files-2.1/org.springframework.boot/spring-boot-actuator/2.0.4.RELEASE/9c02c968eb50a7cdc14fc4c7b586d767df6dc48d/spring-boot-actuator-2.0.4.RELEASE.jar:/Users/pradeepjadhav/.gradle/caches/modules-2/files-2.1/org.springframework.boot/spring-boot/2.0.4.RELEASE/c8619c5b06d4dcdb4cac1e5e9c839e6e8b1c8574/spring-boot-2.0.4.RELEASE.jar:/Users/pradeepjadhav/.gradle/caches/modules-2/files-2.1/org.springframework/spring-context/5.0.8.RELEASE/3a067d8990761111c9b6d1d895640be26cc1fb38/spring-context-5.0.8.RELEASE.jar:/Users/pradeepjadhav/.gradle/caches/modules-2/files-2.1/org.springframework/spring-aop/5.0.8.RELEASE/f5086c1a3185c481104511837427b39a07a57aa2/spring-aop-5.0.8.RELEASE.jar:/Users/pradeepjadhav/.gradle/caches/modules-2/files-2.1/org.springframework.boot/spring-boot-starter-tomcat/2.0.4.RELEASE/dcf28989a34b0801fea0e810c371fb9dab1e7784/spring-boot-starter-tomcat-2.0.4.RELEASE.jar:/Users/pradeepjadhav/.gradle/caches/modules-2/files-2.1/org.hibernate.validator/hibernate-validator/6.0.11.Final/36f9d10a11e4768f55e8fb91ebe4338a5c43954e/hibernate-validator-6.0.11.Final.jar:/Users/pradeepjadhav/.gradle/caches/modules-2/files-2.1/org.springframework/spring-web/5.0.8.RELEASE/fa43cdadb4ab2491fd1d0ddb06c0808e4b60fc85/spring-web-5.0.8.RELEASE.jar:/Users/pradeepjadhav/.gradle/caches/modules-2/files-2.1/com.jayway.jsonpath/json-path/2.4.0/765a4401ceb2dc8d40553c2075eb80a8fa35c2ae/json-path-2.4.0.jar:/Users/pradeepjadhav/.gradle/caches/modules-2/files-2.1/junit/junit/4.12/2973d150c0dc1fefe998f834810d68f278ea58ec/junit-4.12.jar:/Users/pradeepjadhav/.gradle/caches/modules-2/files-2.1/org.assertj/assertj-core/3.9.1/c5ce126b15f28d56cd8f960c1a6a058b9c9aea87/assertj-core-3.9.1.jar:/Users/pradeepjadhav/.gradle/caches/modules-2/files-2.1/org.mockito/mockito-core/2.15.0/b84bfbbc29cd22c9529409627af6ea2897f4fa85/mockito-core-2.15.0.jar:/Users/pradeepjadhav/.gradle/caches/modules-2/files-2.1/org.hamcrest/hamcrest-library/1.3/4785a3c21320980282f9f33d0d1264a69040538f/hamcrest-library-1.3.jar:/Users/pradeepjadhav/.gradle/caches/modules-2/files-2.1/org.hamcrest/hamcrest-core/1.3/42a25dc3219429f0e5d060061f71acb49bf010a0/hamcrest-core-1.3.jar:/Users/pradeepjadhav/.gradle/caches/modules-2/files-2.1/org.skyscreamer/jsonassert/1.5.0/6c9d5fe2f59da598d9aefc1cfc6528ff3cf32df3/jsonassert-1.5.0.jar:/Users/pradeepjadhav/.gradle/caches/modules-2/files-2.1/org.springframework/spring-test/5.0.8.RELEASE/5782619373bd7e7b7d9106203c317b04bb613ebb/spring-test-5.0.8.RELEASE.jar:/Users/pradeepjadhav/.gradle/caches/modules-2/files-2.1/org.springframework/spring-beans/5.0.8.RELEASE/5fc965d3e7f5515099244857a8ae9e2a208c169b/spring-beans-5.0.8.RELEASE.jar:/Users/pradeepjadhav/.gradle/caches/modules-2/files-2.1/org.springframework/spring-expression/5.0.8.RELEASE/f23158f22c917df2cddf2ecebc398a9e95f95fae/spring-expression-5.0.8.RELEASE.jar:/Users/pradeepjadhav/.gradle/caches/modules-2/files-2.1/org.springframework/spring-core/5.0.8.RELEASE/dc39c49e3246cdf73d3786ac41119140aed3fa08/spring-core-5.0.8.RELEASE.jar:/Users/pradeepjadhav/.gradle/caches/modules-2/files-2.1/org.xmlunit/xmlunit-core/2.5.1/4ffdb346572a7356f7521cd3119ce5287d2e339d/xmlunit-core-2.5.1.jar:/Users/pradeepjadhav/.gradle/caches/modules-2/files-2.1/org.springframework.boot/spring-boot-starter-logging/2.0.4.RELEASE/dcd1a2c431c970f44adae64d9145133979a513ab/spring-boot-starter-logging-2.0.4.RELEASE.jar:/Users/pradeepjadhav/.gradle/caches/modules-2/files-2.1/javax.annotation/javax.annotation-api/1.3.2/934c04d3cfef185a8008e7bf34331b79730a9d43/javax.annotation-api-1.3.2.jar:/Users/pradeepjadhav/.gradle/caches/modules-2/files-2.1/org.yaml/snakeyaml/1.19/2d998d3d674b172a588e54ab619854d073f555b5/snakeyaml-1.19.jar:/Users/pradeepjadhav/.gradle/caches/modules-2/files-2.1/com.fasterxml.jackson.datatype/jackson-datatype-jsr310/2.9.6/ea54f6193d224e5e5732bbd4262327eb465397c2/jackson-datatype-jsr310-2.9.6.jar:/Users/pradeepjadhav/.gradle/caches/modules-2/files-2.1/com.fasterxml.jackson.datatype/jackson-datatype-jdk8/2.9.6/456895fc91bf7180b216fead220373e6278230c9/jackson-datatype-jdk8-2.9.6.jar:/Users/pradeepjadhav/.gradle/caches/modules-2/files-2.1/com.fasterxml.jackson.module/jackson-module-parameter-names/2.9.6/129acd77a4b6ee30d62d3a0899b1344c8ec2bff8/jackson-module-parameter-names-2.9.6.jar:/Users/pradeepjadhav/.gradle/caches/modules-2/files-2.1/com.fasterxml.jackson.core/jackson-databind/2.9.6/cfa4f316351a91bfd95cb0644c6a2c95f52db1fc/jackson-databind-2.9.6.jar:/Users/pradeepjadhav/.gradle/caches/modules-2/files-2.1/org.hdrhistogram/HdrHistogram/2.1.10/9e1ac84eed220281841b75e72fb9de5a297fbf04/HdrHistogram-2.1.10.jar:/Users/pradeepjadhav/.gradle/caches/modules-2/files-2.1/org.latencyutils/LatencyUtils/2.0.3/769c0b82cb2421c8256300e907298a9410a2a3d3/LatencyUtils-2.0.3.jar:/Users/pradeepjadhav/.gradle/caches/modules-2/files-2.1/org.apache.tomcat.embed/tomcat-embed-websocket/8.5.32/ea5302e378f1449d4e5dda79e8d810c1e7931f91/tomcat-embed-websocket-8.5.32.jar:/Users/pradeepjadhav/.gradle/caches/modules-2/files-2.1/org.apache.tomcat.embed/tomcat-embed-core/8.5.32/6bc6896200146010cc4666bdc6b9b0cbb453ee22/tomcat-embed-core-8.5.32.jar:/Users/pradeepjadhav/.gradle/caches/modules-2/files-2.1/org.apache.tomcat.embed/tomcat-embed-el/8.5.32/e4fd0ee015d83fa1c5ec93ff1d05bdaf9a4480c5/tomcat-embed-el-8.5.32.jar:/Users/pradeepjadhav/.gradle/caches/modules-2/files-2.1/javax.validation/validation-api/2.0.1.Final/cb855558e6271b1b32e716d24cb85c7f583ce09e/validation-api-2.0.1.Final.jar:/Users/pradeepjadhav/.gradle/caches/modules-2/files-2.1/org.jboss.logging/jboss-logging/3.3.2.Final/3789d00e859632e6c6206adc0c71625559e6e3b0/jboss-logging-3.3.2.Final.jar:/Users/pradeepjadhav/.gradle/caches/modules-2/files-2.1/com.fasterxml/classmate/1.3.4/3d5f48f10bbe4eb7bd862f10c0583be2e0053c6/classmate-1.3.4.jar:/Users/pradeepjadhav/.gradle/caches/modules-2/files-2.1/net.minidev/json-smart/2.3/7396407491352ce4fa30de92efb158adb76b5b/json-smart-2.3.jar:/Users/pradeepjadhav/.gradle/caches/modules-2/files-2.1/ch.qos.logback/logback-classic/1.2.3/7c4f3c474fb2c041d8028740440937705ebb473a/logback-classic-1.2.3.jar:/Users/pradeepjadhav/.gradle/caches/modules-2/files-2.1/org.apache.logging.log4j/log4j-to-slf4j/2.10.0/f7e631ccf49cfc0aefa4a2a728da7d374c05bd3c/log4j-to-slf4j-2.10.0.jar:/Users/pradeepjadhav/.gradle/caches/modules-2/files-2.1/org.slf4j/jul-to-slf4j/1.7.25/af5364cd6679bfffb114f0dec8a157aaa283b76/jul-to-slf4j-1.7.25.jar:/Users/pradeepjadhav/.gradle/caches/modules-2/files-2.1/org.slf4j/slf4j-api/1.7.25/da76ca59f6a57ee3102f8f9bd9cee742973efa8a/slf4j-api-1.7.25.jar:/Users/pradeepjadhav/.gradle/caches/modules-2/files-2.1/net.bytebuddy/byte-buddy/1.7.11/f02857a4e2c66ccbe7aaad6100a0a6c461bce9b3/byte-buddy-1.7.11.jar:/Users/pradeepjadhav/.gradle/caches/modules-2/files-2.1/net.bytebuddy/byte-buddy-agent/1.7.11/b425a8933ca07edd03c6dbc8bc3b595fba9780de/byte-buddy-agent-1.7.11.jar:/Users/pradeepjadhav/.gradle/caches/modules-2/files-2.1/org.objenesis/objenesis/2.6/639033469776fd37c08358c6b92a4761feb2af4b/objenesis-2.6.jar:/Users/pradeepjadhav/.gradle/caches/modules-2/files-2.1/com.vaadin.external.google/android-json/0.0.20131108.vaadin1/fa26d351fe62a6a17f5cda1287c1c6110dec413f/android-json-0.0.20131108.vaadin1.jar:/Users/pradeepjadhav/.gradle/caches/modules-2/files-2.1/org.springframework/spring-jcl/5.0.8.RELEASE/a1fa8fb560fb252321776e16bc9ac8201af4ef5e/spring-jcl-5.0.8.RELEASE.jar:/Users/pradeepjadhav/.gradle/caches/modules-2/files-2.1/com.fasterxml.jackson.core/jackson-annotations/2.9.0/7c10d545325e3a6e72e06381afe469fd40eb701/jackson-annotations-2.9.0.jar:/Users/pradeepjadhav/.gradle/caches/modules-2/files-2.1/com.fasterxml.jackson.core/jackson-core/2.9.6/4e393793c37c77e042ccc7be5a914ae39251b365/jackson-core-2.9.6.jar:/Users/pradeepjadhav/.gradle/caches/modules-2/files-2.1/net.minidev/accessors-smart/1.2/c592b500269bfde36096641b01238a8350f8aa31/accessors-smart-1.2.jar:/Users/pradeepjadhav/.gradle/caches/modules-2/files-2.1/ch.qos.logback/logback-core/1.2.3/864344400c3d4d92dfeb0a305dc87d953677c03c/logback-core-1.2.3.jar:/Users/pradeepjadhav/.gradle/caches/modules-2/files-2.1/org.apache.logging.log4j/log4j-api/2.10.0/fec5797a55b786184a537abd39c3fa1449d752d6/log4j-api-2.10.0.jar:/Users/pradeepjadhav/.gradle/caches/modules-2/files-2.1/org.ow2.asm/asm/5.0.4/da08b8cce7bbf903602a25a3a163ae252435795/asm-5.0.4.jar, user.name=pradeepjadhav, java.vm.specification.version=1.8, sun.java.command=worker.org.gradle.process.internal.worker.GradleWorkerMain 'Gradle Test Executor 3', java.home=/Library/Java/JavaVirtualMachines/jdk1.8.0_181.jdk/Contents/Home/jre, sun.arch.data.model=64, user.language=en, java.specification.vendor=Oracle Corporation, awt.toolkit=sun.lwawt.macosx.LWCToolkit, java.vm.info=mixed mode, javax.net.debug=all, java.version=1.8.0_181, java.ext.dirs=/Users/pradeepjadhav/Library/Java/Extensions:/Library/Java/JavaVirtualMachines/jdk1.8.0_181.jdk/Contents/Home/jre/lib/ext:/Library/Java/Extensions:/Network/Library/Java/Extensions:/System/Library/Java/Extensions:/usr/lib/java, sun.boot.class.path=/Library/Java/JavaVirtualMachines/jdk1.8.0_181.jdk/Contents/Home/jre/lib/resources.jar:/Library/Java/JavaVirtualMachines/jdk1.8.0_181.jdk/Contents/Home/jre/lib/rt.jar:/Library/Java/JavaVirtualMachines/jdk1.8.0_181.jdk/Contents/Home/jre/lib/sunrsasign.jar:/Library/Java/JavaVirtualMachines/jdk1.8.0_181.jdk/Contents/Home/jre/lib/jsse.jar:/Library/Java/JavaVirtualMachines/jdk1.8.0_181.jdk/Contents/Home/jre/lib/jce.jar:/Library/Java/JavaVirtualMachines/jdk1.8.0_181.jdk/Contents/Home/jre/lib/charsets.jar:/Library/Java/JavaVirtualMachines/jdk1.8.0_181.jdk/Contents/Home/jre/lib/jfr.jar:/Library/Java/JavaVirtualMachines/jdk1.8.0_181.jdk/Contents/Home/jre/classes, java.vendor=Oracle Corporation, org.gradle.test.worker=3, file.separator=/, java.vendor.url.bug=http://bugreport.sun.com/bugreport/, sun.io.unicode.encoding=UnicodeBig, sun.cpu.endian=little, javax.net.ssl.trustStorePassword=password, sun.cpu.isalist=}}, SystemEnvironmentPropertySource@1359541492 {name='systemEnvironment', properties={PATH=/usr/local/bin:/usr/bin:/bin:/usr/sbin:/sbin:/Users/pradeepjadhav/Downloads/apache-maven-3.5.4/bin, JAVA_MAIN_CLASS_37374=worker.org.gradle.process.internal.worker.GradleWorkerMain, SHELL=/bin/bash, APP_ICON_37361=/usr/local/Cellar/gradle/4.9/libexec/media/gradle.icns, JAVA_MAIN_CLASS_37361=org.gradle.launcher.GradleMain, APP_NAME_37361=Gradle, JAVA_HOME=/Library/Java/JavaVirtualMachines/jdk1.8.0_181.jdk/Contents/Home, OLDPWD=/usr/local/Cellar/gradle/4.9/libexec, TERM=xterm-256color, USER=pradeepjadhav, TMPDIR=/var/folders/5k/4j03q2nd6hzf1q896fs6r1zc0000gn/T/, SSH_AUTH_SOCK=/private/tmp/com.apple.launchd.43uyVuQhjW/Listeners, XPC_FLAGS=0x0, M2_HOME=/Users/pradeepjadhav/Downloads/apache-maven-3.5.4, __CF_USER_TEXT_ENCODING=0x1F5:0x0:0x0, Apple_PubSub_Socket_Render=/private/tmp/com.apple.launchd.hIrzcoR8kr/Render, LOGNAME=pradeepjadhav, LC_CTYPE=en_US.UTF-8, XPC_SERVICE_NAME=0, PWD=/Users/pradeepjadhav/Downloads/MutualAuthenticationClient, HOME=/Users/pradeepjadhav, SHLVL=1}}]
11:18:57.953 [Test worker] DEBUG org.springframework.test.context.support.TestPropertySourceUtils - Adding inlined properties to environment: {spring.jmx.enabled=false, org.springframework.boot.test.context.SpringBootTestContextBootstrapper=true, server.port=-1}
11:18:57.953 [Test worker] DEBUG org.springframework.core.env.StandardEnvironment - Adding PropertySource 'Inlined Test Properties' with highest search precedence

  .   ____          _            __ _ _
 /\\ / ___'_ __ _ _(_)_ __  __ _ \ \ \ \
( ( )\___ | '_ | '_| | '_ \/ _` | \ \ \ \
 \\/  ___)| |_)| | | | | || (_| |  ) ) ) )
  '  |____| .__|_| |_|_| |_\__, | / / / /
 =========|_|==============|___/=/_/_/_/
 :: Spring Boot ::        (v2.0.4.RELEASE)

2018-08-23 11:18:58.321  INFO 37374 --- [    Test worker] tualAuthenticationClientApplicationTests : Starting MutualAuthenticationClientApplicationTests on Pradeeps-MacBook-Pro-2.local with PID 37374 (started by pradeepjadhav in /Users/pradeepjadhav/Downloads/MutualAuthenticationClient)
2018-08-23 11:18:58.322  INFO 37374 --- [    Test worker] tualAuthenticationClientApplicationTests : No active profile set, falling back to default profiles: default
2018-08-23 11:18:58.397  INFO 37374 --- [    Test worker] o.s.w.c.s.GenericWebApplicationContext   : Refreshing org.springframework.web.context.support.GenericWebApplicationContext@6176a759: startup date [Thu Aug 23 11:18:58 EDT 2018]; root of context hierarchy
2018-08-23 11:19:00.143  INFO 37374 --- [    Test worker] o.s.w.s.handler.SimpleUrlHandlerMapping  : Mapped URL path [/**/favicon.ico] onto handler of type [class org.springframework.web.servlet.resource.ResourceHttpRequestHandler]
2018-08-23 11:19:00.337  INFO 37374 --- [    Test worker] s.w.s.m.m.a.RequestMappingHandlerAdapter : Looking for @ControllerAdvice: org.springframework.web.context.support.GenericWebApplicationContext@6176a759: startup date [Thu Aug 23 11:18:58 EDT 2018]; root of context hierarchy
2018-08-23 11:19:00.422  INFO 37374 --- [    Test worker] s.w.s.m.m.a.RequestMappingHandlerMapping : Mapped "{[/error]}" onto public org.springframework.http.ResponseEntity<java.util.Map<java.lang.String, java.lang.Object>> org.springframework.boot.autoconfigure.web.servlet.error.BasicErrorController.error(javax.servlet.http.HttpServletRequest)
2018-08-23 11:19:00.424  INFO 37374 --- [    Test worker] s.w.s.m.m.a.RequestMappingHandlerMapping : Mapped "{[/error],produces=[text/html]}" onto public org.springframework.web.servlet.ModelAndView org.springframework.boot.autoconfigure.web.servlet.error.BasicErrorController.errorHtml(javax.servlet.http.HttpServletRequest,javax.servlet.http.HttpServletResponse)
2018-08-23 11:19:00.454  INFO 37374 --- [    Test worker] o.s.w.s.handler.SimpleUrlHandlerMapping  : Mapped URL path [/webjars/**] onto handler of type [class org.springframework.web.servlet.resource.ResourceHttpRequestHandler]
2018-08-23 11:19:00.454  INFO 37374 --- [    Test worker] o.s.w.s.handler.SimpleUrlHandlerMapping  : Mapped URL path [/**] onto handler of type [class org.springframework.web.servlet.resource.ResourceHttpRequestHandler]
2018-08-23 11:19:01.426  INFO 37374 --- [    Test worker] .s.s.UserDetailsServiceAutoConfiguration : 

Using generated security password: bfa6ee57-4b21-49e5-baa7-c0fd5d5f78c4

2018-08-23 11:19:01.599  INFO 37374 --- [    Test worker] o.s.s.web.DefaultSecurityFilterChain     : Creating filter chain: org.springframework.security.web.util.matcher.AnyRequestMatcher@1, [org.springframework.security.web.context.request.async.WebAsyncManagerIntegrationFilter@1ffb5e61, org.springframework.security.web.context.SecurityContextPersistenceFilter@6b441d98, org.springframework.security.web.header.HeaderWriterFilter@53d142c8, org.springframework.security.web.csrf.CsrfFilter@3a97b6ec, org.springframework.security.web.authentication.logout.LogoutFilter@6035601d, org.springframework.security.web.authentication.UsernamePasswordAuthenticationFilter@39069dce, org.springframework.security.web.authentication.ui.DefaultLoginPageGeneratingFilter@6859db4, org.springframework.security.web.authentication.www.BasicAuthenticationFilter@c1c048b, org.springframework.security.web.savedrequest.RequestCacheAwareFilter@677b871a, org.springframework.security.web.servletapi.SecurityContextHolderAwareRequestFilter@bfae3a, org.springframework.security.web.authentication.AnonymousAuthenticationFilter@304ea3e5, org.springframework.security.web.session.SessionManagementFilter@79b82f25, org.springframework.security.web.access.ExceptionTranslationFilter@3c7c31a, org.springframework.security.web.access.intercept.FilterSecurityInterceptor@3f267a31]
2018-08-23 11:19:01.661  INFO 37374 --- [    Test worker] o.s.b.a.e.web.EndpointLinksResolver      : Exposing 2 endpoint(s) beneath base path '/actuator'
2018-08-23 11:19:01.684  INFO 37374 --- [    Test worker] s.b.a.e.w.s.WebMvcEndpointHandlerMapping : Mapped "{[/actuator/health],methods=[GET],produces=[application/vnd.spring-boot.actuator.v2+json || application/json]}" onto public java.lang.Object org.springframework.boot.actuate.endpoint.web.servlet.AbstractWebMvcEndpointHandlerMapping$OperationHandler.handle(javax.servlet.http.HttpServletRequest,java.util.Map<java.lang.String, java.lang.String>)
2018-08-23 11:19:01.686  INFO 37374 --- [    Test worker] s.b.a.e.w.s.WebMvcEndpointHandlerMapping : Mapped "{[/actuator/info],methods=[GET],produces=[application/vnd.spring-boot.actuator.v2+json || application/json]}" onto public java.lang.Object org.springframework.boot.actuate.endpoint.web.servlet.AbstractWebMvcEndpointHandlerMapping$OperationHandler.handle(javax.servlet.http.HttpServletRequest,java.util.Map<java.lang.String, java.lang.String>)
2018-08-23 11:19:01.688  INFO 37374 --- [    Test worker] s.b.a.e.w.s.WebMvcEndpointHandlerMapping : Mapped "{[/actuator],methods=[GET],produces=[application/vnd.spring-boot.actuator.v2+json || application/json]}" onto protected java.util.Map<java.lang.String, java.util.Map<java.lang.String, org.springframework.boot.actuate.endpoint.web.Link>> org.springframework.boot.actuate.endpoint.web.servlet.WebMvcEndpointHandlerMapping.links(javax.servlet.http.HttpServletRequest,javax.servlet.http.HttpServletResponse)
2018-08-23 11:19:01.766  INFO 37374 --- [    Test worker] tualAuthenticationClientApplicationTests : Started MutualAuthenticationClientApplicationTests in 3.804 seconds (JVM running for 4.787)
Started executing client..Ignoring disabled cipher suite: SSL_DHE_DSS_EXPORT_WITH_DES40_CBC_SHA
Ignoring disabled cipher suite: SSL_DH_anon_EXPORT_WITH_RC4_40_MD5
Ignoring disabled cipher suite: TLS_KRB5_WITH_3DES_EDE_CBC_SHA
Ignoring disabled cipher suite: TLS_ECDHE_RSA_WITH_3DES_EDE_CBC_SHA
Ignoring disabled cipher suite: TLS_KRB5_EXPORT_WITH_DES_CBC_40_MD5
Ignoring disabled cipher suite: TLS_ECDHE_ECDSA_WITH_RC4_128_SHA
Ignoring disabled cipher suite: TLS_KRB5_WITH_3DES_EDE_CBC_MD5
Ignoring disabled cipher suite: SSL_DH_anon_WITH_RC4_128_MD5
Ignoring disabled cipher suite: SSL_DHE_DSS_WITH_3DES_EDE_CBC_SHA
Ignoring disabled cipher suite: TLS_ECDHE_ECDSA_WITH_3DES_EDE_CBC_SHA
Ignoring disabled cipher suite: SSL_DH_anon_WITH_3DES_EDE_CBC_SHA
Ignoring disabled cipher suite: SSL_RSA_WITH_3DES_EDE_CBC_SHA
Ignoring disabled cipher suite: SSL_DHE_RSA_EXPORT_WITH_DES40_CBC_SHA
Ignoring disabled cipher suite: TLS_ECDH_anon_WITH_RC4_128_SHA
Ignoring disabled cipher suite: TLS_KRB5_EXPORT_WITH_RC4_40_SHA
Ignoring disabled cipher suite: SSL_RSA_EXPORT_WITH_DES40_CBC_SHA
Ignoring disabled cipher suite: TLS_KRB5_WITH_RC4_128_SHA
Ignoring disabled cipher suite: SSL_RSA_EXPORT_WITH_RC4_40_MD5
Ignoring disabled cipher suite: TLS_KRB5_EXPORT_WITH_DES_CBC_40_SHA
Ignoring disabled cipher suite: TLS_KRB5_EXPORT_WITH_RC4_40_MD5
Ignoring disabled cipher suite: TLS_ECDH_ECDSA_WITH_RC4_128_SHA
Ignoring disabled cipher suite: TLS_KRB5_WITH_RC4_128_MD5
Ignoring disabled cipher suite: TLS_ECDH_RSA_WITH_3DES_EDE_CBC_SHA
Ignoring disabled cipher suite: TLS_ECDH_ECDSA_WITH_3DES_EDE_CBC_SHA
Ignoring disabled cipher suite: SSL_RSA_WITH_RC4_128_SHA
Ignoring disabled cipher suite: TLS_ECDH_anon_WITH_3DES_EDE_CBC_SHA
Ignoring disabled cipher suite: TLS_ECDH_RSA_WITH_RC4_128_SHA
Ignoring disabled cipher suite: SSL_DH_anon_EXPORT_WITH_DES40_CBC_SHA
Ignoring disabled cipher suite: SSL_DHE_RSA_WITH_3DES_EDE_CBC_SHA
Ignoring disabled cipher suite: TLS_ECDHE_RSA_WITH_RC4_128_SHA
Ignoring disabled cipher suite: SSL_RSA_WITH_RC4_128_MD5
Ignoring disabled cipher suite: TLS_ECDHE_RSA_WITH_3DES_EDE_CBC_SHA
Ignoring disabled cipher suite: SSL_DHE_DSS_WITH_3DES_EDE_CBC_SHA
Ignoring disabled cipher suite: TLS_ECDHE_ECDSA_WITH_3DES_EDE_CBC_SHA
Ignoring disabled cipher suite: SSL_RSA_WITH_3DES_EDE_CBC_SHA
Ignoring disabled cipher suite: TLS_ECDH_RSA_WITH_3DES_EDE_CBC_SHA
Ignoring disabled cipher suite: TLS_ECDH_ECDSA_WITH_3DES_EDE_CBC_SHA
Ignoring disabled cipher suite: SSL_DHE_RSA_WITH_3DES_EDE_CBC_SHA
Ignoring disabled cipher suite: TLS_ECDHE_RSA_WITH_3DES_EDE_CBC_SHA
Ignoring disabled cipher suite: SSL_DHE_DSS_WITH_3DES_EDE_CBC_SHA
Ignoring disabled cipher suite: TLS_ECDHE_ECDSA_WITH_3DES_EDE_CBC_SHA
Ignoring disabled cipher suite: SSL_RSA_WITH_3DES_EDE_CBC_SHA
Ignoring disabled cipher suite: TLS_ECDH_RSA_WITH_3DES_EDE_CBC_SHA
Ignoring disabled cipher suite: TLS_ECDH_ECDSA_WITH_3DES_EDE_CBC_SHA
Ignoring disabled cipher suite: SSL_DHE_RSA_WITH_3DES_EDE_CBC_SHA
trustStore is: config/MyClient.jks
trustStore type is : jks
trustStore provider is : 
init truststore
adding as trusted cert:
  Subject: CN=DSG, OU=SHI, O=SHI, L=PIT, ST=PA, C=US
  Issuer:  CN=DSG, OU=SHI, O=SHI, L=PIT, ST=PA, C=US
  Algorithm: RSA; Serial number: 0x12dd1da7
  Valid from Wed Aug 22 12:12:57 EDT 2018 until Mon Aug 21 12:12:57 EDT 2023

adding as trusted cert:
  Subject: CN=DSG, OU=Shipping, O=SHI, L=PIT, ST=PA, C=US
  Issuer:  CN=DSG, OU=Shipping, O=SHI, L=PIT, ST=PA, C=US
  Algorithm: RSA; Serial number: 0x4d7c9cb2
  Valid from Wed Aug 22 12:11:15 EDT 2018 until Mon Aug 21 12:11:15 EDT 2023

keyStore is : config/MyClient.jks
keyStore type is : jks
keyStore provider is : 
init keystore
init keymanager of type SunX509
***
found key for : myclient
chain [0] = [
[
  Version: V3
  Subject: CN=DSG, OU=SHI, O=SHI, L=PIT, ST=PA, C=US
  Signature Algorithm: SHA256withRSA, OID = 1.2.840.113549.1.1.11

  Key:  Sun RSA public key, 2048 bits
  modulus: 18619279385776204016882920483279669176052834386723259988864200656489119388497699965943293810474135342220477674146091222668454017490233211984007624905912707629387507573698785810215792927225966645644631701607401158481862689215488388929227796266638919083478963858435493007428786759899120769724985630935481409556962859163568602614357355277619275120628907030134361679938857271499652329584927920941378542494431210785629552054045854065251683709460723681747627924249305791022538320457621910481372644408389611559190130400462672069701438437565670386098840143872201669667103092510209916591161077128820801024547386622014638037407
  public exponent: 65537
  Validity: [From: Wed Aug 22 12:12:57 EDT 2018,
               To: Mon Aug 21 12:12:57 EDT 2023]
  Issuer: CN=DSG, OU=SHI, O=SHI, L=PIT, ST=PA, C=US
  SerialNumber: [    12dd1da7]

Certificate Extensions: 1
[1]: ObjectId: 2.5.29.14 Criticality=false
SubjectKeyIdentifier [
KeyIdentifier [
0000: 36 00 79 4E BD AC 66 9B   3E 87 2A 7F 6A AE 46 90  6.yN..f.>.*.j.F.
0010: 1B E5 D3 A8                                        ....
]
]

]
  Algorithm: [SHA256withRSA]
  Signature:
0000: 57 FF A9 6C 34 4C 7B 14   78 10 79 59 9A 67 0E 81  W..l4L..x.yY.g..
0010: A2 FB 1F 8E 3D 9C 4A 94   34 E2 F8 29 EF D9 16 1F  ....=.J.4..)....
0020: 68 F1 90 11 D6 25 25 99   B2 4D 88 0E 22 30 72 7E  h....%%..M.."0r.
0030: 51 FB 4E 0D 6E 12 0A 87   59 0A AE 17 0A 25 A9 32  Q.N.n...Y....%.2
0040: 15 F1 19 B8 30 A2 4C F7   4C 51 C3 69 FE E4 DC 34  ....0.L.LQ.i...4
0050: 14 B9 07 23 85 68 FB 46   45 87 D5 7C FE 4F 9D 9A  ...#.h.FE....O..
0060: 3F DE A6 D0 9C 4C 6A 68   B6 3F FF 5F 1F E8 E8 93  ?....Ljh.?._....
0070: 6A 94 F0 3A 38 3A FA 2A   52 50 9A 8E 81 A3 FF 36  j..:8:.*RP.....6
0080: 7D D5 55 C8 3D EA 2B 3D   B9 58 33 BE 55 FF D3 93  ..U.=.+=.X3.U...
0090: C0 26 38 6C 16 CD A2 BF   86 8C F8 3F FD 87 45 29  .&8l.......?..E)
00A0: 58 25 3D F9 99 84 38 2E   75 A5 D6 8B 1F 16 69 80  X%=...8.u.....i.
00B0: 2D 60 FA AA 71 41 19 2E   CD 3B C2 DB FC E5 A3 2B  -`..qA...;.....+
00C0: 88 57 B0 8E DD 1F F0 4F   CF 77 89 8E 9D 99 42 EF  .W.....O.w....B.
00D0: B4 BD 42 51 26 88 24 7F   E3 F5 15 9C 94 E4 D9 5D  ..BQ&.$........]
00E0: 19 96 C3 05 63 C1 7B 55   5A 22 FB C4 B9 62 38 FA  ....c..UZ"...b8.
00F0: 6E 78 C3 EF 46 3A 71 01   80 9F A3 48 B1 6B 41 ED  nx..F:q....H.kA.

]
***
trigger seeding of SecureRandom
done seeding SecureRandom
Allow unsafe renegotiation: false
Allow legacy hello messages: true
Is initial handshake: true
Is secure renegotiation: false
Test worker, setSoTimeout(0) called
%% No cached client session
*** ClientHello, TLSv1.2
RandomCookie:  GMT: 1534972006 bytes = { 246, 149, 65, 229, 44, 0, 111, 108, 195, 79, 96, 149, 36, 235, 74, 46, 146, 97, 241, 99, 83, 18, 236, 22, 242, 230, 83, 242 }
Session ID:  {}
Cipher Suites: [TLS_ECDHE_ECDSA_WITH_AES_256_CBC_SHA384, TLS_ECDHE_RSA_WITH_AES_256_CBC_SHA384, TLS_RSA_WITH_AES_256_CBC_SHA256, TLS_ECDH_ECDSA_WITH_AES_256_CBC_SHA384, TLS_ECDH_RSA_WITH_AES_256_CBC_SHA384, TLS_DHE_RSA_WITH_AES_256_CBC_SHA256, TLS_DHE_DSS_WITH_AES_256_CBC_SHA256, TLS_ECDHE_ECDSA_WITH_AES_256_CBC_SHA, TLS_ECDHE_RSA_WITH_AES_256_CBC_SHA, TLS_RSA_WITH_AES_256_CBC_SHA, TLS_ECDH_ECDSA_WITH_AES_256_CBC_SHA, TLS_ECDH_RSA_WITH_AES_256_CBC_SHA, TLS_DHE_RSA_WITH_AES_256_CBC_SHA, TLS_DHE_DSS_WITH_AES_256_CBC_SHA, TLS_ECDHE_ECDSA_WITH_AES_128_CBC_SHA256, TLS_ECDHE_RSA_WITH_AES_128_CBC_SHA256, TLS_RSA_WITH_AES_128_CBC_SHA256, TLS_ECDH_ECDSA_WITH_AES_128_CBC_SHA256, TLS_ECDH_RSA_WITH_AES_128_CBC_SHA256, TLS_DHE_RSA_WITH_AES_128_CBC_SHA256, TLS_DHE_DSS_WITH_AES_128_CBC_SHA256, TLS_ECDHE_ECDSA_WITH_AES_128_CBC_SHA, TLS_ECDHE_RSA_WITH_AES_128_CBC_SHA, TLS_RSA_WITH_AES_128_CBC_SHA, TLS_ECDH_ECDSA_WITH_AES_128_CBC_SHA, TLS_ECDH_RSA_WITH_AES_128_CBC_SHA, TLS_DHE_RSA_WITH_AES_128_CBC_SHA, TLS_DHE_DSS_WITH_AES_128_CBC_SHA, TLS_ECDHE_ECDSA_WITH_AES_256_GCM_SHA384, TLS_ECDHE_ECDSA_WITH_AES_128_GCM_SHA256, TLS_ECDHE_RSA_WITH_AES_256_GCM_SHA384, TLS_RSA_WITH_AES_256_GCM_SHA384, TLS_ECDH_ECDSA_WITH_AES_256_GCM_SHA384, TLS_ECDH_RSA_WITH_AES_256_GCM_SHA384, TLS_DHE_RSA_WITH_AES_256_GCM_SHA384, TLS_DHE_DSS_WITH_AES_256_GCM_SHA384, TLS_ECDHE_RSA_WITH_AES_128_GCM_SHA256, TLS_RSA_WITH_AES_128_GCM_SHA256, TLS_ECDH_ECDSA_WITH_AES_128_GCM_SHA256, TLS_ECDH_RSA_WITH_AES_128_GCM_SHA256, TLS_DHE_RSA_WITH_AES_128_GCM_SHA256, TLS_DHE_DSS_WITH_AES_128_GCM_SHA256, TLS_EMPTY_RENEGOTIATION_INFO_SCSV]
Compression Methods:  { 0 }
Extension elliptic_curves, curve names: {secp256r1, secp384r1, secp521r1, sect283k1, sect283r1, sect409k1, sect409r1, sect571k1, sect571r1, secp256k1}
Extension ec_point_formats, formats: [uncompressed]
Extension signature_algorithms, signature_algorithms: SHA512withECDSA, SHA512withRSA, SHA384withECDSA, SHA384withRSA, SHA256withECDSA, SHA256withRSA, SHA256withDSA, SHA224withECDSA, SHA224withRSA, SHA224withDSA, SHA1withECDSA, SHA1withRSA, SHA1withDSA
Extension extended_master_secret
***
[write] MD5 and SHA1 hashes:  len = 199
0000: 01 00 00 C3 03 03 5B 7E   D0 66 F6 95 41 E5 2C 00  ......[..f..A.,.
0010: 6F 6C C3 4F 60 95 24 EB   4A 2E 92 61 F1 63 53 12  ol.O`.$.J..a.cS.
0020: EC 16 F2 E6 53 F2 00 00   56 C0 24 C0 28 00 3D C0  ....S...V.$.(.=.
0030: 26 C0 2A 00 6B 00 6A C0   0A C0 14 00 35 C0 05 C0  &.*.k.j.....5...
0040: 0F 00 39 00 38 C0 23 C0   27 00 3C C0 25 C0 29 00  ..9.8.#.'.<.%.).
0050: 67 00 40 C0 09 C0 13 00   2F C0 04 C0 0E 00 33 00  g.@...../.....3.
0060: 32 C0 2C C0 2B C0 30 00   9D C0 2E C0 32 00 9F 00  2.,.+.0.....2...
0070: A3 C0 2F 00 9C C0 2D C0   31 00 9E 00 A2 00 FF 01  ../...-.1.......
0080: 00 00 44 00 0A 00 16 00   14 00 17 00 18 00 19 00  ..D.............
0090: 09 00 0A 00 0B 00 0C 00   0D 00 0E 00 16 00 0B 00  ................
00A0: 02 01 00 00 0D 00 1C 00   1A 06 03 06 01 05 03 05  ................
00B0: 01 04 03 04 01 04 02 03   03 03 01 03 02 02 03 02  ................
00C0: 01 02 02 00 17 00 00                               .......
Test worker, WRITE: TLSv1.2 Handshake, length = 199
[Raw write]: length = 204
0000: 16 03 03 00 C7 01 00 00   C3 03 03 5B 7E D0 66 F6  ...........[..f.
0010: 95 41 E5 2C 00 6F 6C C3   4F 60 95 24 EB 4A 2E 92  .A.,.ol.O`.$.J..
0020: 61 F1 63 53 12 EC 16 F2   E6 53 F2 00 00 56 C0 24  a.cS.....S...V.$
0030: C0 28 00 3D C0 26 C0 2A   00 6B 00 6A C0 0A C0 14  .(.=.&.*.k.j....
0040: 00 35 C0 05 C0 0F 00 39   00 38 C0 23 C0 27 00 3C  .5.....9.8.#.'.<
0050: C0 25 C0 29 00 67 00 40   C0 09 C0 13 00 2F C0 04  .%.).g.@...../..
0060: C0 0E 00 33 00 32 C0 2C   C0 2B C0 30 00 9D C0 2E  ...3.2.,.+.0....
0070: C0 32 00 9F 00 A3 C0 2F   00 9C C0 2D C0 31 00 9E  .2...../...-.1..
0080: 00 A2 00 FF 01 00 00 44   00 0A 00 16 00 14 00 17  .......D........
0090: 00 18 00 19 00 09 00 0A   00 0B 00 0C 00 0D 00 0E  ................
00A0: 00 16 00 0B 00 02 01 00   00 0D 00 1C 00 1A 06 03  ................
00B0: 06 01 05 03 05 01 04 03   04 01 04 02 03 03 03 01  ................
00C0: 03 02 02 03 02 01 02 02   00 17 00 00              ............
[Raw read]: length = 5
0000: 16 03 03 05 01                                     .....
[Raw read]: length = 1281
0000: 02 00 00 51 03 03 5B 7E   D0 66 81 0C 09 A6 72 60  ...Q..[..f....r`
0010: C1 17 EF 1C B2 1D AC F5   12 AD 33 CA 8E E9 3D F2  ..........3...=.
0020: B9 D8 45 4B 46 AF 20 5B   7E D0 66 85 5C D8 FB 19  ..EKF. [..f.\...
0030: 5E B2 3F 8D 00 92 76 CF   66 BF 9C F7 83 56 74 CF  ^.?...v.f....Vt.
0040: 12 29 BA 98 F5 C2 63 C0   28 00 00 09 FF 01 00 01  .)....c.(.......
0050: 00 00 17 00 00 0B 00 03   57 00 03 54 00 03 51 30  ........W..T..Q0
0060: 82 03 4D 30 82 02 35 A0   03 02 01 02 02 04 4D 7C  ..M0..5.......M.
0070: 9C B2 30 0D 06 09 2A 86   48 86 F7 0D 01 01 0B 05  ..0...*.H.......
0080: 00 30 57 31 0B 30 09 06   03 55 04 06 13 02 55 53  .0W1.0...U....US
0090: 31 0B 30 09 06 03 55 04   08 13 02 50 41 31 0C 30  1.0...U....PA1.0
00A0: 0A 06 03 55 04 07 13 03   50 49 54 31 0C 30 0A 06  ...U....PIT1.0..
00B0: 03 55 04 0A 13 03 53 48   49 31 11 30 0F 06 03 55  .U....SHI1.0...U
00C0: 04 0B 13 08 53 68 69 70   70 69 6E 67 31 0C 30 0A  ....Shipping1.0.
00D0: 06 03 55 04 03 13 03 44   53 47 30 1E 17 0D 31 38  ..U....DSG0...18
00E0: 30 38 32 32 31 36 31 31   31 35 5A 17 0D 32 33 30  0822161115Z..230
00F0: 38 32 31 31 36 31 31 31   35 5A 30 57 31 0B 30 09  821161115Z0W1.0.
0100: 06 03 55 04 06 13 02 55   53 31 0B 30 09 06 03 55  ..U....US1.0...U
0110: 04 08 13 02 50 41 31 0C   30 0A 06 03 55 04 07 13  ....PA1.0...U...
0120: 03 50 49 54 31 0C 30 0A   06 03 55 04 0A 13 03 53  .PIT1.0...U....S
0130: 48 49 31 11 30 0F 06 03   55 04 0B 13 08 53 68 69  HI1.0...U....Shi
0140: 70 70 69 6E 67 31 0C 30   0A 06 03 55 04 03 13 03  pping1.0...U....
0150: 44 53 47 30 82 01 22 30   0D 06 09 2A 86 48 86 F7  DSG0.."0...*.H..
0160: 0D 01 01 01 05 00 03 82   01 0F 00 30 82 01 0A 02  ...........0....
0170: 82 01 01 00 A0 9E 0E 63   D1 B1 CB BA 3C A4 A0 37  .......c....<..7
0180: ED CE B2 35 9B 66 85 82   6C 34 65 6D 7E C1 C4 2B  ...5.f..l4em...+
0190: 24 F5 96 78 9D 6F A0 3C   FA 4E 5E 66 A1 08 EB 45  $..x.o.<.N^f...E
01A0: FC 8E 9C 0E 46 16 2F 93   96 F8 6C 82 0E 84 96 D8  ....F./...l.....
01B0: 21 60 C1 C7 99 05 53 6D   F3 6D 80 F9 CF DA 62 30  !`....Sm.m....b0
01C0: 74 21 C3 31 0B 8C FB 1B   A3 C7 E8 F6 13 03 3E EB  t!.1..........>.
01D0: 0F EF A0 D3 83 65 E3 7E   CA CE FB 25 CB E6 66 4C  .....e.....%..fL
01E0: E2 03 E6 17 D2 15 93 AD   F4 6B 87 FB 00 9C 5B 59  .........k....[Y
01F0: 4F 37 49 82 A9 FB 15 3D   07 E6 AA EE 0E 1E B4 53  O7I....=.......S
0200: FB 25 DB 55 3C 91 35 CF   5E 72 2E 69 39 4E EE E8  .%.U<.5.^r.i9N..
0210: 33 96 3F CF 26 BF 81 77   87 1B 9B 0B 50 DD 67 05  3.?.&..w....P.g.
0220: 22 23 C7 C2 8D A8 D5 C6   AD 0A 05 E5 AF 0D 94 D7  "#..............
0230: 90 60 D5 04 36 8C CA 35   BF 1A 37 D8 AF E0 7F 5B  .`..6..5..7....[
0240: D2 CF 81 C4 A8 F6 57 12   3B B8 49 3E D0 E6 25 33  ......W.;.I>..%3
0250: CC 4B E5 5A 8A 26 EB A6   3D 01 A9 16 CE 2F 60 AF  .K.Z.&..=..../`.
0260: 73 1F 3C AD 11 B2 33 59   7A EF C8 28 CB 85 08 14  s.<...3Yz..(....
0270: 2B 66 F5 51 02 03 01 00   01 A3 21 30 1F 30 1D 06  +f.Q......!0.0..
0280: 03 55 1D 0E 04 16 04 14   78 AF 6A 9A 68 9A 36 AC  .U......x.j.h.6.
0290: FA A0 7E 2D A7 8D B9 E2   6C 2F 7D 0A 30 0D 06 09  ...-....l/..0...
02A0: 2A 86 48 86 F7 0D 01 01   0B 05 00 03 82 01 01 00  *.H.............
02B0: 6B 2A 7F 9C 46 ED EB D7   B9 A5 3E 42 C8 8C 9C B4  k*..F.....>B....
02C0: 5D AD 8D 7F 07 2D 48 DF   EE B7 A3 98 38 29 E9 52  ]....-H.....8).R
02D0: 8C 0C 49 7F F6 84 55 84   CD 21 3A 0B A9 8A 69 86  ..I...U..!:...i.
02E0: 56 7B 06 8F C1 E3 EC 66   5B 87 7C 75 66 AD 27 81  V......f[..uf.'.
02F0: 0D AE 80 2F 2E 10 7C F7   CF 61 1A 52 25 83 9F 91  .../.....a.R%...
0300: 55 B2 46 9D 7B 74 CD 27   F8 E1 83 0C 9A 26 47 4A  U.F..t.'.....&GJ
0310: 19 9E 17 7B B3 B4 3B E8   D5 C1 B7 D4 A4 FE 07 F7  ......;.........
0320: 15 10 63 A7 97 DD 82 8C   49 3B A3 56 01 5E A1 4B  ..c.....I;.V.^.K
0330: 7B DC 86 3B E0 8E B6 09   01 F8 AC 73 08 75 96 1D  ...;.......s.u..
0340: FB 08 98 8F FF BD A3 DC   7B 17 3D 85 D6 0A 14 C1  ..........=.....
0350: 31 CD 02 3C 7B AA 8F B8   4C 22 88 14 F7 03 56 3C  1..<....L"....V<
0360: 56 8E 96 BF 43 31 B9 1D   CA C9 21 A1 65 94 0C E9  V...C1....!.e...
0370: E6 E8 C3 AB BE 08 27 36   6F 93 35 B9 0D 09 25 BC  ......'6o.5...%.
0380: 51 03 AC BC C3 CC 8F D9   D7 C3 3E 41 48 71 60 0C  Q.........>AHq`.
0390: 61 51 73 67 65 FD B3 D4   AC 83 6B CA D7 93 77 2C  aQsge.....k...w,
03A0: 3B 2C B8 3F B7 02 A2 61   64 6A 6B 85 AA 95 8E C2  ;,.?...adjk.....
03B0: 0C 00 01 49 03 00 17 41   04 81 8B DA 3B 16 22 14  ...I...A....;.".
03C0: 4D A9 49 4D 1B 2E 41 4F   3E 7A F6 8A F9 28 42 B7  M.IM..AO>z...(B.
03D0: B6 93 79 7A EC 81 CD 27   FF 41 A8 3C 66 0E 8C CB  ..yz...'.A.<f...
03E0: CF BA FB 04 49 13 25 95   60 E8 56 99 CE 1A F0 75  ....I.%.`.V....u
03F0: 1A E5 73 C4 CE 73 55 9E   C1 06 01 01 00 86 2E 09  ..s..sU.........
0400: F5 40 02 3B 24 0A 96 B6   56 80 89 89 B3 43 A3 5E  .@.;$...V....C.^
0410: D2 62 EF 91 3D E3 3A ED   DF AE FC E3 E9 1E 85 18  .b..=.:.........
0420: 1D 41 00 22 10 30 0B 74   9F AD 8A DE 59 C7 57 96  .A.".0.t....Y.W.
0430: E5 C8 EB 78 FF 15 32 0A   53 55 3F 81 22 9D 69 BE  ...x..2.SU?.".i.
0440: 37 7F D4 60 47 93 60 31   A4 27 66 99 1C 48 AD F2  7..`G.`1.'f..H..
0450: CF 5A 82 A3 5D D9 36 E6   49 C4 E7 29 B9 BB 85 56  .Z..].6.I..)...V
0460: 94 49 01 D8 37 80 A1 2E   92 F6 80 52 EE 15 16 E7  .I..7......R....
0470: 33 B2 90 50 A0 ED 7B B9   70 19 67 96 0F 37 87 89  3..P....p.g..7..
0480: FD CD 8F 25 93 47 14 A8   06 D8 8A 27 FB C5 44 77  ...%.G.....'..Dw
0490: 68 35 F9 9F CC 33 F7 41   9F 62 FB 54 C8 39 4E CF  h5...3.A.b.T.9N.
04A0: 49 29 CA 2D 2D E7 63 97   5A 9B 4A 54 DF 42 ED D3  I).--.c.Z.JT.B..
04B0: EE 57 4A 9B CA 55 CF 05   02 ED 4E BD 02 71 D2 5F  .WJ..U....N..q._
04C0: 19 73 BE 40 B7 D7 96 02   8D 57 FC C3 72 99 71 F1  .s.@.....W..r.q.
04D0: 87 8D CE E9 8B A2 8A 9C   D5 03 28 C3 F2 DE BB 41  ..........(....A
04E0: 14 5A 4C 57 3B 19 DA 36   1A 74 99 9F E3 CD 4A 71  .ZLW;..6.t....Jq
04F0: 18 22 E1 81 7F 4F 51 A0   63 F1 24 C1 B4 0E 00 00  ."...OQ.c.$.....
0500: 00                                                 .
Test worker, READ: TLSv1.2 Handshake, length = 1281
*** ServerHello, TLSv1.2
RandomCookie:  GMT: 1534972006 bytes = { 129, 12, 9, 166, 114, 96, 193, 23, 239, 28, 178, 29, 172, 245, 18, 173, 51, 202, 142, 233, 61, 242, 185, 216, 69, 75, 70, 175 }
Session ID:  {91, 126, 208, 102, 133, 92, 216, 251, 25, 94, 178, 63, 141, 0, 146, 118, 207, 102, 191, 156, 247, 131, 86, 116, 207, 18, 41, 186, 152, 245, 194, 99}
Cipher Suite: TLS_ECDHE_RSA_WITH_AES_256_CBC_SHA384
Compression Method: 0
Extension renegotiation_info, renegotiated_connection: <empty>
Extension extended_master_secret
***
%% Initialized:  [Session-1, TLS_ECDHE_RSA_WITH_AES_256_CBC_SHA384]
** TLS_ECDHE_RSA_WITH_AES_256_CBC_SHA384
[read] MD5 and SHA1 hashes:  len = 85
0000: 02 00 00 51 03 03 5B 7E   D0 66 81 0C 09 A6 72 60  ...Q..[..f....r`
0010: C1 17 EF 1C B2 1D AC F5   12 AD 33 CA 8E E9 3D F2  ..........3...=.
0020: B9 D8 45 4B 46 AF 20 5B   7E D0 66 85 5C D8 FB 19  ..EKF. [..f.\...
0030: 5E B2 3F 8D 00 92 76 CF   66 BF 9C F7 83 56 74 CF  ^.?...v.f....Vt.
0040: 12 29 BA 98 F5 C2 63 C0   28 00 00 09 FF 01 00 01  .)....c.(.......
0050: 00 00 17 00 00                                     .....
*** Certificate chain
chain [0] = [
[
  Version: V3
  Subject: CN=DSG, OU=Shipping, O=SHI, L=PIT, ST=PA, C=US
  Signature Algorithm: SHA256withRSA, OID = 1.2.840.113549.1.1.11

  Key:  Sun RSA public key, 2048 bits
  modulus: 20276069216904872938898447266537224350561989969661998978761143826563139457185148222632553713169151053520023552748076065316043470609289586182610643623199141548971680421917427263625642172724678238224815756999534258739028738784055292329153098678327861575504150636692054287234588042544582570214019646008278890436411764116837770391836271922664154119675014505531752581320246146083717046969391677418651265081432918666650973165356455272992555411894460195566110366651765484772711698215949785761264951164181193862357076200945709317945926197787112563998971913900682331754195194493291924530388200277823785987715458406663611413841
  public exponent: 65537
  Validity: [From: Wed Aug 22 12:11:15 EDT 2018,
               To: Mon Aug 21 12:11:15 EDT 2023]
  Issuer: CN=DSG, OU=Shipping, O=SHI, L=PIT, ST=PA, C=US
  SerialNumber: [    4d7c9cb2]

Certificate Extensions: 1
[1]: ObjectId: 2.5.29.14 Criticality=false
SubjectKeyIdentifier [
KeyIdentifier [
0000: 78 AF 6A 9A 68 9A 36 AC   FA A0 7E 2D A7 8D B9 E2  x.j.h.6....-....
0010: 6C 2F 7D 0A                                        l/..
]
]

]
  Algorithm: [SHA256withRSA]
  Signature:
0000: 6B 2A 7F 9C 46 ED EB D7   B9 A5 3E 42 C8 8C 9C B4  k*..F.....>B....
0010: 5D AD 8D 7F 07 2D 48 DF   EE B7 A3 98 38 29 E9 52  ]....-H.....8).R
0020: 8C 0C 49 7F F6 84 55 84   CD 21 3A 0B A9 8A 69 86  ..I...U..!:...i.
0030: 56 7B 06 8F C1 E3 EC 66   5B 87 7C 75 66 AD 27 81  V......f[..uf.'.
0040: 0D AE 80 2F 2E 10 7C F7   CF 61 1A 52 25 83 9F 91  .../.....a.R%...
0050: 55 B2 46 9D 7B 74 CD 27   F8 E1 83 0C 9A 26 47 4A  U.F..t.'.....&GJ
0060: 19 9E 17 7B B3 B4 3B E8   D5 C1 B7 D4 A4 FE 07 F7  ......;.........
0070: 15 10 63 A7 97 DD 82 8C   49 3B A3 56 01 5E A1 4B  ..c.....I;.V.^.K
0080: 7B DC 86 3B E0 8E B6 09   01 F8 AC 73 08 75 96 1D  ...;.......s.u..
0090: FB 08 98 8F FF BD A3 DC   7B 17 3D 85 D6 0A 14 C1  ..........=.....
00A0: 31 CD 02 3C 7B AA 8F B8   4C 22 88 14 F7 03 56 3C  1..<....L"....V<
00B0: 56 8E 96 BF 43 31 B9 1D   CA C9 21 A1 65 94 0C E9  V...C1....!.e...
00C0: E6 E8 C3 AB BE 08 27 36   6F 93 35 B9 0D 09 25 BC  ......'6o.5...%.
00D0: 51 03 AC BC C3 CC 8F D9   D7 C3 3E 41 48 71 60 0C  Q.........>AHq`.
00E0: 61 51 73 67 65 FD B3 D4   AC 83 6B CA D7 93 77 2C  aQsge.....k...w,
00F0: 3B 2C B8 3F B7 02 A2 61   64 6A 6B 85 AA 95 8E C2  ;,.?...adjk.....

]
***
Found trusted certificate:
[
[
  Version: V3
  Subject: CN=DSG, OU=Shipping, O=SHI, L=PIT, ST=PA, C=US
  Signature Algorithm: SHA256withRSA, OID = 1.2.840.113549.1.1.11

  Key:  Sun RSA public key, 2048 bits
  modulus: 20276069216904872938898447266537224350561989969661998978761143826563139457185148222632553713169151053520023552748076065316043470609289586182610643623199141548971680421917427263625642172724678238224815756999534258739028738784055292329153098678327861575504150636692054287234588042544582570214019646008278890436411764116837770391836271922664154119675014505531752581320246146083717046969391677418651265081432918666650973165356455272992555411894460195566110366651765484772711698215949785761264951164181193862357076200945709317945926197787112563998971913900682331754195194493291924530388200277823785987715458406663611413841
  public exponent: 65537
  Validity: [From: Wed Aug 22 12:11:15 EDT 2018,
               To: Mon Aug 21 12:11:15 EDT 2023]
  Issuer: CN=DSG, OU=Shipping, O=SHI, L=PIT, ST=PA, C=US
  SerialNumber: [    4d7c9cb2]

Certificate Extensions: 1
[1]: ObjectId: 2.5.29.14 Criticality=false
SubjectKeyIdentifier [
KeyIdentifier [
0000: 78 AF 6A 9A 68 9A 36 AC   FA A0 7E 2D A7 8D B9 E2  x.j.h.6....-....
0010: 6C 2F 7D 0A                                        l/..
]
]

]
  Algorithm: [SHA256withRSA]
  Signature:
0000: 6B 2A 7F 9C 46 ED EB D7   B9 A5 3E 42 C8 8C 9C B4  k*..F.....>B....
0010: 5D AD 8D 7F 07 2D 48 DF   EE B7 A3 98 38 29 E9 52  ]....-H.....8).R
0020: 8C 0C 49 7F F6 84 55 84   CD 21 3A 0B A9 8A 69 86  ..I...U..!:...i.
0030: 56 7B 06 8F C1 E3 EC 66   5B 87 7C 75 66 AD 27 81  V......f[..uf.'.
0040: 0D AE 80 2F 2E 10 7C F7   CF 61 1A 52 25 83 9F 91  .../.....a.R%...
0050: 55 B2 46 9D 7B 74 CD 27   F8 E1 83 0C 9A 26 47 4A  U.F..t.'.....&GJ
0060: 19 9E 17 7B B3 B4 3B E8   D5 C1 B7 D4 A4 FE 07 F7  ......;.........
0070: 15 10 63 A7 97 DD 82 8C   49 3B A3 56 01 5E A1 4B  ..c.....I;.V.^.K
0080: 7B DC 86 3B E0 8E B6 09   01 F8 AC 73 08 75 96 1D  ...;.......s.u..
0090: FB 08 98 8F FF BD A3 DC   7B 17 3D 85 D6 0A 14 C1  ..........=.....
00A0: 31 CD 02 3C 7B AA 8F B8   4C 22 88 14 F7 03 56 3C  1..<....L"....V<
00B0: 56 8E 96 BF 43 31 B9 1D   CA C9 21 A1 65 94 0C E9  V...C1....!.e...
00C0: E6 E8 C3 AB BE 08 27 36   6F 93 35 B9 0D 09 25 BC  ......'6o.5...%.
00D0: 51 03 AC BC C3 CC 8F D9   D7 C3 3E 41 48 71 60 0C  Q.........>AHq`.
00E0: 61 51 73 67 65 FD B3 D4   AC 83 6B CA D7 93 77 2C  aQsge.....k...w,
00F0: 3B 2C B8 3F B7 02 A2 61   64 6A 6B 85 AA 95 8E C2  ;,.?...adjk.....

]
[read] MD5 and SHA1 hashes:  len = 859
0000: 0B 00 03 57 00 03 54 00   03 51 30 82 03 4D 30 82  ...W..T..Q0..M0.
0010: 02 35 A0 03 02 01 02 02   04 4D 7C 9C B2 30 0D 06  .5.......M...0..
0020: 09 2A 86 48 86 F7 0D 01   01 0B 05 00 30 57 31 0B  .*.H........0W1.
0030: 30 09 06 03 55 04 06 13   02 55 53 31 0B 30 09 06  0...U....US1.0..
0040: 03 55 04 08 13 02 50 41   31 0C 30 0A 06 03 55 04  .U....PA1.0...U.
0050: 07 13 03 50 49 54 31 0C   30 0A 06 03 55 04 0A 13  ...PIT1.0...U...
0060: 03 53 48 49 31 11 30 0F   06 03 55 04 0B 13 08 53  .SHI1.0...U....S
0070: 68 69 70 70 69 6E 67 31   0C 30 0A 06 03 55 04 03  hipping1.0...U..
0080: 13 03 44 53 47 30 1E 17   0D 31 38 30 38 32 32 31  ..DSG0...1808221
0090: 36 31 31 31 35 5A 17 0D   32 33 30 38 32 31 31 36  61115Z..23082116
00A0: 31 31 31 35 5A 30 57 31   0B 30 09 06 03 55 04 06  1115Z0W1.0...U..
00B0: 13 02 55 53 31 0B 30 09   06 03 55 04 08 13 02 50  ..US1.0...U....P
00C0: 41 31 0C 30 0A 06 03 55   04 07 13 03 50 49 54 31  A1.0...U....PIT1
00D0: 0C 30 0A 06 03 55 04 0A   13 03 53 48 49 31 11 30  .0...U....SHI1.0
00E0: 0F 06 03 55 04 0B 13 08   53 68 69 70 70 69 6E 67  ...U....Shipping
00F0: 31 0C 30 0A 06 03 55 04   03 13 03 44 53 47 30 82  1.0...U....DSG0.
0100: 01 22 30 0D 06 09 2A 86   48 86 F7 0D 01 01 01 05  ."0...*.H.......
0110: 00 03 82 01 0F 00 30 82   01 0A 02 82 01 01 00 A0  ......0.........
0120: 9E 0E 63 D1 B1 CB BA 3C   A4 A0 37 ED CE B2 35 9B  ..c....<..7...5.
0130: 66 85 82 6C 34 65 6D 7E   C1 C4 2B 24 F5 96 78 9D  f..l4em...+$..x.
0140: 6F A0 3C FA 4E 5E 66 A1   08 EB 45 FC 8E 9C 0E 46  o.<.N^f...E....F
0150: 16 2F 93 96 F8 6C 82 0E   84 96 D8 21 60 C1 C7 99  ./...l.....!`...
0160: 05 53 6D F3 6D 80 F9 CF   DA 62 30 74 21 C3 31 0B  .Sm.m....b0t!.1.
0170: 8C FB 1B A3 C7 E8 F6 13   03 3E EB 0F EF A0 D3 83  .........>......
0180: 65 E3 7E CA CE FB 25 CB   E6 66 4C E2 03 E6 17 D2  e.....%..fL.....
0190: 15 93 AD F4 6B 87 FB 00   9C 5B 59 4F 37 49 82 A9  ....k....[YO7I..
01A0: FB 15 3D 07 E6 AA EE 0E   1E B4 53 FB 25 DB 55 3C  ..=.......S.%.U<
01B0: 91 35 CF 5E 72 2E 69 39   4E EE E8 33 96 3F CF 26  .5.^r.i9N..3.?.&
01C0: BF 81 77 87 1B 9B 0B 50   DD 67 05 22 23 C7 C2 8D  ..w....P.g."#...
01D0: A8 D5 C6 AD 0A 05 E5 AF   0D 94 D7 90 60 D5 04 36  ............`..6
01E0: 8C CA 35 BF 1A 37 D8 AF   E0 7F 5B D2 CF 81 C4 A8  ..5..7....[.....
01F0: F6 57 12 3B B8 49 3E D0   E6 25 33 CC 4B E5 5A 8A  .W.;.I>..%3.K.Z.
0200: 26 EB A6 3D 01 A9 16 CE   2F 60 AF 73 1F 3C AD 11  &..=..../`.s.<..
0210: B2 33 59 7A EF C8 28 CB   85 08 14 2B 66 F5 51 02  .3Yz..(....+f.Q.
0220: 03 01 00 01 A3 21 30 1F   30 1D 06 03 55 1D 0E 04  .....!0.0...U...
0230: 16 04 14 78 AF 6A 9A 68   9A 36 AC FA A0 7E 2D A7  ...x.j.h.6....-.
0240: 8D B9 E2 6C 2F 7D 0A 30   0D 06 09 2A 86 48 86 F7  ...l/..0...*.H..
0250: 0D 01 01 0B 05 00 03 82   01 01 00 6B 2A 7F 9C 46  ...........k*..F
0260: ED EB D7 B9 A5 3E 42 C8   8C 9C B4 5D AD 8D 7F 07  .....>B....]....
0270: 2D 48 DF EE B7 A3 98 38   29 E9 52 8C 0C 49 7F F6  -H.....8).R..I..
0280: 84 55 84 CD 21 3A 0B A9   8A 69 86 56 7B 06 8F C1  .U..!:...i.V....
0290: E3 EC 66 5B 87 7C 75 66   AD 27 81 0D AE 80 2F 2E  ..f[..uf.'..../.
02A0: 10 7C F7 CF 61 1A 52 25   83 9F 91 55 B2 46 9D 7B  ....a.R%...U.F..
02B0: 74 CD 27 F8 E1 83 0C 9A   26 47 4A 19 9E 17 7B B3  t.'.....&GJ.....
02C0: B4 3B E8 D5 C1 B7 D4 A4   FE 07 F7 15 10 63 A7 97  .;...........c..
02D0: DD 82 8C 49 3B A3 56 01   5E A1 4B 7B DC 86 3B E0  ...I;.V.^.K...;.
02E0: 8E B6 09 01 F8 AC 73 08   75 96 1D FB 08 98 8F FF  ......s.u.......
02F0: BD A3 DC 7B 17 3D 85 D6   0A 14 C1 31 CD 02 3C 7B  .....=.....1..<.
0300: AA 8F B8 4C 22 88 14 F7   03 56 3C 56 8E 96 BF 43  ...L"....V<V...C
0310: 31 B9 1D CA C9 21 A1 65   94 0C E9 E6 E8 C3 AB BE  1....!.e........
0320: 08 27 36 6F 93 35 B9 0D   09 25 BC 51 03 AC BC C3  .'6o.5...%.Q....
0330: CC 8F D9 D7 C3 3E 41 48   71 60 0C 61 51 73 67 65  .....>AHq`.aQsge
0340: FD B3 D4 AC 83 6B CA D7   93 77 2C 3B 2C B8 3F B7  .....k...w,;,.?.
0350: 02 A2 61 64 6A 6B 85 AA   95 8E C2                 ..adjk.....
*** ECDH ServerKeyExchange
Signature Algorithm SHA512withRSA
Server key: Sun EC public key, 256 bits
  public x coord: 58595455382916903058458399644813170160421087107247089114041581050156762867711
  public y coord: 29697582321022743550062405515980203343696853080370106111767789958209713053377
  parameters: secp256r1 [NIST P-256, X9.62 prime256v1] (1.2.840.10045.3.1.7)
[read] MD5 and SHA1 hashes:  len = 333
0000: 0C 00 01 49 03 00 17 41   04 81 8B DA 3B 16 22 14  ...I...A....;.".
0010: 4D A9 49 4D 1B 2E 41 4F   3E 7A F6 8A F9 28 42 B7  M.IM..AO>z...(B.
0020: B6 93 79 7A EC 81 CD 27   FF 41 A8 3C 66 0E 8C CB  ..yz...'.A.<f...
0030: CF BA FB 04 49 13 25 95   60 E8 56 99 CE 1A F0 75  ....I.%.`.V....u
0040: 1A E5 73 C4 CE 73 55 9E   C1 06 01 01 00 86 2E 09  ..s..sU.........
0050: F5 40 02 3B 24 0A 96 B6   56 80 89 89 B3 43 A3 5E  .@.;$...V....C.^
0060: D2 62 EF 91 3D E3 3A ED   DF AE FC E3 E9 1E 85 18  .b..=.:.........
0070: 1D 41 00 22 10 30 0B 74   9F AD 8A DE 59 C7 57 96  .A.".0.t....Y.W.
0080: E5 C8 EB 78 FF 15 32 0A   53 55 3F 81 22 9D 69 BE  ...x..2.SU?.".i.
0090: 37 7F D4 60 47 93 60 31   A4 27 66 99 1C 48 AD F2  7..`G.`1.'f..H..
00A0: CF 5A 82 A3 5D D9 36 E6   49 C4 E7 29 B9 BB 85 56  .Z..].6.I..)...V
00B0: 94 49 01 D8 37 80 A1 2E   92 F6 80 52 EE 15 16 E7  .I..7......R....
00C0: 33 B2 90 50 A0 ED 7B B9   70 19 67 96 0F 37 87 89  3..P....p.g..7..
00D0: FD CD 8F 25 93 47 14 A8   06 D8 8A 27 FB C5 44 77  ...%.G.....'..Dw
00E0: 68 35 F9 9F CC 33 F7 41   9F 62 FB 54 C8 39 4E CF  h5...3.A.b.T.9N.
00F0: 49 29 CA 2D 2D E7 63 97   5A 9B 4A 54 DF 42 ED D3  I).--.c.Z.JT.B..
0100: EE 57 4A 9B CA 55 CF 05   02 ED 4E BD 02 71 D2 5F  .WJ..U....N..q._
0110: 19 73 BE 40 B7 D7 96 02   8D 57 FC C3 72 99 71 F1  .s.@.....W..r.q.
0120: 87 8D CE E9 8B A2 8A 9C   D5 03 28 C3 F2 DE BB 41  ..........(....A
0130: 14 5A 4C 57 3B 19 DA 36   1A 74 99 9F E3 CD 4A 71  .ZLW;..6.t....Jq
0140: 18 22 E1 81 7F 4F 51 A0   63 F1 24 C1 B4           ."...OQ.c.$..
*** ServerHelloDone
[read] MD5 and SHA1 hashes:  len = 4
0000: 0E 00 00 00                                        ....
*** ECDHClientKeyExchange
ECDH Public value:  { 4, 170, 17, 17, 38, 72, 154, 133, 2, 149, 223, 166, 1, 94, 72, 37, 202, 250, 241, 89, 179, 92, 147, 97, 248, 117, 108, 247, 227, 96, 172, 139, 109, 171, 116, 137, 155, 27, 212, 161, 56, 96, 211, 244, 173, 104, 58, 184, 252, 148, 126, 110, 243, 83, 42, 196, 47, 223, 250, 151, 12, 202, 87, 192, 140 }
[write] MD5 and SHA1 hashes:  len = 70
0000: 10 00 00 42 41 04 AA 11   11 26 48 9A 85 02 95 DF  ...BA....&H.....
0010: A6 01 5E 48 25 CA FA F1   59 B3 5C 93 61 F8 75 6C  ..^H%...Y.\.a.ul
0020: F7 E3 60 AC 8B 6D AB 74   89 9B 1B D4 A1 38 60 D3  ..`..m.t.....8`.
0030: F4 AD 68 3A B8 FC 94 7E   6E F3 53 2A C4 2F DF FA  ..h:....n.S*./..
0040: 97 0C CA 57 C0 8C                                  ...W..
Test worker, WRITE: TLSv1.2 Handshake, length = 70
[Raw write]: length = 75
0000: 16 03 03 00 46 10 00 00   42 41 04 AA 11 11 26 48  ....F...BA....&H
0010: 9A 85 02 95 DF A6 01 5E   48 25 CA FA F1 59 B3 5C  .......^H%...Y.\
0020: 93 61 F8 75 6C F7 E3 60   AC 8B 6D AB 74 89 9B 1B  .a.ul..`..m.t...
0030: D4 A1 38 60 D3 F4 AD 68   3A B8 FC 94 7E 6E F3 53  ..8`...h:....n.S
0040: 2A C4 2F DF FA 97 0C CA   57 C0 8C                 *./.....W..
SESSION KEYGEN:
PreMaster Secret:
0000: 37 B2 B3 C2 3D 85 92 FB   0D FA 6E 75 EC 1B 56 D5  7...=.....nu..V.
0010: 61 06 E5 2B 04 E6 86 FC   F6 52 E6 43 AD A8 6B CD  a..+.....R.C..k.
CONNECTION KEYGEN:
Client Nonce:
0000: 5B 7E D0 66 F6 95 41 E5   2C 00 6F 6C C3 4F 60 95  [..f..A.,.ol.O`.
0010: 24 EB 4A 2E 92 61 F1 63   53 12 EC 16 F2 E6 53 F2  $.J..a.cS.....S.
Server Nonce:
0000: 5B 7E D0 66 81 0C 09 A6   72 60 C1 17 EF 1C B2 1D  [..f....r`......
0010: AC F5 12 AD 33 CA 8E E9   3D F2 B9 D8 45 4B 46 AF  ....3...=...EKF.
Master Secret:
0000: 81 C9 51 0E 06 D1 9E 3B   91 B3 C4 A2 16 86 5D 0C  ..Q....;......].
0010: AF 83 78 94 14 88 B2 B0   F0 0F 17 69 15 B5 3B BB  ..x........i..;.
0020: 91 ED 23 A5 11 18 21 C8   85 A0 D9 BC EC 3E A4 6C  ..#...!......>.l
Client MAC write Secret:
0000: AD 2A 15 18 75 8B 98 CD   09 60 7B 48 EF ED E3 8D  .*..u....`.H....
0010: 0D 5D 2E 5E B5 2A B0 3D   E5 F8 D6 57 26 72 95 79  .].^.*.=...W&r.y
0020: F8 B7 BC 77 C2 8C D9 9C   37 21 FA 25 0D 76 26 E4  ...w....7!.%.v&.
Server MAC write Secret:
0000: F9 29 A4 1C 2A C7 1C A2   C4 89 57 AF EA D4 13 C8  .)..*.....W.....
0010: 6F 93 F6 D6 8A 7E 38 82   E2 42 0A 28 F5 1F 10 29  o.....8..B.(...)
0020: 16 A5 D4 EA C7 2A 9E EF   F2 65 8A E3 B1 D1 28 17  .....*...e....(.
Client write key:
0000: 44 56 9C 47 3D E2 0C 1D   04 87 08 47 A3 17 48 5E  DV.G=......G..H^
0010: 94 6C 60 2C 51 A8 29 B3   6B 98 55 9A C2 61 29 04  .l`,Q.).k.U..a).
Server write key:
0000: 5E 8A CC D4 29 6C 8A 15   90 6B 05 06 18 0D D6 D9  ^...)l...k......
0010: 0F 18 96 6F A0 42 9F DC   ED 9B 72 90 FA 91 C9 90  ...o.B....r.....
... no IV derived for this protocol
Test worker, WRITE: TLSv1.2 Change Cipher Spec, length = 1
[Raw write]: length = 6
0000: 14 03 03 00 01 01                                  ......
*** Finished
verify_data:  { 75, 228, 154, 238, 43, 158, 244, 207, 182, 4, 181, 35 }
***
[write] MD5 and SHA1 hashes:  len = 16
0000: 14 00 00 0C 4B E4 9A EE   2B 9E F4 CF B6 04 B5 23  ....K...+......#
Padded plaintext before ENCRYPTION:  len = 96
0000: C0 A9 4F D0 76 B3 5A B8   BE C3 0E 4E 84 1B 32 F6  ..O.v.Z....N..2.
0010: 14 00 00 0C 4B E4 9A EE   2B 9E F4 CF B6 04 B5 23  ....K...+......#
0020: 2C 98 4D DD 00 60 BB EE   EC C4 41 69 FF B7 31 A1  ,.M..`....Ai..1.
0030: 42 BE B2 CE DB D1 F6 EA   B0 ED 2C 22 4D 48 0D C4  B.........,"MH..
0040: D7 C7 52 26 C5 84 78 D8   4F 50 43 B8 FC C1 EC 22  ..R&..x.OPC...."
0050: 0F 0F 0F 0F 0F 0F 0F 0F   0F 0F 0F 0F 0F 0F 0F 0F  ................
Test worker, WRITE: TLSv1.2 Handshake, length = 96
[Raw write]: length = 101
0000: 16 03 03 00 60 18 A3 87   A3 08 6A 15 32 18 DF E9  ....`.....j.2...
0010: 44 AD 73 61 DF 21 7F 90   C1 15 F1 D1 01 9F 1D 4F  D.sa.!.........O
0020: C6 BD E0 8D 15 6B 2A 8E   31 96 8F 6B 5F 19 0E 90  .....k*.1..k_...
0030: 1C F6 7D 2B 6C 35 E5 F5   28 67 99 E2 2A 4E 73 B7  ...+l5..(g..*Ns.
0040: 94 B2 97 9E 7D 8D 41 E2   65 44 64 E9 D6 5B 3A EA  ......A.eDd..[:.
0050: E2 C5 23 C5 80 C9 3E BA   1C 56 46 DE 37 B0 36 B4  ..#...>..VF.7.6.
0060: 7A E6 50 AF C7                                     z.P..
[Raw read]: length = 5
0000: 14 03 03 00 01                                     .....
[Raw read]: length = 1
0000: 01                                                 .
Test worker, READ: TLSv1.2 Change Cipher Spec, length = 1
[Raw read]: length = 5
0000: 16 03 03 00 60                                     ....`
[Raw read]: length = 96
0000: EC 0C FD C6 77 B4 5D 09   7E BF B3 D6 76 78 4F 73  ....w.].....vxOs
0010: 37 67 4D F8 BB A4 24 34   21 AE 19 3D 38 AA 2D 2B  7gM...$4!..=8.-+
0020: 5E 82 5D AA 9B 27 7F 26   62 FE 49 01 3A 70 C7 5B  ^.]..'.&b.I.:p.[
0030: 6B 34 B9 3C E8 41 A4 E0   BE EB 4C 44 C0 D4 09 02  k4.<.A....LD....
0040: F5 F5 95 8F 0D D6 DD C1   5F 9B 42 7D 5E 5B 82 0B  ........_.B.^[..
0050: A5 97 03 7D 1F 1F B4 F9   B8 3B 64 3E 34 04 3A 74  .........;d>4.:t
Test worker, READ: TLSv1.2 Handshake, length = 96
Padded plaintext after DECRYPTION:  len = 96
0000: 4C FA B2 1E B7 38 D8 D2   4B E4 1C 12 7E 16 4B CD  L....8..K.....K.
0010: 14 00 00 0C 84 C9 D6 E8   88 05 C0 65 0F 2D CE 8B  ...........e.-..
0020: 46 0A 57 D8 FD F2 83 E0   0A 31 71 ED 7D E5 89 C4  F.W......1q.....
0030: E0 25 D6 8E 83 8B 49 AB   5D 3F AC F0 EE BF CB 3F  .%....I.]?.....?
0040: 4D CB A5 B7 27 CF 7E E2   E2 2D 6D 2E EB B3 FC 0F  M...'....-m.....
0050: 0F 0F 0F 0F 0F 0F 0F 0F   0F 0F 0F 0F 0F 0F 0F 0F  ................
*** Finished
verify_data:  { 132, 201, 214, 232, 136, 5, 192, 101, 15, 45, 206, 139 }
***
%% Cached client session: [Session-1, TLS_ECDHE_RSA_WITH_AES_256_CBC_SHA384]
[read] MD5 and SHA1 hashes:  len = 16
0000: 14 00 00 0C 84 C9 D6 E8   88 05 C0 65 0F 2D CE 8B  ...........e.-..
Padded plaintext before ENCRYPTION:  len = 240
0000: D8 68 14 D9 F3 94 92 8D   D6 16 49 6B 0D A9 EC 84  .h........Ik....
0010: 47 45 54 20 2F 68 65 6C   6C 6F 20 48 54 54 50 2F  GET /hello HTTP/
0020: 31 2E 31 0D 0A 41 63 63   65 70 74 3A 20 74 65 78  1.1..Accept: tex
0030: 74 2F 70 6C 61 69 6E 2C   20 61 70 70 6C 69 63 61  t/plain, applica
0040: 74 69 6F 6E 2F 6A 73 6F   6E 2C 20 61 70 70 6C 69  tion/json, appli
0050: 63 61 74 69 6F 6E 2F 2A   2B 6A 73 6F 6E 2C 20 2A  cation/*+json, *
0060: 2F 2A 0D 0A 55 73 65 72   2D 41 67 65 6E 74 3A 20  /*..User-Agent: 
0070: 4A 61 76 61 2F 31 2E 38   2E 30 5F 31 38 31 0D 0A  Java/1.8.0_181..
0080: 48 6F 73 74 3A 20 6C 6F   63 61 6C 68 6F 73 74 3A  Host: localhost:
0090: 39 30 38 30 0D 0A 43 6F   6E 6E 65 63 74 69 6F 6E  9080..Connection
00A0: 3A 20 6B 65 65 70 2D 61   6C 69 76 65 0D 0A 0D 0A  : keep-alive....
00B0: 21 AA 35 EA 37 C3 FE B8   71 D1 74 25 B2 92 F1 39  !.5.7...q.t%...9
00C0: 8F 82 F5 6D 77 21 8E AF   5A 3F 3D 26 72 AD 87 A2  ...mw!..Z?=&r...
00D0: 97 A6 D4 98 34 33 D7 13   5F 44 36 F1 A8 E2 D1 29  ....43.._D6....)
00E0: 0F 0F 0F 0F 0F 0F 0F 0F   0F 0F 0F 0F 0F 0F 0F 0F  ................
Test worker, WRITE: TLSv1.2 Application Data, length = 240
[Raw write]: length = 245
0000: 17 03 03 00 F0 7B 01 DA   D8 68 4C BE EB F3 28 33  .........hL...(3
0010: 17 04 18 A4 E7 A1 0C 4F   E4 14 87 E5 D5 DA DA B9  .......O........
0020: C3 D6 E5 76 44 F3 FB 65   32 28 F5 3E 4E F0 39 D9  ...vD..e2(.>N.9.
0030: 9B D1 CA 61 89 F3 34 B2   D7 3E 87 ED 5C 15 6F B6  ...a..4..>..\.o.
0040: 8B 4C 32 92 60 AC 49 AC   96 DB CC E9 D8 C6 46 F8  .L2.`.I.......F.
0050: 47 FE 77 13 E8 64 B8 51   82 05 47 7D 8E 36 27 9B  G.w..d.Q..G..6'.
0060: 02 01 A6 3D DA 80 B8 F1   0B 6F 42 13 B2 A0 A0 53  ...=.....oB....S
0070: 6B 0C 37 7C 6B 36 6B F3   79 D7 11 2E 39 6D 6C 45  k.7.k6k.y...9mlE
0080: CA 35 07 7A E4 8A AE 4D   95 98 13 CA 5D C5 B4 0C  .5.z...M....]...
0090: A6 E2 47 78 9A E0 C8 EE   05 F4 AF FD 15 BB 6B 41  ..Gx..........kA
00A0: EF 9B AF D1 C9 6C C4 B0   D9 40 E9 E6 3A 2D 2F 1E  .....l...@..:-/.
00B0: 40 13 84 29 2D 65 14 AF   AA B4 37 9B F0 A5 3F 17  @..)-e....7...?.
00C0: D4 16 59 78 DC 1D 50 50   89 63 5B 7C A8 E5 07 02  ..Yx..PP.c[.....
00D0: AA 65 0F 56 2E 24 22 BD   C9 1E 68 92 E7 10 DD 92  .e.V.$"...h.....
00E0: 49 90 8A 1E E4 5F 9F 2C   B4 F2 32 27 0B 86 D6 00  I...._.,..2'....
00F0: A4 C1 06 24 00                                     ...$.
[Raw read]: length = 5
0000: 17 03 03 01 B0                                     .....
[Raw read]: length = 432
0000: 81 AA E7 22 5C F4 FC 02   26 76 8E 69 62 D7 6A F3  ..."\...&v.ib.j.
0010: EF 3F 16 2A 43 38 8B CD   0C E7 63 C0 E2 E4 BE 3D  .?.*C8....c....=
0020: BD B8 B5 ED 75 F6 63 02   6B 83 53 24 EB EE 00 3C  ....u.c.k.S$...<
0030: 21 80 62 7C 09 80 41 F1   85 14 D7 9A EC 08 77 99  !.b...A.......w.
0040: FB EE D1 43 59 AB A8 62   AC B8 4D AC 9D DD 10 16  ...CY..b..M.....
0050: 5E 90 47 56 E0 FE 0B A4   99 13 88 2A 99 FB 10 52  ^.GV.......*...R
0060: 8A 70 E4 8A C5 4A 06 77   31 DB 63 67 20 6E 82 F8  .p...J.w1.cg n..
0070: 38 0A E0 B3 60 0C CC 91   BE AB 9F 31 37 8B 5F 5C  8...`......17._\
0080: 8B E7 2A C6 B0 C0 73 9F   24 94 F4 CF 72 31 4C EC  ..*...s.$...r1L.
0090: E2 A2 97 F6 72 E8 87 C2   DA C1 FE EF 84 FD C8 0A  ....r...........
00A0: D8 D5 21 9B 02 F9 62 FF   17 F0 4F 5E 18 10 A6 5C  ..!...b...O^...\
00B0: C3 57 F8 C5 B7 F1 13 3A   E6 35 B5 56 1A C5 71 BA  .W.....:.5.V..q.
00C0: D7 79 5A F3 C2 F3 8B 5A   48 DF A7 01 CA AF 05 44  .yZ....ZH......D
00D0: 70 41 E8 BB 8A CA 88 A0   AB CF 9A D5 02 86 DE A6  pA..............
00E0: 41 BC 88 8A 4B 7D F5 D5   50 00 72 95 01 C7 F7 F3  A...K...P.r.....
00F0: 18 17 FE 5B 0A 0E C0 3F   1B 9F 6E C5 2E FB BD 88  ...[...?..n.....
0100: 93 11 CA 10 7F 59 00 D9   A1 D1 65 23 E5 74 0A 25  .....Y....e#.t.%
0110: 11 83 3A A4 F3 F5 0B E2   4B 91 28 83 16 6A 57 13  ..:.....K.(..jW.
0120: 36 C6 52 A4 99 7D B0 56   B2 87 99 15 D5 B5 85 FC  6.R....V........
0130: A1 ED E7 1E BB 76 35 40   E3 A0 23 84 AB 15 AD 67  .....v5@..#....g
0140: F9 E2 2C 8E 41 1C 9B 43   E9 2E 45 7A DB 9B 41 B6  ..,.A..C..Ez..A.
0150: A4 05 B5 8C A9 F8 80 06   6B 08 F6 C5 F7 CC 33 E2  ........k.....3.
0160: 16 FD F4 C4 0A 7D 1A 31   74 80 92 91 04 09 D7 25  .......1t......%
0170: 42 49 AB C5 39 E9 47 10   E2 33 37 CB 27 53 07 5F  BI..9.G..37.'S._
0180: 3F 03 98 B9 27 ED 31 0F   A1 4D 43 AA A6 3F B3 07  ?...'.1..MC..?..
0190: A6 25 BF 5C ED FF EE 71   5E C3 1A 38 9A 69 92 B3  .%.\...q^..8.i..
01A0: 1A C7 27 6C 85 F7 27 41   1F 05 11 CF FF 53 0F A8  ..'l..'A.....S..
Test worker, READ: TLSv1.2 Application Data, length = 432
Padded plaintext after DECRYPTION:  len = 432
0000: 58 76 92 F8 33 3F 16 DC   08 82 3F 56 5A 93 C1 DC  Xv..3?....?VZ...
0010: 48 54 54 50 2F 31 2E 31   20 33 30 32 20 0D 0A 58  HTTP/1.1 302 ..X
0020: 2D 43 6F 6E 74 65 6E 74   2D 54 79 70 65 2D 4F 70  -Content-Type-Op
0030: 74 69 6F 6E 73 3A 20 6E   6F 73 6E 69 66 66 0D 0A  tions: nosniff..
0040: 58 2D 58 53 53 2D 50 72   6F 74 65 63 74 69 6F 6E  X-XSS-Protection
0050: 3A 20 31 3B 20 6D 6F 64   65 3D 62 6C 6F 63 6B 0D  : 1; mode=block.
0060: 0A 43 61 63 68 65 2D 43   6F 6E 74 72 6F 6C 3A 20  .Cache-Control: 
0070: 6E 6F 2D 63 61 63 68 65   2C 20 6E 6F 2D 73 74 6F  no-cache, no-sto
0080: 72 65 2C 20 6D 61 78 2D   61 67 65 3D 30 2C 20 6D  re, max-age=0, m
0090: 75 73 74 2D 72 65 76 61   6C 69 64 61 74 65 0D 0A  ust-revalidate..
00A0: 50 72 61 67 6D 61 3A 20   6E 6F 2D 63 61 63 68 65  Pragma: no-cache
00B0: 0D 0A 45 78 70 69 72 65   73 3A 20 30 0D 0A 53 74  ..Expires: 0..St
00C0: 72 69 63 74 2D 54 72 61   6E 73 70 6F 72 74 2D 53  rict-Transport-S
00D0: 65 63 75 72 69 74 79 3A   20 6D 61 78 2D 61 67 65  ecurity: max-age
00E0: 3D 33 31 35 33 36 30 30   30 20 3B 20 69 6E 63 6C  =31536000 ; incl
00F0: 75 64 65 53 75 62 44 6F   6D 61 69 6E 73 0D 0A 58  udeSubDomains..X
0100: 2D 46 72 61 6D 65 2D 4F   70 74 69 6F 6E 73 3A 20  -Frame-Options: 
0110: 44 45 4E 59 0D 0A 4C 6F   63 61 74 69 6F 6E 3A 20  DENY..Location: 
0120: 68 74 74 70 73 3A 2F 2F   6C 6F 63 61 6C 68 6F 73  https://localhos
0130: 74 3A 39 30 38 30 2F 6C   6F 67 69 6E 0D 0A 43 6F  t:9080/login..Co
0140: 6E 74 65 6E 74 2D 4C 65   6E 67 74 68 3A 20 30 0D  ntent-Length: 0.
0150: 0A 44 61 74 65 3A 20 54   68 75 2C 20 32 33 20 41  .Date: Thu, 23 A
0160: 75 67 20 32 30 31 38 20   31 35 3A 31 39 3A 30 32  ug 2018 15:19:02
0170: 20 47 4D 54 0D 0A 0D 0A   93 46 F6 8D EE E0 49 70   GMT.....F....Ip
0180: 35 1D 4D 27 C8 B6 BE D9   BD A3 B1 6C 2A B8 B5 E0  5.M'.......l*...
0190: 60 AA D7 CF B4 67 0A 92   D1 34 86 6C 42 DC 66 CC  `....g...4.lB.f.
01A0: B7 6C 5A 3A 65 57 FA 63   07 07 07 07 07 07 07 07  .lZ:eW.c........
Test worker, called close()
Test worker, called closeInternal(true)
Test worker, SEND TLSv1.2 ALERT:  warning, description = close_notify
Padded plaintext before ENCRYPTION:  len = 80
0000: 66 EE 1C 0F 9A 1E DA 5E   87 2F FB 4D 79 40 60 12  f......^./.My@`.
0010: 01 00 65 43 AB B0 D4 60   19 92 1C 34 60 ED EC 28  ..eC...`...4`..(
0020: 12 1F A3 08 5C 0B 46 79   1C 7E EF 8B 19 41 44 59  ....\.Fy.....ADY
0030: D8 E1 48 6D 71 E0 F3 3F   79 BD 40 FC 22 2D 09 07  ..Hmq..?y.@."-..
0040: 85 6F 0D 0D 0D 0D 0D 0D   0D 0D 0D 0D 0D 0D 0D 0D  .o..............
Test worker, WRITE: TLSv1.2 Alert, length = 80
[Raw write]: length = 85
0000: 15 03 03 00 50 CE D8 9C   5B A4 83 91 FB DD 67 00  ....P...[.....g.
0010: 0B 8C 0C 84 F9 DD 58 37   00 E9 9D 3C 81 F2 64 7D  ......X7...<..d.
0020: E2 70 8D 3A E1 17 03 95   2F AE BA DF 80 7A 0A 8D  .p.:..../....z..
0030: 36 6B 42 FD 62 C4 6E 24   DC 94 32 19 9B D1 7F 23  6kB.b.n$..2....#
0040: 5E 25 B7 E0 F1 B2 96 D2   86 6F 42 64 BD 2D E2 B8  ^%.......oBd.-..
0050: BA 8C 25 69 70                                     ..%ip
Test worker, called closeSocket(true)
Allow unsafe renegotiation: false
Allow legacy hello messages: true
Is initial handshake: true
Is secure renegotiation: false
Test worker, setSoTimeout(0) called
%% Client cached [Session-1, TLS_ECDHE_RSA_WITH_AES_256_CBC_SHA384]
%% Try resuming [Session-1, TLS_ECDHE_RSA_WITH_AES_256_CBC_SHA384] from port 56246
*** ClientHello, TLSv1.2
RandomCookie:  GMT: 1534972006 bytes = { 47, 154, 19, 40, 236, 239, 236, 71, 224, 114, 172, 91, 187, 97, 37, 94, 118, 12, 134, 190, 65, 217, 12, 96, 225, 207, 82, 201 }
Session ID:  {91, 126, 208, 102, 133, 92, 216, 251, 25, 94, 178, 63, 141, 0, 146, 118, 207, 102, 191, 156, 247, 131, 86, 116, 207, 18, 41, 186, 152, 245, 194, 99}
Cipher Suites: [TLS_ECDHE_ECDSA_WITH_AES_256_CBC_SHA384, TLS_ECDHE_RSA_WITH_AES_256_CBC_SHA384, TLS_RSA_WITH_AES_256_CBC_SHA256, TLS_ECDH_ECDSA_WITH_AES_256_CBC_SHA384, TLS_ECDH_RSA_WITH_AES_256_CBC_SHA384, TLS_DHE_RSA_WITH_AES_256_CBC_SHA256, TLS_DHE_DSS_WITH_AES_256_CBC_SHA256, TLS_ECDHE_ECDSA_WITH_AES_256_CBC_SHA, TLS_ECDHE_RSA_WITH_AES_256_CBC_SHA, TLS_RSA_WITH_AES_256_CBC_SHA, TLS_ECDH_ECDSA_WITH_AES_256_CBC_SHA, TLS_ECDH_RSA_WITH_AES_256_CBC_SHA, TLS_DHE_RSA_WITH_AES_256_CBC_SHA, TLS_DHE_DSS_WITH_AES_256_CBC_SHA, TLS_ECDHE_ECDSA_WITH_AES_128_CBC_SHA256, TLS_ECDHE_RSA_WITH_AES_128_CBC_SHA256, TLS_RSA_WITH_AES_128_CBC_SHA256, TLS_ECDH_ECDSA_WITH_AES_128_CBC_SHA256, TLS_ECDH_RSA_WITH_AES_128_CBC_SHA256, TLS_DHE_RSA_WITH_AES_128_CBC_SHA256, TLS_DHE_DSS_WITH_AES_128_CBC_SHA256, TLS_ECDHE_ECDSA_WITH_AES_128_CBC_SHA, TLS_ECDHE_RSA_WITH_AES_128_CBC_SHA, TLS_RSA_WITH_AES_128_CBC_SHA, TLS_ECDH_ECDSA_WITH_AES_128_CBC_SHA, TLS_ECDH_RSA_WITH_AES_128_CBC_SHA, TLS_DHE_RSA_WITH_AES_128_CBC_SHA, TLS_DHE_DSS_WITH_AES_128_CBC_SHA, TLS_ECDHE_ECDSA_WITH_AES_256_GCM_SHA384, TLS_ECDHE_ECDSA_WITH_AES_128_GCM_SHA256, TLS_ECDHE_RSA_WITH_AES_256_GCM_SHA384, TLS_RSA_WITH_AES_256_GCM_SHA384, TLS_ECDH_ECDSA_WITH_AES_256_GCM_SHA384, TLS_ECDH_RSA_WITH_AES_256_GCM_SHA384, TLS_DHE_RSA_WITH_AES_256_GCM_SHA384, TLS_DHE_DSS_WITH_AES_256_GCM_SHA384, TLS_ECDHE_RSA_WITH_AES_128_GCM_SHA256, TLS_RSA_WITH_AES_128_GCM_SHA256, TLS_ECDH_ECDSA_WITH_AES_128_GCM_SHA256, TLS_ECDH_RSA_WITH_AES_128_GCM_SHA256, TLS_DHE_RSA_WITH_AES_128_GCM_SHA256, TLS_DHE_DSS_WITH_AES_128_GCM_SHA256, TLS_EMPTY_RENEGOTIATION_INFO_SCSV]
Compression Methods:  { 0 }
Extension elliptic_curves, curve names: {secp256r1, secp384r1, secp521r1, sect283k1, sect283r1, sect409k1, sect409r1, sect571k1, sect571r1, secp256k1}
Extension ec_point_formats, formats: [uncompressed]
Extension signature_algorithms, signature_algorithms: SHA512withECDSA, SHA512withRSA, SHA384withECDSA, SHA384withRSA, SHA256withECDSA, SHA256withRSA, SHA256withDSA, SHA224withECDSA, SHA224withRSA, SHA224withDSA, SHA1withECDSA, SHA1withRSA, SHA1withDSA
Extension extended_master_secret
***
[write] MD5 and SHA1 hashes:  len = 231
0000: 01 00 00 E3 03 03 5B 7E   D0 66 2F 9A 13 28 EC EF  ......[..f/..(..
0010: EC 47 E0 72 AC 5B BB 61   25 5E 76 0C 86 BE 41 D9  .G.r.[.a%^v...A.
0020: 0C 60 E1 CF 52 C9 20 5B   7E D0 66 85 5C D8 FB 19  .`..R. [..f.\...
0030: 5E B2 3F 8D 00 92 76 CF   66 BF 9C F7 83 56 74 CF  ^.?...v.f....Vt.
0040: 12 29 BA 98 F5 C2 63 00   56 C0 24 C0 28 00 3D C0  .)....c.V.$.(.=.
0050: 26 C0 2A 00 6B 00 6A C0   0A C0 14 00 35 C0 05 C0  &.*.k.j.....5...
0060: 0F 00 39 00 38 C0 23 C0   27 00 3C C0 25 C0 29 00  ..9.8.#.'.<.%.).
0070: 67 00 40 C0 09 C0 13 00   2F C0 04 C0 0E 00 33 00  g.@...../.....3.
0080: 32 C0 2C C0 2B C0 30 00   9D C0 2E C0 32 00 9F 00  2.,.+.0.....2...
0090: A3 C0 2F 00 9C C0 2D C0   31 00 9E 00 A2 00 FF 01  ../...-.1.......
00A0: 00 00 44 00 0A 00 16 00   14 00 17 00 18 00 19 00  ..D.............
00B0: 09 00 0A 00 0B 00 0C 00   0D 00 0E 00 16 00 0B 00  ................
00C0: 02 01 00 00 0D 00 1C 00   1A 06 03 06 01 05 03 05  ................
00D0: 01 04 03 04 01 04 02 03   03 03 01 03 02 02 03 02  ................
00E0: 01 02 02 00 17 00 00                               .......
Test worker, WRITE: TLSv1.2 Handshake, length = 231
[Raw write]: length = 236
0000: 16 03 03 00 E7 01 00 00   E3 03 03 5B 7E D0 66 2F  ...........[..f/
0010: 9A 13 28 EC EF EC 47 E0   72 AC 5B BB 61 25 5E 76  ..(...G.r.[.a%^v
0020: 0C 86 BE 41 D9 0C 60 E1   CF 52 C9 20 5B 7E D0 66  ...A..`..R. [..f
0030: 85 5C D8 FB 19 5E B2 3F   8D 00 92 76 CF 66 BF 9C  .\...^.?...v.f..
0040: F7 83 56 74 CF 12 29 BA   98 F5 C2 63 00 56 C0 24  ..Vt..)....c.V.$
0050: C0 28 00 3D C0 26 C0 2A   00 6B 00 6A C0 0A C0 14  .(.=.&.*.k.j....
0060: 00 35 C0 05 C0 0F 00 39   00 38 C0 23 C0 27 00 3C  .5.....9.8.#.'.<
0070: C0 25 C0 29 00 67 00 40   C0 09 C0 13 00 2F C0 04  .%.).g.@...../..
0080: C0 0E 00 33 00 32 C0 2C   C0 2B C0 30 00 9D C0 2E  ...3.2.,.+.0....
0090: C0 32 00 9F 00 A3 C0 2F   00 9C C0 2D C0 31 00 9E  .2...../...-.1..
00A0: 00 A2 00 FF 01 00 00 44   00 0A 00 16 00 14 00 17  .......D........
00B0: 00 18 00 19 00 09 00 0A   00 0B 00 0C 00 0D 00 0E  ................
00C0: 00 16 00 0B 00 02 01 00   00 0D 00 1C 00 1A 06 03  ................
00D0: 06 01 05 03 05 01 04 03   04 01 04 02 03 03 03 01  ................
00E0: 03 02 02 03 02 01 02 02   00 17 00 00              ............
[Raw read]: length = 5
0000: 16 03 03 00 55                                     ....U
[Raw read]: length = 85
0000: 02 00 00 51 03 03 5B 7E   D0 66 9C 29 0C 37 0E 39  ...Q..[..f.).7.9
0010: FA 40 2A F5 E7 EE F5 1D   1D 5D A3 3B 6C 3D A8 8A  .@*......].;l=..
0020: B2 11 7A 88 3A E8 20 5B   7E D0 66 85 5C D8 FB 19  ..z.:. [..f.\...
0030: 5E B2 3F 8D 00 92 76 CF   66 BF 9C F7 83 56 74 CF  ^.?...v.f....Vt.
0040: 12 29 BA 98 F5 C2 63 C0   28 00 00 09 FF 01 00 01  .)....c.(.......
0050: 00 00 17 00 00                                     .....
Test worker, READ: TLSv1.2 Handshake, length = 85
*** ServerHello, TLSv1.2
RandomCookie:  GMT: 1534972006 bytes = { 156, 41, 12, 55, 14, 57, 250, 64, 42, 245, 231, 238, 245, 29, 29, 93, 163, 59, 108, 61, 168, 138, 178, 17, 122, 136, 58, 232 }
Session ID:  {91, 126, 208, 102, 133, 92, 216, 251, 25, 94, 178, 63, 141, 0, 146, 118, 207, 102, 191, 156, 247, 131, 86, 116, 207, 18, 41, 186, 152, 245, 194, 99}
Cipher Suite: TLS_ECDHE_RSA_WITH_AES_256_CBC_SHA384
Compression Method: 0
Extension renegotiation_info, renegotiated_connection: <empty>
Extension extended_master_secret
***
CONNECTION KEYGEN:
Client Nonce:
0000: 5B 7E D0 66 2F 9A 13 28   EC EF EC 47 E0 72 AC 5B  [..f/..(...G.r.[
0010: BB 61 25 5E 76 0C 86 BE   41 D9 0C 60 E1 CF 52 C9  .a%^v...A..`..R.
Server Nonce:
0000: 5B 7E D0 66 9C 29 0C 37   0E 39 FA 40 2A F5 E7 EE  [..f.).7.9.@*...
0010: F5 1D 1D 5D A3 3B 6C 3D   A8 8A B2 11 7A 88 3A E8  ...].;l=....z.:.
Master Secret:
0000: 81 C9 51 0E 06 D1 9E 3B   91 B3 C4 A2 16 86 5D 0C  ..Q....;......].
0010: AF 83 78 94 14 88 B2 B0   F0 0F 17 69 15 B5 3B BB  ..x........i..;.
0020: 91 ED 23 A5 11 18 21 C8   85 A0 D9 BC EC 3E A4 6C  ..#...!......>.l
Client MAC write Secret:
0000: A0 73 B7 E2 D0 7C 56 E9   0B 53 E7 3D C4 EA 81 FF  .s....V..S.=....
0010: 48 55 55 AE 41 AB F7 7D   49 53 82 EC AB D3 60 FB  HUU.A...IS....`.
0020: 77 CD 87 92 FF 74 C5 5B   3C 3D 2D A9 E7 CC ED 00  w....t.[<=-.....
Server MAC write Secret:
0000: E7 8B EC C5 3F 45 03 CB   13 70 AE 31 09 4E F4 C9  ....?E...p.1.N..
0010: FC EE 85 CF CF 2D 2D 3F   4F FA 2A 04 B9 2D C2 C3  .....--?O.*..-..
0020: 2A 72 ED 55 F9 79 BE B4   80 40 C4 6A 78 06 0D 26  *r.U.y...@.jx..&
Client write key:
0000: 28 0E 1E 15 6F 29 93 DA   AA 16 33 2D 44 BB 26 DE  (...o)....3-D.&.
0010: A0 69 1D C9 1B FE 89 04   69 93 1A B8 8E CA 98 12  .i......i.......
Server write key:
0000: B1 88 A0 9D CF 59 E3 17   0E EF CC 4C 8F C9 50 B1  .....Y.....L..P.
0010: D8 A3 B2 7E 51 3A 83 C8   02 18 A9 42 52 1C C0 A2  ....Q:.....BR...
... no IV derived for this protocol
%% Server resumed [Session-1, TLS_ECDHE_RSA_WITH_AES_256_CBC_SHA384]
[read] MD5 and SHA1 hashes:  len = 85
0000: 02 00 00 51 03 03 5B 7E   D0 66 9C 29 0C 37 0E 39  ...Q..[..f.).7.9
0010: FA 40 2A F5 E7 EE F5 1D   1D 5D A3 3B 6C 3D A8 8A  .@*......].;l=..
0020: B2 11 7A 88 3A E8 20 5B   7E D0 66 85 5C D8 FB 19  ..z.:. [..f.\...
0030: 5E B2 3F 8D 00 92 76 CF   66 BF 9C F7 83 56 74 CF  ^.?...v.f....Vt.
0040: 12 29 BA 98 F5 C2 63 C0   28 00 00 09 FF 01 00 01  .)....c.(.......
0050: 00 00 17 00 00                                     .....
[Raw read]: length = 5
0000: 14 03 03 00 01                                     .....
[Raw read]: length = 1
0000: 01                                                 .
Test worker, READ: TLSv1.2 Change Cipher Spec, length = 1
[Raw read]: length = 5
0000: 16 03 03 00 60                                     ....`
[Raw read]: length = 96
0000: 93 30 E9 53 BA E8 5E 16   D8 C9 EA 4C 8F AA BD E6  .0.S..^....L....
0010: F0 85 49 A1 63 48 C9 57   A8 E3 5D AC F6 E2 27 54  ..I.cH.W..]...'T
0020: 60 67 A6 C6 5A 7B 25 2A   FB 63 EC 4A AC EA C6 AC  `g..Z.%*.c.J....
0030: 62 25 E9 F3 E8 D0 00 F6   2C BB 66 CA 6D 75 4A FD  b%......,.f.muJ.
0040: 79 15 08 D7 1E 35 FF 48   E1 35 C1 E2 86 CB 81 53  y....5.H.5.....S
0050: 29 1F 1C 7A 97 CD 59 48   B2 8F 8A 6B 66 32 C3 5D  )..z..YH...kf2.]
Test worker, READ: TLSv1.2 Handshake, length = 96
Padded plaintext after DECRYPTION:  len = 96
0000: EA 3D D6 95 40 C9 13 13   70 A0 EA 7B 33 94 85 BF  .=..@...p...3...
0010: 14 00 00 0C 89 FA 9E 32   CE 8F 9C C9 6B E7 34 F8  .......2....k.4.
0020: 6B 01 0F CD D4 DC 03 C9   01 B1 FC 4E E4 C7 10 DD  k..........N....
0030: 5E 7B 3A 30 D0 81 CE 1E   90 27 B7 4A FD 65 D8 7C  ^.:0.....'.J.e..
0040: 99 4D 5D A1 C7 3C A7 8D   83 A7 E6 25 3A 49 42 C3  .M]..<.....%:IB.
0050: 0F 0F 0F 0F 0F 0F 0F 0F   0F 0F 0F 0F 0F 0F 0F 0F  ................
*** Finished
verify_data:  { 137, 250, 158, 50, 206, 143, 156, 201, 107, 231, 52, 248 }
***
[read] MD5 and SHA1 hashes:  len = 16
0000: 14 00 00 0C 89 FA 9E 32   CE 8F 9C C9 6B E7 34 F8  .......2....k.4.
Test worker, WRITE: TLSv1.2 Change Cipher Spec, length = 1
[Raw write]: length = 6
0000: 14 03 03 00 01 01                                  ......
*** Finished
verify_data:  { 61, 153, 107, 172, 105, 124, 228, 227, 254, 77, 69, 88 }
***
[write] MD5 and SHA1 hashes:  len = 16
0000: 14 00 00 0C 3D 99 6B AC   69 7C E4 E3 FE 4D 45 58  ....=.k.i....MEX
Padded plaintext before ENCRYPTION:  len = 96
0000: E1 5D 73 31 CC 70 C5 DE   D1 EC EB FA 03 5D 96 89  .]s1.p.......]..
0010: 14 00 00 0C 3D 99 6B AC   69 7C E4 E3 FE 4D 45 58  ....=.k.i....MEX
0020: D9 D6 EF 35 CF B5 42 A5   73 37 58 F6 C8 22 CF 7A  ...5..B.s7X..".z
0030: F0 30 19 1C 26 F0 1D 0D   4D EB 1C A4 F8 5D 3E 57  .0..&...M....]>W
0040: 86 B4 CC F1 93 DA F6 44   C7 D4 6E F0 E4 44 81 D5  .......D..n..D..
0050: 0F 0F 0F 0F 0F 0F 0F 0F   0F 0F 0F 0F 0F 0F 0F 0F  ................
Test worker, WRITE: TLSv1.2 Handshake, length = 96
[Raw write]: length = 101
0000: 16 03 03 00 60 CE 16 12   FC A7 82 D6 07 07 E2 E8  ....`...........
0010: 13 4D 18 F6 F4 CC FB 6F   C6 6C 1C 6F BB 53 C9 16  .M.....o.l.o.S..
0020: 64 7C 6C F7 C8 72 8C F1   C3 A5 D6 AE 7E E1 5A 1D  d.l..r........Z.
0030: 79 F3 11 AE 91 3A 36 B5   21 59 BF 8F A5 70 C3 88  y....:6.!Y...p..
0040: 0B CB AE B3 EE E1 3F E8   C7 E8 14 48 65 EB C0 B6  ......?....He...
0050: 8C FA AC 5F A1 3B 22 23   09 74 BC 6D F1 C3 C0 E4  ..._.;"#.t.m....
0060: 74 9E E0 9B 86                                     t....
Padded plaintext before ENCRYPTION:  len = 240
0000: 6B 9C 3F 37 65 49 4C 7A   7E 21 A2 DD 3C A7 2D 7C  k.?7eILz.!..<.-.
0010: 47 45 54 20 2F 6C 6F 67   69 6E 20 48 54 54 50 2F  GET /login HTTP/
0020: 31 2E 31 0D 0A 41 63 63   65 70 74 3A 20 74 65 78  1.1..Accept: tex
0030: 74 2F 70 6C 61 69 6E 2C   20 61 70 70 6C 69 63 61  t/plain, applica
0040: 74 69 6F 6E 2F 6A 73 6F   6E 2C 20 61 70 70 6C 69  tion/json, appli
0050: 63 61 74 69 6F 6E 2F 2A   2B 6A 73 6F 6E 2C 20 2A  cation/*+json, *
0060: 2F 2A 0D 0A 55 73 65 72   2D 41 67 65 6E 74 3A 20  /*..User-Agent: 
0070: 4A 61 76 61 2F 31 2E 38   2E 30 5F 31 38 31 0D 0A  Java/1.8.0_181..
0080: 48 6F 73 74 3A 20 6C 6F   63 61 6C 68 6F 73 74 3A  Host: localhost:
0090: 39 30 38 30 0D 0A 43 6F   6E 6E 65 63 74 69 6F 6E  9080..Connection
00A0: 3A 20 6B 65 65 70 2D 61   6C 69 76 65 0D 0A 0D 0A  : keep-alive....
00B0: 92 97 64 48 7B 64 44 CA   E6 67 47 82 DB E5 A6 81  ..dH.dD..gG.....
00C0: 7B B8 2F BB 43 47 C9 07   4F A7 16 CE 1B 4C 60 9E  ../.CG..O....L`.
00D0: 00 84 8B 83 1F 92 85 FA   05 09 D1 56 10 C3 E3 B3  ...........V....
00E0: 0F 0F 0F 0F 0F 0F 0F 0F   0F 0F 0F 0F 0F 0F 0F 0F  ................
Test worker, WRITE: TLSv1.2 Application Data, length = 240
[Raw write]: length = 245
0000: 17 03 03 00 F0 26 F6 5A   8F 60 BE 8C BD 68 F3 F4  .....&.Z.`...h..
0010: F6 22 B5 18 75 8C EA 35   52 CF 55 27 D4 11 6E CF  ."..u..5R.U'..n.
0020: 26 03 B7 0C 77 12 00 21   09 90 D0 C3 C2 31 BD 49  &...w..!.....1.I
0030: C4 12 04 0D 22 9E 9A FB   7E 68 2A 43 6C F4 BD 39  ...."....h*Cl..9
0040: E5 42 A4 67 60 07 EC 61   F9 55 A1 02 CA BB 5B 0C  .B.g`..a.U....[.
0050: 4F 44 7D F9 66 E8 76 08   02 44 5F A6 48 5E 3A FD  OD..f.v..D_.H^:.
0060: 41 F3 E5 D7 6A 42 F8 B1   6F B1 E1 E7 3F B3 62 D1  A...jB..o...?.b.
0070: 69 A1 C1 FA 83 F1 AB F4   C8 6C B8 E6 03 4C 24 92  i........l...L$.
0080: 2A 0F 62 8F 6A A0 E9 77   97 84 D5 74 BA 62 91 EE  *.b.j..w...t.b..
0090: 32 36 C6 9C 54 C5 66 65   45 12 93 A7 D4 F7 42 9F  26..T.feE.....B.
00A0: E7 D8 F9 65 10 5F FB B5   98 27 EE A0 0D 38 34 C3  ...e._...'...84.
00B0: 8F F5 C3 14 73 5B 05 DA   BC 6E 23 E7 28 1F 90 1F  ....s[...n#.(...
00C0: B0 56 FD CA 86 51 C4 0A   C3 52 06 D7 11 66 C7 F5  .V...Q...R...f..
00D0: 1D 60 F2 A7 60 62 87 46   AA BA DF 61 36 64 A6 F7  .`..`b.F...a6d..
00E0: EE D7 A4 FB A6 BB 61 04   74 BB 17 85 08 C0 88 2E  ......a.t.......
00F0: 2F E8 AF 00 41                                     /...A
[Raw read]: length = 5
0000: 17 03 03 04 20                                     .... 
[Raw read]: length = 1056
0000: E2 6A 58 D4 F3 47 74 0D   C1 6B 24 7D E9 1D 2D 67  .jX..Gt..k$...-g
0010: 05 A9 5A 9C FA 04 8B 80   79 E3 D6 2C D2 8D F9 C4  ..Z.....y..,....
0020: AF 66 D7 BC 8D B9 0D 3B   AE F7 37 E0 21 F3 B4 EF  .f.....;..7.!...
0030: 9E 0B 68 0B 1C A4 BF B4   A0 0F 3C D4 E9 E0 41 41  ..h.......<...AA
0040: 83 ED 91 E2 EF 86 6B 3E   59 75 7E 42 49 16 48 50  ......k>Yu.BI.HP
0050: 46 D4 67 AF 19 CE 93 1E   F4 76 78 86 39 C5 25 46  F.g......vx.9.%F
0060: 7F 57 9A 49 94 63 11 0F   2F 0E F8 BC 19 6F F0 00  .W.I.c../....o..
0070: 78 6D 17 AA 40 46 45 7C   8E 43 71 27 49 7C 9C 27  xm..@FE..Cq'I..'
0080: 45 E8 0B 10 98 36 FE BC   E4 B1 59 C3 22 DE 45 BD  E....6....Y.".E.
0090: 1A 91 40 D4 DE EC 66 1D   A8 C6 15 88 73 65 9E 26  ..@...f.....se.&
00A0: 9C 76 13 10 4E 31 E9 CB   30 93 44 3A 23 1A CE 44  .v..N1..0.D:#..D
00B0: 45 0D B7 1C AA 1F 88 78   AD 73 33 19 E8 7D 5E C7  E......x.s3...^.
00C0: 89 57 AC 5C B4 87 23 9B   7B C0 B7 BB D9 90 24 F7  .W.\..#.......$.
00D0: B8 29 64 4B 4E 1A F0 4B   4F B9 24 1B 55 9E 07 58  .)dKN..KO.$.U..X
00E0: C3 48 BE D7 11 6E F9 D8   AC 2B 7B 7A 61 86 F3 16  .H...n...+.za...
00F0: 7D D0 99 F9 02 4C 34 C7   1E 86 71 9E 8C EF 25 D1  .....L4...q...%.
0100: 74 80 A5 9A 9B 21 3C CF   E2 75 13 5E 91 40 16 A6  t....!<..u.^.@..
0110: 7D 9A 11 74 BB 66 87 F0   87 5B 64 D4 98 D7 4F F7  ...t.f...[d...O.
0120: 80 23 19 E3 DE E6 E1 D0   FE 9B 29 52 FA 59 5D BD  .#........)R.Y].
0130: 7C CF 6C DA 83 8F 9D 85   EB 28 D1 F4 F8 04 AC 2C  ..l......(.....,
0140: C5 31 8C CE 41 2F 89 B8   05 39 45 A6 28 77 83 A5  .1..A/...9E.(w..
0150: D3 A4 81 56 4A 9A 40 90   5A DA 13 B5 AD C4 31 36  ...VJ.@.Z.....16
0160: CB B4 2D 60 E9 2E D2 38   01 56 50 5B 17 3E 22 D7  ..-`...8.VP[.>".
0170: 97 77 ED 5C 96 B4 A9 44   24 61 EB CB 1E 2D 5D EF  .w.\...D$a...-].
0180: 23 36 73 01 45 63 55 D7   1C 51 CB 7F 0F A2 02 F3  #6s.EcU..Q......
0190: 82 B0 0F 43 34 54 B3 26   6B 64 CF 18 28 88 DF 76  ...C4T.&kd..(..v
01A0: 0E 42 0B 23 F9 6D 76 E6   E9 A7 44 59 14 E4 03 BF  .B.#.mv...DY....
01B0: AC C7 13 4D 64 64 10 AB   7E 75 DC 51 D4 32 16 2D  ...Mdd...u.Q.2.-
01C0: FD 7C 7A 3C 79 5A 3A DB   37 46 E3 17 89 FC F3 06  ..z<yZ:.7F......
01D0: 13 1D F0 45 30 60 11 84   16 6E 85 24 65 39 DC F1  ...E0`...n.$e9..
01E0: 99 77 A4 7A AF 47 A3 25   54 5C 48 A4 91 6E 7E BE  .w.z.G.%T\H..n..
01F0: E2 A8 D3 D3 2C A4 95 54   66 A8 82 F7 33 E7 4E CB  ....,..Tf...3.N.
0200: 79 71 1A F5 8D B6 23 81   98 C4 CD F0 D8 91 A8 02  yq....#.........
0210: 6B D6 D4 7C 3C 3C 1E 4A   CF B6 F8 5B 59 96 64 52  k...<<.J...[Y.dR
0220: D6 61 16 E4 78 91 59 03   53 AF 84 6F 89 F3 7E 62  .a..x.Y.S..o...b
0230: 48 52 56 6A 77 88 A8 4E   39 B7 AA E6 78 44 C3 E8  HRVjw..N9...xD..
0240: C7 87 5E AA 53 19 F8 D5   54 A8 32 DA 39 67 ED C6  ..^.S...T.2.9g..
0250: FA 93 23 D9 0D 85 7F 3E   2E C0 32 28 5A 81 FB 14  ..#....>..2(Z...
0260: 45 2D F0 3F 77 F2 1F 7F   85 E7 61 12 3D C5 66 D5  E-.?w.....a.=.f.
0270: A8 D5 94 47 49 08 CE 11   A2 19 E3 FA 2C 00 89 BC  ...GI.......,...
0280: 65 CE 9C 5C 7F AB ED 5A   E0 A9 FD C6 21 CA B7 01  e..\...Z....!...
0290: 6C CC E8 5D 58 2A 12 60   C6 4B 3D BF 03 78 47 38  l..]X*.`.K=..xG8
02A0: BD 17 37 CC 33 BD 20 EC   5F 20 28 97 B8 73 9B A0  ..7.3. ._ (..s..
02B0: 06 B0 78 3D DC C4 03 34   88 9C 7D 53 30 71 39 ED  ..x=...4...S0q9.
02C0: BE 29 C6 F6 D0 D2 07 6F   EF 04 52 C1 36 89 70 7F  .).....o..R.6.p.
02D0: C0 74 7D 4E 51 C8 53 33   29 16 8B 08 15 C7 80 77  .t.NQ.S3)......w
02E0: 98 D0 B2 6C CF 36 0F 9E   E3 BA D2 72 4A 31 73 03  ...l.6.....rJ1s.
02F0: FC C4 F2 F7 90 2A 65 96   2F 21 38 11 F8 86 50 A6  .....*e./!8...P.
0300: 68 3D AE 95 30 5A EE 9B   0A 13 27 24 B2 27 75 A4  h=..0Z....'$.'u.
0310: 2C 5E 36 46 A6 4C F9 17   D3 C9 CB F9 E6 AB AA 3B  ,^6F.L.........;
0320: 90 BB D4 77 CD 78 3D D8   73 61 C3 AD 55 A1 F5 37  ...w.x=.sa..U..7
0330: 92 ED CB 41 2D 6B 99 77   78 EF 78 2E 9D 1E 7A C6  ...A-k.wx.x...z.
0340: AF 23 B3 D8 05 6E 12 D7   70 5F C8 71 04 4F BB C3  .#...n..p_.q.O..
0350: 1E 38 28 77 BD B6 4B 57   DF C8 81 57 E4 0B A3 D5  .8(w..KW...W....
0360: 02 72 58 00 04 35 FF AC   4D 33 09 25 5B A8 58 2A  .rX..5..M3.%[.X*
0370: 75 A5 8A 80 C0 FC F9 E1   68 EB 63 9F F1 22 0A 60  u.......h.c..".`
0380: 41 A2 6D F5 67 F5 DC 43   79 DF 64 BB 3E 82 AC CF  A.m.g..Cy.d.>...
0390: 0D 8A E5 AC C1 F4 53 DB   A6 43 81 89 25 7A A9 40  ......S..C..%z.@
03A0: 53 74 12 CE BD BD F1 C7   91 EB 92 10 7F BA 2B 15  St............+.
03B0: D2 E9 F3 17 73 92 B2 63   D5 41 C5 19 78 1B B9 87  ....s..c.A..x...
03C0: 95 28 DC A1 FF AD 92 4C   A4 8F FB 03 F9 05 6A A6  .(.....L......j.
03D0: 79 2F 67 12 EC 5A DF BE   90 DF A0 16 AE FF 74 A1  y/g..Z........t.
03E0: 66 09 3E AC 86 39 00 1B   0A 50 0B 7F 73 85 C8 84  f.>..9...P..s...
03F0: 06 C3 5D 3D B8 A8 97 BD   C4 76 7C FA 18 A9 0A 77  ..]=.....v.....w
0400: 8B 96 20 39 36 7D 69 98   19 BB 80 D3 33 C9 C7 17  .. 96.i.....3...
0410: 38 3E 02 AF D3 1B AC 68   E4 D3 68 7F 59 40 D7 DB  8>.....h..h.Y@..
Test worker, READ: TLSv1.2 Application Data, length = 1056
Padded plaintext after DECRYPTION:  len = 1056
0000: 34 63 C9 6A 1A ED D8 46   C8 C3 06 52 67 48 E3 1D  4c.j...F...RgH..
0010: 48 54 54 50 2F 31 2E 31   20 32 30 30 20 0D 0A 53  HTTP/1.1 200 ..S
0020: 65 74 2D 43 6F 6F 6B 69   65 3A 20 4A 53 45 53 53  et-Cookie: JSESS
0030: 49 4F 4E 49 44 3D 44 37   38 46 30 39 30 39 36 37  IONID=D78F090967
0040: 39 30 46 32 30 44 45 43   35 32 42 33 38 41 31 43  90F20DEC52B38A1C
0050: 43 33 35 34 38 30 3B 20   50 61 74 68 3D 2F 3B 20  C35480; Path=/; 
0060: 53 65 63 75 72 65 3B 20   48 74 74 70 4F 6E 6C 79  Secure; HttpOnly
0070: 0D 0A 58 2D 43 6F 6E 74   65 6E 74 2D 54 79 70 65  ..X-Content-Type
0080: 2D 4F 70 74 69 6F 6E 73   3A 20 6E 6F 73 6E 69 66  -Options: nosnif
0090: 66 0D 0A 58 2D 58 53 53   2D 50 72 6F 74 65 63 74  f..X-XSS-Protect
00A0: 69 6F 6E 3A 20 31 3B 20   6D 6F 64 65 3D 62 6C 6F  ion: 1; mode=blo
00B0: 63 6B 0D 0A 43 61 63 68   65 2D 43 6F 6E 74 72 6F  ck..Cache-Contro
00C0: 6C 3A 20 6E 6F 2D 63 61   63 68 65 2C 20 6E 6F 2D  l: no-cache, no-
00D0: 73 74 6F 72 65 2C 20 6D   61 78 2D 61 67 65 3D 30  store, max-age=0
00E0: 2C 20 6D 75 73 74 2D 72   65 76 61 6C 69 64 61 74  , must-revalidat
00F0: 65 0D 0A 50 72 61 67 6D   61 3A 20 6E 6F 2D 63 61  e..Pragma: no-ca
0100: 63 68 65 0D 0A 45 78 70   69 72 65 73 3A 20 30 0D  che..Expires: 0.
0110: 0A 53 74 72 69 63 74 2D   54 72 61 6E 73 70 6F 72  .Strict-Transpor
0120: 74 2D 53 65 63 75 72 69   74 79 3A 20 6D 61 78 2D  t-Security: max-
0130: 61 67 65 3D 33 31 35 33   36 30 30 30 20 3B 20 69  age=31536000 ; i
0140: 6E 63 6C 75 64 65 53 75   62 44 6F 6D 61 69 6E 73  ncludeSubDomains
0150: 0D 0A 58 2D 46 72 61 6D   65 2D 4F 70 74 69 6F 6E  ..X-Frame-Option
0160: 73 3A 20 44 45 4E 59 0D   0A 43 6F 6E 74 65 6E 74  s: DENY..Content
0170: 2D 54 79 70 65 3A 20 74   65 78 74 2F 68 74 6D 6C  -Type: text/html
0180: 3B 63 68 61 72 73 65 74   3D 55 54 46 2D 38 0D 0A  ;charset=UTF-8..
0190: 43 6F 6E 74 65 6E 74 2D   4C 65 6E 67 74 68 3A 20  Content-Length: 
01A0: 35 33 35 0D 0A 44 61 74   65 3A 20 54 68 75 2C 20  535..Date: Thu, 
01B0: 32 33 20 41 75 67 20 32   30 31 38 20 31 35 3A 31  23 Aug 2018 15:1
01C0: 39 3A 30 32 20 47 4D 54   0D 0A 0D 0A 3C 68 74 6D  9:02 GMT....<htm
01D0: 6C 3E 3C 68 65 61 64 3E   3C 74 69 74 6C 65 3E 4C  l><head><title>L
01E0: 6F 67 69 6E 20 50 61 67   65 3C 2F 74 69 74 6C 65  ogin Page</title
01F0: 3E 3C 2F 68 65 61 64 3E   3C 62 6F 64 79 20 6F 6E  ></head><body on
0200: 6C 6F 61 64 3D 27 64 6F   63 75 6D 65 6E 74 2E 66  load='document.f
0210: 2E 75 73 65 72 6E 61 6D   65 2E 66 6F 63 75 73 28  .username.focus(
0220: 29 3B 27 3E 0A 3C 68 33   3E 4C 6F 67 69 6E 20 77  );'>.<h3>Login w
0230: 69 74 68 20 55 73 65 72   6E 61 6D 65 20 61 6E 64  ith Username and
0240: 20 50 61 73 73 77 6F 72   64 3C 2F 68 33 3E 3C 66   Password</h3><f
0250: 6F 72 6D 20 6E 61 6D 65   3D 27 66 27 20 61 63 74  orm name='f' act
0260: 69 6F 6E 3D 27 2F 6C 6F   67 69 6E 27 20 6D 65 74  ion='/login' met
0270: 68 6F 64 3D 27 50 4F 53   54 27 3E 0A 3C 74 61 62  hod='POST'>.<tab
0280: 6C 65 3E 0A 09 3C 74 72   3E 3C 74 64 3E 55 73 65  le>..<tr><td>Use
0290: 72 3A 3C 2F 74 64 3E 3C   74 64 3E 3C 69 6E 70 75  r:</td><td><inpu
02A0: 74 20 74 79 70 65 3D 27   74 65 78 74 27 20 6E 61  t type='text' na
02B0: 6D 65 3D 27 75 73 65 72   6E 61 6D 65 27 20 76 61  me='username' va
02C0: 6C 75 65 3D 27 27 3E 3C   2F 74 64 3E 3C 2F 74 72  lue=''></td></tr
02D0: 3E 0A 09 3C 74 72 3E 3C   74 64 3E 50 61 73 73 77  >..<tr><td>Passw
02E0: 6F 72 64 3A 3C 2F 74 64   3E 3C 74 64 3E 3C 69 6E  ord:</td><td><in
02F0: 70 75 74 20 74 79 70 65   3D 27 70 61 73 73 77 6F  put type='passwo
0300: 72 64 27 20 6E 61 6D 65   3D 27 70 61 73 73 77 6F  rd' name='passwo
0310: 72 64 27 2F 3E 3C 2F 74   64 3E 3C 2F 74 72 3E 0A  rd'/></td></tr>.
0320: 09 3C 74 72 3E 3C 74 64   20 63 6F 6C 73 70 61 6E  .<tr><td colspan
0330: 3D 27 32 27 3E 3C 69 6E   70 75 74 20 6E 61 6D 65  ='2'><input name
0340: 3D 22 73 75 62 6D 69 74   22 20 74 79 70 65 3D 22  ="submit" type="
0350: 73 75 62 6D 69 74 22 20   76 61 6C 75 65 3D 22 4C  submit" value="L
0360: 6F 67 69 6E 22 2F 3E 3C   2F 74 64 3E 3C 2F 74 72  ogin"/></td></tr
0370: 3E 0A 09 3C 69 6E 70 75   74 20 6E 61 6D 65 3D 22  >..<input name="
0380: 5F 63 73 72 66 22 20 74   79 70 65 3D 22 68 69 64  _csrf" type="hid
0390: 64 65 6E 22 20 76 61 6C   75 65 3D 22 31 33 34 39  den" value="1349
03A0: 66 34 30 34 2D 35 34 66   36 2D 34 63 31 39 2D 38  f404-54f6-4c19-8
03B0: 62 34 61 2D 66 39 65 33   61 39 39 39 65 63 38 61  b4a-f9e3a999ec8a
03C0: 22 20 2F 3E 0A 3C 2F 74   61 62 6C 65 3E 0A 3C 2F  " />.</table>.</
03D0: 66 6F 72 6D 3E 3C 2F 62   6F 64 79 3E 3C 2F 68 74  form></body></ht
03E0: 6D 6C 3E 19 32 D9 D8 5D   01 A4 7F B7 36 03 18 72  ml>.2..]....6..r
03F0: B3 AA A5 95 2F 5B 74 C4   07 B7 CC B3 09 32 89 A2  ..../[t......2..
0400: 61 14 A2 E0 9B B8 98 55   1E D6 4C CA 48 E7 97 CA  a......U..L.H...
0410: 47 58 26 0C 0C 0C 0C 0C   0C 0C 0C 0C 0C 0C 0C 0C  GX&.............
<html><head><title>Login Page</title></head><body onload='document.f.username.focus();'>
<h3>Login with Username and Password</h3><form name='f' action='/login' method='POST'>
<table>
	<tr><td>User:</td><td><input type='text' name='username' value=''></td></tr>
	<tr><td>Password:</td><td><input type='password' name='password'/></td></tr>
	<tr><td colspan='2'><input name="submit" type="submit" value="Login"/></td></tr>
	<input name="_csrf" type="hidden" value="1349f404-54f6-4c19-8b4a-f9e3a999ec8a" />
</table>
</form></body></html>
Test worker, setSoTimeout(0) called
Padded plaintext before ENCRYPTION:  len = 240
0000: D9 B4 EF C9 B6 E0 49 DA   56 1E FC 01 16 48 EC 54  ......I.V....H.T
0010: 47 45 54 20 2F 68 65 6C   6C 6F 20 48 54 54 50 2F  GET /hello HTTP/
0020: 31 2E 31 0D 0A 41 63 63   65 70 74 3A 20 74 65 78  1.1..Accept: tex
0030: 74 2F 70 6C 61 69 6E 2C   20 61 70 70 6C 69 63 61  t/plain, applica
0040: 74 69 6F 6E 2F 6A 73 6F   6E 2C 20 61 70 70 6C 69  tion/json, appli
0050: 63 61 74 69 6F 6E 2F 2A   2B 6A 73 6F 6E 2C 20 2A  cation/*+json, *
0060: 2F 2A 0D 0A 55 73 65 72   2D 41 67 65 6E 74 3A 20  /*..User-Agent: 
0070: 4A 61 76 61 2F 31 2E 38   2E 30 5F 31 38 31 0D 0A  Java/1.8.0_181..
0080: 48 6F 73 74 3A 20 6C 6F   63 61 6C 68 6F 73 74 3A  Host: localhost:
0090: 39 30 38 30 0D 0A 43 6F   6E 6E 65 63 74 69 6F 6E  9080..Connection
00A0: 3A 20 6B 65 65 70 2D 61   6C 69 76 65 0D 0A 0D 0A  : keep-alive....
00B0: A2 89 C3 26 8F CA A5 81   8E 1F 02 50 4C F7 32 2E  ...&.......PL.2.
00C0: 5E 24 78 E4 20 90 F5 18   49 E8 FB 58 17 8F E7 8A  ^$x. ...I..X....
00D0: 22 9B 94 96 77 82 37 36   93 64 15 EE 62 F2 AA 24  "...w.76.d..b..$
00E0: 0F 0F 0F 0F 0F 0F 0F 0F   0F 0F 0F 0F 0F 0F 0F 0F  ................
Test worker, WRITE: TLSv1.2 Application Data, length = 240
[Raw write]: length = 245
0000: 17 03 03 00 F0 1C CE 6E   AC 55 E5 6C EB E3 D7 4E  .......n.U.l...N
0010: F8 7E D9 89 11 18 7E 6E   11 F4 68 B5 3C B5 4E B8  .......n..h.<.N.
0020: CB 0A 03 F9 CE 4A 28 46   53 67 DC 91 98 25 D9 CA  .....J(FSg...%..
0030: 8C C3 24 59 C4 F2 7F A8   A5 F7 7A 7A 4C 34 A4 39  ..$Y......zzL4.9
0040: 5D 45 2B 6F 2B 4E A6 4E   A9 D6 6A 43 74 4F C0 DF  ]E+o+N.N..jCtO..
0050: FF B3 05 65 D7 FA 77 FA   A3 3B D3 74 F1 47 1A 8C  ...e..w..;.t.G..
0060: 02 2D ED CF E3 8E A3 47   41 01 B6 EF C8 D7 97 D9  .-.....GA.......
0070: C8 EA 66 77 77 54 5E 72   6C 17 32 E6 CA 42 08 72  ..fwwT^rl.2..B.r
0080: 9C FD 02 E9 A4 2E FD 81   CA 59 34 C7 4D 57 02 BA  .........Y4.MW..
0090: 18 F2 91 67 5A 2E E5 33   36 0C F7 8E F8 0B 1A 1D  ...gZ..36.......
00A0: 0B C1 6B C7 03 BB 2D 93   DE 90 62 E4 7A 48 84 63  ..k...-...b.zH.c
00B0: 90 D0 D5 42 94 79 8C DF   C5 7D 2D F1 44 2D 02 F1  ...B.y....-.D-..
00C0: 3E 37 9E E7 41 BB F5 1E   13 A3 CE 1F 1C 84 CD C0  >7..A...........
00D0: 63 84 36 A5 D1 6B 87 7E   0C 7E FA 93 B8 56 11 36  c.6..k.......V.6
00E0: DA 61 EE 6D 3B 34 89 A8   BE 7F EF F0 53 56 96 1B  .a.m;4......SV..
00F0: 1B E4 00 57 2E                                     ...W.
[Raw read]: length = 5
0000: 17 03 03 01 B0                                     .....
[Raw read]: length = 432
0000: 36 9A A5 29 DD E0 39 C4   DE 62 88 D6 D6 D1 4F 93  6..)..9..b....O.
0010: F7 2E 33 D1 AF 29 77 CD   5B 2A C2 FB 98 00 F7 F0  ..3..)w.[*......
0020: D5 A6 96 B1 2D 67 1F 73   33 86 08 BA 39 14 F7 29  ....-g.s3...9..)
0030: 94 F4 BD 6D 8C 50 38 3F   12 96 2B EB B2 0A C2 49  ...m.P8?..+....I
0040: BD 5E 72 9E F2 EB 9E 7E   D3 E1 FF 24 14 89 E0 C5  .^r........$....
0050: 42 E7 42 E8 18 57 B9 8C   E0 C5 7A 63 9F 2F CF 2F  B.B..W....zc././
0060: 4C D6 AC 54 EF 0C 62 25   7C 7E D9 98 94 0E CA BC  L..T..b%........
0070: 21 2F E3 81 16 8A 3E 04   6A 95 BE BB AC 79 05 25  !/....>.j....y.%
0080: 5F E1 90 33 2E 5C D3 79   7D 21 4D CB F1 75 93 F8  _..3.\.y.!M..u..
0090: BA 10 09 2C 3C 73 14 28   0E 56 EE 02 76 BA 08 B4  ...,<s.(.V..v...
00A0: 97 6E 50 17 FD F4 52 2E   AF E9 AC 8A 3B D8 DD 1E  .nP...R.....;...
00B0: AE 9E D1 30 54 41 6D D9   55 A3 F8 C9 2A 89 18 78  ...0TAm.U...*..x
00C0: DD 14 5F A2 01 8E AD 6A   54 14 CF E1 F1 A1 AA 59  .._....jT......Y
00D0: B5 AA B5 5C E9 34 13 C7   37 67 98 99 72 00 2E 7D  ...\.4..7g..r...
00E0: 2A 3A 5D DC D8 91 85 7C   A8 D8 4C 29 2E DF DB A6  *:].......L)....
00F0: 0D C8 45 E7 FB D5 2D 28   A7 0B D1 A6 C0 30 4F E6  ..E...-(.....0O.
0100: 84 E7 85 6C C7 B7 8D 84   8A A7 FF B5 6A 20 F1 D2  ...l........j ..
0110: 4E 46 86 62 3D 84 B0 A8   61 FA E1 E3 31 32 1A 71  NF.b=...a...12.q
0120: 27 1E 35 91 65 E7 EB 84   77 D4 F9 48 F2 4E E4 44  '.5.e...w..H.N.D
0130: 2D D3 4A D8 47 9A 6E A8   B8 85 44 5A EE 78 79 EF  -.J.G.n...DZ.xy.
0140: 7E AD 6C A9 DC 5F 16 6D   C5 A8 42 58 B4 19 3E F4  ..l.._.m..BX..>.
0150: 55 F5 A3 70 98 9F 20 53   97 64 04 50 26 7F B1 B0  U..p.. S.d.P&...
0160: 60 15 42 2D B9 6D 57 BA   25 69 29 82 F6 27 D3 1C  `.B-.mW.%i)..'..
0170: 50 BB 0D EA 52 7E 05 BC   C2 C5 34 E1 40 D3 17 40  P...R.....4.@..@
0180: 6B 03 38 B9 07 E5 5F F0   03 A3 1E 7A A3 1D C8 1D  k.8..._....z....
0190: B7 2E E7 68 C7 77 DD 9A   16 05 71 57 C1 D0 B6 E8  ...h.w....qW....
01A0: E1 70 5C DD 79 AB 9D EB   78 6A 6F 34 B6 31 44 CB  .p\.y...xjo4.1D.
Test worker, READ: TLSv1.2 Application Data, length = 432
Padded plaintext after DECRYPTION:  len = 432
0000: 41 3A 8F 5D 85 E8 46 FA   C6 D5 2C 29 11 A9 B5 2A  A:.]..F...,)...*
0010: 48 54 54 50 2F 31 2E 31   20 33 30 32 20 0D 0A 58  HTTP/1.1 302 ..X
0020: 2D 43 6F 6E 74 65 6E 74   2D 54 79 70 65 2D 4F 70  -Content-Type-Op
0030: 74 69 6F 6E 73 3A 20 6E   6F 73 6E 69 66 66 0D 0A  tions: nosniff..
0040: 58 2D 58 53 53 2D 50 72   6F 74 65 63 74 69 6F 6E  X-XSS-Protection
0050: 3A 20 31 3B 20 6D 6F 64   65 3D 62 6C 6F 63 6B 0D  : 1; mode=block.
0060: 0A 43 61 63 68 65 2D 43   6F 6E 74 72 6F 6C 3A 20  .Cache-Control: 
0070: 6E 6F 2D 63 61 63 68 65   2C 20 6E 6F 2D 73 74 6F  no-cache, no-sto
0080: 72 65 2C 20 6D 61 78 2D   61 67 65 3D 30 2C 20 6D  re, max-age=0, m
0090: 75 73 74 2D 72 65 76 61   6C 69 64 61 74 65 0D 0A  ust-revalidate..
00A0: 50 72 61 67 6D 61 3A 20   6E 6F 2D 63 61 63 68 65  Pragma: no-cache
00B0: 0D 0A 45 78 70 69 72 65   73 3A 20 30 0D 0A 53 74  ..Expires: 0..St
00C0: 72 69 63 74 2D 54 72 61   6E 73 70 6F 72 74 2D 53  rict-Transport-S
00D0: 65 63 75 72 69 74 79 3A   20 6D 61 78 2D 61 67 65  ecurity: max-age
00E0: 3D 33 31 35 33 36 30 30   30 20 3B 20 69 6E 63 6C  =31536000 ; incl
00F0: 75 64 65 53 75 62 44 6F   6D 61 69 6E 73 0D 0A 58  udeSubDomains..X
0100: 2D 46 72 61 6D 65 2D 4F   70 74 69 6F 6E 73 3A 20  -Frame-Options: 
0110: 44 45 4E 59 0D 0A 4C 6F   63 61 74 69 6F 6E 3A 20  DENY..Location: 
0120: 68 74 74 70 73 3A 2F 2F   6C 6F 63 61 6C 68 6F 73  https://localhos
0130: 74 3A 39 30 38 30 2F 6C   6F 67 69 6E 0D 0A 43 6F  t:9080/login..Co
0140: 6E 74 65 6E 74 2D 4C 65   6E 67 74 68 3A 20 30 0D  ntent-Length: 0.
0150: 0A 44 61 74 65 3A 20 54   68 75 2C 20 32 33 20 41  .Date: Thu, 23 A
0160: 75 67 20 32 30 31 38 20   31 35 3A 31 39 3A 30 32  ug 2018 15:19:02
0170: 20 47 4D 54 0D 0A 0D 0A   A2 6A E6 A7 1D C2 86 77   GMT.....j.....w
0180: 5A 18 33 2F F4 7A 3B 32   02 4F 55 FB 83 F8 36 37  Z.3/.z;2.OU...67
0190: B2 A1 00 74 D7 5B 34 15   64 8C 1C 96 9E 0E 7C C1  ...t.[4.d.......
01A0: 97 3F A1 53 4A BA 92 E7   07 07 07 07 07 07 07 07  .?.SJ...........
Test worker, called close()
Test worker, called closeInternal(true)
Test worker, SEND TLSv1.2 ALERT:  warning, description = close_notify
Padded plaintext before ENCRYPTION:  len = 80
0000: 19 84 98 8A 75 7C D7 52   8B 43 7D CE 3B 3C 0F A7  ....u..R.C..;<..
0010: 01 00 FC 18 5A 78 E6 FA   27 DF 37 23 C3 4D 2B 17  ....Zx..'.7#.M+.
0020: F8 BA D1 94 4A FD 63 75   8D 5A AD 93 1D 60 9C F6  ....J.cu.Z...`..
0030: D9 3C 76 77 E8 CC D5 9A   82 19 2C AC 5D 65 B3 4D  .<vw......,.]e.M
0040: 91 68 0D 0D 0D 0D 0D 0D   0D 0D 0D 0D 0D 0D 0D 0D  .h..............
Test worker, WRITE: TLSv1.2 Alert, length = 80
[Raw write]: length = 85
0000: 15 03 03 00 50 AB F9 63   9B 69 33 3A DA 93 FC 39  ....P..c.i3:...9
0010: BB CE 2B EC 22 72 43 55   1F 2C 82 A6 60 18 BD E7  ..+."rCU.,..`...
0020: BF 65 00 9F B1 AB F1 1E   72 14 42 BC 16 EC D9 E4  .e......r.B.....
0030: A1 D1 7E 3F AE 5D E8 75   10 A6 AF 30 FA 73 B4 60  ...?.].u...0.s.`
0040: 45 85 3F 3C 14 58 1D 02   A5 16 D4 6C 22 DB 94 E0  E.?<.X.....l"...
0050: D0 8B DF 7D 49                                     ....I
Test worker, called closeSocket(true)
Allow unsafe renegotiation: false
Allow legacy hello messages: true
Is initial handshake: true
Is secure renegotiation: false
Test worker, setSoTimeout(0) called
%% Client cached [Session-1, TLS_ECDHE_RSA_WITH_AES_256_CBC_SHA384]
%% Try resuming [Session-1, TLS_ECDHE_RSA_WITH_AES_256_CBC_SHA384] from port 56247
*** ClientHello, TLSv1.2
RandomCookie:  GMT: 1534972006 bytes = { 58, 64, 76, 187, 252, 99, 41, 80, 53, 70, 127, 50, 157, 68, 124, 78, 152, 69, 61, 147, 192, 71, 197, 50, 201, 5, 66, 104 }
Session ID:  {91, 126, 208, 102, 133, 92, 216, 251, 25, 94, 178, 63, 141, 0, 146, 118, 207, 102, 191, 156, 247, 131, 86, 116, 207, 18, 41, 186, 152, 245, 194, 99}
Cipher Suites: [TLS_ECDHE_ECDSA_WITH_AES_256_CBC_SHA384, TLS_ECDHE_RSA_WITH_AES_256_CBC_SHA384, TLS_RSA_WITH_AES_256_CBC_SHA256, TLS_ECDH_ECDSA_WITH_AES_256_CBC_SHA384, TLS_ECDH_RSA_WITH_AES_256_CBC_SHA384, TLS_DHE_RSA_WITH_AES_256_CBC_SHA256, TLS_DHE_DSS_WITH_AES_256_CBC_SHA256, TLS_ECDHE_ECDSA_WITH_AES_256_CBC_SHA, TLS_ECDHE_RSA_WITH_AES_256_CBC_SHA, TLS_RSA_WITH_AES_256_CBC_SHA, TLS_ECDH_ECDSA_WITH_AES_256_CBC_SHA, TLS_ECDH_RSA_WITH_AES_256_CBC_SHA, TLS_DHE_RSA_WITH_AES_256_CBC_SHA, TLS_DHE_DSS_WITH_AES_256_CBC_SHA, TLS_ECDHE_ECDSA_WITH_AES_128_CBC_SHA256, TLS_ECDHE_RSA_WITH_AES_128_CBC_SHA256, TLS_RSA_WITH_AES_128_CBC_SHA256, TLS_ECDH_ECDSA_WITH_AES_128_CBC_SHA256, TLS_ECDH_RSA_WITH_AES_128_CBC_SHA256, TLS_DHE_RSA_WITH_AES_128_CBC_SHA256, TLS_DHE_DSS_WITH_AES_128_CBC_SHA256, TLS_ECDHE_ECDSA_WITH_AES_128_CBC_SHA, TLS_ECDHE_RSA_WITH_AES_128_CBC_SHA, TLS_RSA_WITH_AES_128_CBC_SHA, TLS_ECDH_ECDSA_WITH_AES_128_CBC_SHA, TLS_ECDH_RSA_WITH_AES_128_CBC_SHA, TLS_DHE_RSA_WITH_AES_128_CBC_SHA, TLS_DHE_DSS_WITH_AES_128_CBC_SHA, TLS_ECDHE_ECDSA_WITH_AES_256_GCM_SHA384, TLS_ECDHE_ECDSA_WITH_AES_128_GCM_SHA256, TLS_ECDHE_RSA_WITH_AES_256_GCM_SHA384, TLS_RSA_WITH_AES_256_GCM_SHA384, TLS_ECDH_ECDSA_WITH_AES_256_GCM_SHA384, TLS_ECDH_RSA_WITH_AES_256_GCM_SHA384, TLS_DHE_RSA_WITH_AES_256_GCM_SHA384, TLS_DHE_DSS_WITH_AES_256_GCM_SHA384, TLS_ECDHE_RSA_WITH_AES_128_GCM_SHA256, TLS_RSA_WITH_AES_128_GCM_SHA256, TLS_ECDH_ECDSA_WITH_AES_128_GCM_SHA256, TLS_ECDH_RSA_WITH_AES_128_GCM_SHA256, TLS_DHE_RSA_WITH_AES_128_GCM_SHA256, TLS_DHE_DSS_WITH_AES_128_GCM_SHA256, TLS_EMPTY_RENEGOTIATION_INFO_SCSV]
Compression Methods:  { 0 }
Extension elliptic_curves, curve names: {secp256r1, secp384r1, secp521r1, sect283k1, sect283r1, sect409k1, sect409r1, sect571k1, sect571r1, secp256k1}
Extension ec_point_formats, formats: [uncompressed]
Extension signature_algorithms, signature_algorithms: SHA512withECDSA, SHA512withRSA, SHA384withECDSA, SHA384withRSA, SHA256withECDSA, SHA256withRSA, SHA256withDSA, SHA224withECDSA, SHA224withRSA, SHA224withDSA, SHA1withECDSA, SHA1withRSA, SHA1withDSA
Extension extended_master_secret
***
[write] MD5 and SHA1 hashes:  len = 231
0000: 01 00 00 E3 03 03 5B 7E   D0 66 3A 40 4C BB FC 63  ......[..f:@L..c
0010: 29 50 35 46 7F 32 9D 44   7C 4E 98 45 3D 93 C0 47  )P5F.2.D.N.E=..G
0020: C5 32 C9 05 42 68 20 5B   7E D0 66 85 5C D8 FB 19  .2..Bh [..f.\...
0030: 5E B2 3F 8D 00 92 76 CF   66 BF 9C F7 83 56 74 CF  ^.?...v.f....Vt.
0040: 12 29 BA 98 F5 C2 63 00   56 C0 24 C0 28 00 3D C0  .)....c.V.$.(.=.
0050: 26 C0 2A 00 6B 00 6A C0   0A C0 14 00 35 C0 05 C0  &.*.k.j.....5...
0060: 0F 00 39 00 38 C0 23 C0   27 00 3C C0 25 C0 29 00  ..9.8.#.'.<.%.).
0070: 67 00 40 C0 09 C0 13 00   2F C0 04 C0 0E 00 33 00  g.@...../.....3.
0080: 32 C0 2C C0 2B C0 30 00   9D C0 2E C0 32 00 9F 00  2.,.+.0.....2...
0090: A3 C0 2F 00 9C C0 2D C0   31 00 9E 00 A2 00 FF 01  ../...-.1.......
00A0: 00 00 44 00 0A 00 16 00   14 00 17 00 18 00 19 00  ..D.............
00B0: 09 00 0A 00 0B 00 0C 00   0D 00 0E 00 16 00 0B 00  ................
00C0: 02 01 00 00 0D 00 1C 00   1A 06 03 06 01 05 03 05  ................
00D0: 01 04 03 04 01 04 02 03   03 03 01 03 02 02 03 02  ................
00E0: 01 02 02 00 17 00 00                               .......
Test worker, WRITE: TLSv1.2 Handshake, length = 231
[Raw write]: length = 236
0000: 16 03 03 00 E7 01 00 00   E3 03 03 5B 7E D0 66 3A  ...........[..f:
0010: 40 4C BB FC 63 29 50 35   46 7F 32 9D 44 7C 4E 98  @L..c)P5F.2.D.N.
0020: 45 3D 93 C0 47 C5 32 C9   05 42 68 20 5B 7E D0 66  E=..G.2..Bh [..f
0030: 85 5C D8 FB 19 5E B2 3F   8D 00 92 76 CF 66 BF 9C  .\...^.?...v.f..
0040: F7 83 56 74 CF 12 29 BA   98 F5 C2 63 00 56 C0 24  ..Vt..)....c.V.$
0050: C0 28 00 3D C0 26 C0 2A   00 6B 00 6A C0 0A C0 14  .(.=.&.*.k.j....
0060: 00 35 C0 05 C0 0F 00 39   00 38 C0 23 C0 27 00 3C  .5.....9.8.#.'.<
0070: C0 25 C0 29 00 67 00 40   C0 09 C0 13 00 2F C0 04  .%.).g.@...../..
0080: C0 0E 00 33 00 32 C0 2C   C0 2B C0 30 00 9D C0 2E  ...3.2.,.+.0....
0090: C0 32 00 9F 00 A3 C0 2F   00 9C C0 2D C0 31 00 9E  .2...../...-.1..
00A0: 00 A2 00 FF 01 00 00 44   00 0A 00 16 00 14 00 17  .......D........
00B0: 00 18 00 19 00 09 00 0A   00 0B 00 0C 00 0D 00 0E  ................
00C0: 00 16 00 0B 00 02 01 00   00 0D 00 1C 00 1A 06 03  ................
00D0: 06 01 05 03 05 01 04 03   04 01 04 02 03 03 03 01  ................
00E0: 03 02 02 03 02 01 02 02   00 17 00 00              ............
[Raw read]: length = 5
0000: 16 03 03 00 55                                     ....U
[Raw read]: length = 85
0000: 02 00 00 51 03 03 5B 7E   D0 66 6F 16 04 D7 25 60  ...Q..[..fo...%`
0010: 35 81 6A 85 E9 31 5D 4E   55 9C 61 6F F6 02 D7 46  5.j..1]NU.ao...F
0020: 16 C4 B6 8E 9E 39 20 5B   7E D0 66 85 5C D8 FB 19  .....9 [..f.\...
0030: 5E B2 3F 8D 00 92 76 CF   66 BF 9C F7 83 56 74 CF  ^.?...v.f....Vt.
0040: 12 29 BA 98 F5 C2 63 C0   28 00 00 09 FF 01 00 01  .)....c.(.......
0050: 00 00 17 00 00                                     .....
Test worker, READ: TLSv1.2 Handshake, length = 85
*** ServerHello, TLSv1.2
RandomCookie:  GMT: 1534972006 bytes = { 111, 22, 4, 215, 37, 96, 53, 129, 106, 133, 233, 49, 93, 78, 85, 156, 97, 111, 246, 2, 215, 70, 22, 196, 182, 142, 158, 57 }
Session ID:  {91, 126, 208, 102, 133, 92, 216, 251, 25, 94, 178, 63, 141, 0, 146, 118, 207, 102, 191, 156, 247, 131, 86, 116, 207, 18, 41, 186, 152, 245, 194, 99}
Cipher Suite: TLS_ECDHE_RSA_WITH_AES_256_CBC_SHA384
Compression Method: 0
Extension renegotiation_info, renegotiated_connection: <empty>
Extension extended_master_secret
***
CONNECTION KEYGEN:
Client Nonce:
0000: 5B 7E D0 66 3A 40 4C BB   FC 63 29 50 35 46 7F 32  [..f:@L..c)P5F.2
0010: 9D 44 7C 4E 98 45 3D 93   C0 47 C5 32 C9 05 42 68  .D.N.E=..G.2..Bh
Server Nonce:
0000: 5B 7E D0 66 6F 16 04 D7   25 60 35 81 6A 85 E9 31  [..fo...%`5.j..1
0010: 5D 4E 55 9C 61 6F F6 02   D7 46 16 C4 B6 8E 9E 39  ]NU.ao...F.....9
Master Secret:
0000: 81 C9 51 0E 06 D1 9E 3B   91 B3 C4 A2 16 86 5D 0C  ..Q....;......].
0010: AF 83 78 94 14 88 B2 B0   F0 0F 17 69 15 B5 3B BB  ..x........i..;.
0020: 91 ED 23 A5 11 18 21 C8   85 A0 D9 BC EC 3E A4 6C  ..#...!......>.l
Client MAC write Secret:
0000: C4 CA D6 CF 49 E2 93 EC   19 24 D8 CD 09 C7 C4 3D  ....I....$.....=
0010: 30 BF 17 32 51 4E 4B 09   27 66 FC FA DD FE B4 C3  0..2QNK.'f......
0020: 81 01 33 66 05 1A 7D 4B   8F 2C 30 A7 B0 9F A1 E2  ..3f...K.,0.....
Server MAC write Secret:
0000: 0C 16 FC 48 51 AC 40 4B   FC E8 F9 2C 89 F8 D9 68  ...HQ.@K...,...h
0010: 12 F6 9D 46 A8 0D F3 82   6D 69 59 BA CD 3B 39 D8  ...F....miY..;9.
0020: 00 7F 88 DC 5B 3B 7E BC   39 AA A9 D9 0C 25 02 AE  ....[;..9....%..
Client write key:
0000: C7 21 E1 C2 C7 8C E3 A7   51 A0 36 61 E2 FE AF B3  .!......Q.6a....
0010: 30 90 E6 F3 AA EA 12 78   D9 94 82 E6 95 43 50 9F  0......x.....CP.
Server write key:
0000: 80 4F AB 90 77 26 66 07   1E C9 9F 02 D8 2B B9 1D  .O..w&f......+..
0010: 82 31 6E E8 83 25 26 05   54 6A BA 98 35 87 60 17  .1n..%&.Tj..5.`.
... no IV derived for this protocol
%% Server resumed [Session-1, TLS_ECDHE_RSA_WITH_AES_256_CBC_SHA384]
[read] MD5 and SHA1 hashes:  len = 85
0000: 02 00 00 51 03 03 5B 7E   D0 66 6F 16 04 D7 25 60  ...Q..[..fo...%`
0010: 35 81 6A 85 E9 31 5D 4E   55 9C 61 6F F6 02 D7 46  5.j..1]NU.ao...F
0020: 16 C4 B6 8E 9E 39 20 5B   7E D0 66 85 5C D8 FB 19  .....9 [..f.\...
0030: 5E B2 3F 8D 00 92 76 CF   66 BF 9C F7 83 56 74 CF  ^.?...v.f....Vt.
0040: 12 29 BA 98 F5 C2 63 C0   28 00 00 09 FF 01 00 01  .)....c.(.......
0050: 00 00 17 00 00                                     .....
[Raw read]: length = 5
0000: 14 03 03 00 01                                     .....
[Raw read]: length = 1
0000: 01                                                 .
Test worker, READ: TLSv1.2 Change Cipher Spec, length = 1
[Raw read]: length = 5
0000: 16 03 03 00 60                                     ....`
[Raw read]: length = 96
0000: D3 DB 5D 20 D8 0D 37 19   BB 62 7E CF 1E 73 F1 28  ..] ..7..b...s.(
0010: 63 EB 5D 9C 80 59 0F 9D   7E D6 C1 D0 E6 66 C2 87  c.]..Y.......f..
0020: 2D 44 28 76 5A 0F 44 0A   3A B7 7B C3 49 6F 01 44  -D(vZ.D.:...Io.D
0030: E3 BA 7E 80 4C E8 9C 69   91 E4 75 1B FC 12 BE F5  ....L..i..u.....
0040: C4 09 D5 98 3A 65 FB 8A   0F 88 55 7E 4F 8E B3 57  ....:e....U.O..W
0050: 8E 89 D1 BF C8 28 16 22   AE 0B C1 3A EE 79 EE 25  .....(."...:.y.%
Test worker, READ: TLSv1.2 Handshake, length = 96
Padded plaintext after DECRYPTION:  len = 96
0000: 5C FE A9 28 E4 B9 02 10   0D 3D 23 AF F3 C9 07 7C  \..(.....=#.....
0010: 14 00 00 0C A0 51 BC F4   96 12 1F D8 74 9B 0B C2  .....Q......t...
0020: 38 09 32 28 8C 0E 90 36   95 09 A8 6C F3 62 DF 15  8.2(...6...l.b..
0030: 14 62 36 7B 63 A5 81 8B   DC F0 B7 7F 27 12 97 B1  .b6.c.......'...
0040: 59 AD F1 C1 E9 97 5E 04   D1 9C 83 2A 47 EB BD 55  Y.....^....*G..U
0050: 0F 0F 0F 0F 0F 0F 0F 0F   0F 0F 0F 0F 0F 0F 0F 0F  ................
*** Finished
verify_data:  { 160, 81, 188, 244, 150, 18, 31, 216, 116, 155, 11, 194 }
***
[read] MD5 and SHA1 hashes:  len = 16
0000: 14 00 00 0C A0 51 BC F4   96 12 1F D8 74 9B 0B C2  .....Q......t...
Test worker, WRITE: TLSv1.2 Change Cipher Spec, length = 1
[Raw write]: length = 6
0000: 14 03 03 00 01 01                                  ......
*** Finished
verify_data:  { 96, 72, 194, 220, 194, 89, 240, 155, 28, 167, 8, 80 }
***
[write] MD5 and SHA1 hashes:  len = 16
0000: 14 00 00 0C 60 48 C2 DC   C2 59 F0 9B 1C A7 08 50  ....`H...Y.....P
Padded plaintext before ENCRYPTION:  len = 96
0000: 5C 38 2E BA 5C 21 84 A1   3A CB E4 A0 FD 0E A4 78  \8..\!..:......x
0010: 14 00 00 0C 60 48 C2 DC   C2 59 F0 9B 1C A7 08 50  ....`H...Y.....P
0020: 37 F8 30 82 F6 53 06 80   1B 6B A5 01 C8 8B 4D C1  7.0..S...k....M.
0030: 63 97 6F 1C 34 D1 58 BF   4C 9A F5 20 5B 79 09 78  c.o.4.X.L.. [y.x
0040: B4 39 45 3A 95 8B 09 D7   DF 7A CF F3 4C EF 6D AA  .9E:.....z..L.m.
0050: 0F 0F 0F 0F 0F 0F 0F 0F   0F 0F 0F 0F 0F 0F 0F 0F  ................
Test worker, WRITE: TLSv1.2 Handshake, length = 96
[Raw write]: length = 101
0000: 16 03 03 00 60 D2 0E E9   46 FC 81 06 38 CE 96 C5  ....`...F...8...
0010: 89 71 AC 54 D5 2E 15 0E   6F 5E B5 20 15 02 F0 CE  .q.T....o^. ....
0020: EA A4 02 9A B7 DB CB 23   0F AD 48 97 6B 35 B7 C1  .......#..H.k5..
0030: CF E3 BD 49 5A D7 44 31   86 CF AA FD 8D A6 AE 5A  ...IZ.D1.......Z
0040: B5 B8 38 97 58 0E 7D FA   36 FB 2B 72 DF 02 71 E5  ..8.X...6.+r..q.
0050: A5 AF FA 81 74 63 E3 68   A0 09 AC 41 FB EC 1E 88  ....tc.h...A....
0060: 9D 29 B8 7A A5                                     .).z.
Padded plaintext before ENCRYPTION:  len = 240
0000: 52 31 E6 E8 02 A2 F7 11   E7 80 14 E9 4A F2 62 ED  R1..........J.b.
0010: 47 45 54 20 2F 6C 6F 67   69 6E 20 48 54 54 50 2F  GET /login HTTP/
0020: 31 2E 31 0D 0A 41 63 63   65 70 74 3A 20 74 65 78  1.1..Accept: tex
0030: 74 2F 70 6C 61 69 6E 2C   20 61 70 70 6C 69 63 61  t/plain, applica
0040: 74 69 6F 6E 2F 6A 73 6F   6E 2C 20 61 70 70 6C 69  tion/json, appli
0050: 63 61 74 69 6F 6E 2F 2A   2B 6A 73 6F 6E 2C 20 2A  cation/*+json, *
0060: 2F 2A 0D 0A 55 73 65 72   2D 41 67 65 6E 74 3A 20  /*..User-Agent: 
0070: 4A 61 76 61 2F 31 2E 38   2E 30 5F 31 38 31 0D 0A  Java/1.8.0_181..
0080: 48 6F 73 74 3A 20 6C 6F   63 61 6C 68 6F 73 74 3A  Host: localhost:
0090: 39 30 38 30 0D 0A 43 6F   6E 6E 65 63 74 69 6F 6E  9080..Connection
00A0: 3A 20 6B 65 65 70 2D 61   6C 69 76 65 0D 0A 0D 0A  : keep-alive....
00B0: 98 E1 92 BB 86 8C 2E 57   E7 43 B2 9B C2 B6 A3 C0  .......W.C......
00C0: 05 C8 7B F3 DB 65 2B 3D   E9 A0 49 1C 57 3D 6F 3A  .....e+=..I.W=o:
00D0: C6 06 C3 E9 87 6A A6 C7   80 9E 5E F2 1D 06 02 38  .....j....^....8
00E0: 0F 0F 0F 0F 0F 0F 0F 0F   0F 0F 0F 0F 0F 0F 0F 0F  ................
Test worker, WRITE: TLSv1.2 Application Data, length = 240
[Raw write]: length = 245
0000: 17 03 03 00 F0 AC 26 0A   13 E6 29 11 66 5F 34 66  ......&...).f_4f
0010: 8B E7 2B 7F B4 A7 AC C8   25 B2 47 94 B6 98 3C CC  ..+.....%.G...<.
0020: 00 FA 9E 45 A9 61 DD 20   70 EA 9A FB DE AF 91 59  ...E.a. p......Y
0030: 82 FF 35 C5 8F ED 86 D2   85 0F 92 99 65 37 2D 4C  ..5.........e7-L
0040: C7 57 64 90 F7 DA 27 56   27 BF 01 48 6F 75 3E AC  .Wd...'V'..Hou>.
0050: 8D CF 6B 99 B3 69 9A AB   D6 F8 24 98 73 5F B4 46  ..k..i....$.s_.F
0060: 84 17 F3 AB 55 59 0B 59   91 40 9F 07 3D 1D D8 AE  ....UY.Y.@..=...
0070: 5A 9D 24 D2 04 D6 75 2F   FB 21 EB 92 DF F1 7E 9C  Z.$...u/.!......
0080: B9 83 AC EF CB 4E 9B DD   46 F2 BE 7B 1F 8D EC 9F  .....N..F.......
0090: 0A 24 EC 64 88 E4 FD 18   0E DB E4 96 E0 B4 04 C7  .$.d............
00A0: 51 37 D3 91 A1 34 7D 14   DE D6 E4 81 54 10 E0 09  Q7...4......T...
00B0: 0D DE 7E B6 94 64 E5 DC   D5 4C 89 37 A6 45 9E 67  .....d...L.7.E.g
00C0: 7F 28 2A 9F BD CC 46 22   96 A5 92 72 CF 2D E6 00  .(*...F"...r.-..
00D0: 3B B9 65 87 63 19 97 E1   C2 58 7E F3 55 FB 88 D8  ;.e.c....X..U...
00E0: F7 93 15 99 A0 3E C9 B3   CC E0 92 A9 F3 3E E8 D4  .....>.......>..
00F0: 7D FE 39 D2 52                                     ..9.R
[Raw read]: length = 5
0000: 17 03 03 04 20                                     .... 
[Raw read]: length = 1056
0000: FF EC F3 06 BE CC E0 14   85 06 F9 3B 79 FE 1F 3C  ...........;y..<
0010: 2A 32 62 C8 8E 45 99 D4   55 2C 90 65 5A 80 2C A7  *2b..E..U,.eZ.,.
0020: A0 63 08 CF 7C 83 53 77   C0 5C 84 FE C8 8A 63 F3  .c....Sw.\....c.
0030: 78 0E 5D 9C BB 4B BD 30   98 D3 41 67 66 F4 83 69  x.]..K.0..Agf..i
0040: 98 B8 88 F0 45 29 33 9C   D0 00 44 6D 0B 78 DD F2  ....E)3...Dm.x..
0050: EC 7B 0B D8 ED 01 39 AF   A3 E4 CE 53 97 3B 23 84  ......9....S.;#.
0060: F9 F0 76 B0 AE 6A D6 25   A8 9F 2F F3 B8 DC 4B 24  ..v..j.%../...K$
0070: 1B 73 2E 88 9C C8 5D 73   99 48 B9 9E 81 E4 D0 75  .s....]s.H.....u
0080: 4E E8 5B 67 66 72 CD 9C   38 CF CF CE AF DE F9 6D  N.[gfr..8......m
0090: 6E 55 C8 4A E1 7F 7A 60   BA 24 AA 6D 7B C6 25 DC  nU.J..z`.$.m..%.
00A0: F8 B7 43 B5 15 D6 C4 EC   A0 63 ED 67 33 96 48 37  ..C......c.g3.H7
00B0: EF 23 59 AB 68 E9 A9 C4   10 B7 6E 57 FF BE 7F E7  .#Y.h.....nW....
00C0: 0A 78 6E 36 E0 4C 93 CD   A3 F4 EA CE BB D0 F8 D3  .xn6.L..........
00D0: 63 0D B5 38 83 B6 9F 95   9A 17 4E 39 97 86 CF D5  c..8......N9....
00E0: 63 9D 7B 70 66 17 79 63   58 F5 B8 65 C0 F9 30 F4  c..pf.ycX..e..0.
00F0: 8F 3E C6 0D B9 9C 9A 65   42 DA 4B A6 75 DC F2 1A  .>.....eB.K.u...
0100: 2E BA 0C 8A 88 68 60 C1   93 C4 28 A2 BA 22 D8 FB  .....h`...(.."..
0110: 42 6A D4 44 FD 36 6A 1E   18 D3 E6 A1 58 B6 42 5E  Bj.D.6j.....X.B^
0120: CE 38 B9 8D 15 C1 11 4C   DC 7D 6F 19 DA 19 BC 2E  .8.....L..o.....
0130: 72 CC 83 DB 8D 05 00 7E   4D 59 DA F0 71 E9 28 9C  r.......MY..q.(.
0140: A6 EC B1 1B 90 6E 0F 95   5F 19 9D AD C6 FF 96 47  .....n.._......G
0150: 8A 1F 56 E0 9F 47 58 77   89 1B ED C0 BB C1 84 E6  ..V..GXw........
0160: C6 87 F9 14 82 C8 31 3D   C0 67 E3 C7 48 FD 76 35  ......1=.g..H.v5
0170: 97 83 64 30 F8 E7 2B B6   7C 37 83 62 4A F9 46 C3  ..d0..+..7.bJ.F.
0180: 14 B8 F9 F8 95 08 57 86   71 0A 13 E2 EF B1 04 25  ......W.q......%
0190: BD 76 A9 94 05 34 3C EB   48 F3 E0 B5 29 39 3C 01  .v...4<.H...)9<.
01A0: 99 27 C8 65 8D 12 E3 F8   D4 35 51 95 E7 FD 3E E9  .'.e.....5Q...>.
01B0: F8 68 54 41 B3 F1 6B CC   F6 BA FC C4 82 94 14 C0  .hTA..k.........
01C0: 32 73 88 38 A6 46 25 D7   01 9D 38 0A 1B 91 02 DE  2s.8.F%...8.....
01D0: 9E E7 7D BB 3C 85 76 8A   05 21 F9 01 EB A6 BB 8A  ....<.v..!......
01E0: EC 2E 2D 93 43 69 A1 5F   40 33 2E D2 87 B3 7D 02  ..-.Ci._@3......
01F0: 4B 38 61 FD AA 10 4C A7   96 28 BB A5 16 45 91 F6  K8a...L..(...E..
0200: B9 71 D2 FD D5 94 1E C1   44 3D 00 83 28 60 15 69  .q......D=..(`.i
0210: F1 0C 43 65 00 28 05 EB   FB E2 50 7F 05 E5 A2 9C  ..Ce.(....P.....
0220: 58 A8 EB 9C 62 E3 FF 5E   2B 63 F2 2D 64 D5 65 4C  X...b..^+c.-d.eL
0230: 69 90 23 EF 2C BB BC 6D   33 9A 89 BE F6 A6 AD C5  i.#.,..m3.......
0240: 9E AD 07 C0 11 1C DB 0D   C9 A0 F3 16 49 3F 4A B3  ............I?J.
0250: ED 8F 85 F1 DE 6C 2B 66   3D 94 14 21 DA C2 44 95  .....l+f=..!..D.
0260: B7 75 58 9C AF AC B7 D0   39 82 0E 4A 04 FE 17 2C  .uX.....9..J...,
0270: 20 6B 8A 2A DC 0E 9D 07   06 1D 57 EF E7 F2 92 D1   k.*......W.....
0280: C5 1D 62 B2 4D 57 9B F3   46 75 89 77 6B 37 99 07  ..b.MW..Fu.wk7..
0290: 3C CB A7 3C 15 7C D8 32   3B D4 4C 4D BC 16 E1 50  <..<...2;.LM...P
02A0: 9D 3E 21 71 CB 33 CC 14   EE 91 7A A7 BD 0F 73 5F  .>!q.3....z...s_
02B0: 1C C4 FB C3 70 29 66 F0   E6 7F 4B AF 0F 17 3B 2E  ....p)f...K...;.
02C0: 5A CC CD 34 03 64 6B 59   A4 70 59 BC 6B 12 D0 38  Z..4.dkY.pY.k..8
02D0: 32 F5 E1 C6 01 C9 F0 F3   3E B9 C1 73 F3 16 39 78  2.......>..s..9x
02E0: 5B 13 1E 3D 03 EF 84 06   48 65 7D A1 A2 5B 0A 73  [..=....He...[.s
02F0: 35 D1 E9 52 D0 AA FC 60   6A 50 E5 75 E3 2D C1 03  5..R...`jP.u.-..
0300: 79 EE BA E3 CA 17 98 D2   36 DE F1 3E 7C 35 1C FE  y.......6..>.5..
0310: 2E DC 9E 51 6D 58 B3 7C   48 FF 91 F6 AF EC 88 F8  ...QmX..H.......
0320: 70 D7 67 4F 79 39 35 BA   E7 5B 29 18 5C A1 97 E2  p.gOy95..[).\...
0330: F3 A7 85 DA F2 CE 33 DE   EC 5B 19 F2 E9 94 C7 82  ......3..[......
0340: 6F CC 36 19 32 44 0F B5   55 41 3D D7 45 73 AE BB  o.6.2D..UA=.Es..
0350: 74 61 E0 34 B6 18 1E 84   63 E7 0C 1A 7E 09 E9 03  ta.4....c.......
0360: 54 BB 2A 25 94 7A F3 05   23 40 37 29 2D 32 C3 A3  T.*%.z..#@7)-2..
0370: 25 AC 69 F4 63 56 DD 15   A1 1A E2 EF 56 F4 E6 56  %.i.cV......V..V
0380: 63 A8 D2 C1 D8 78 B7 3F   6C 56 80 9F 15 F4 3C 57  c....x.?lV....<W
0390: 9F C1 09 A1 1F F6 CA 11   BD 8D 8C 3F A5 C7 2D C5  ...........?..-.
03A0: E5 6A D8 B5 00 64 5C 29   8F 31 77 CD A6 0E BD AA  .j...d\).1w.....
03B0: FD 32 A0 66 4E 13 EA A9   2A C4 C9 C6 00 8F 7B 42  .2.fN...*......B
03C0: 69 3B A4 52 AF 56 A7 17   4F 28 BC 9B 5C A5 BE 7D  i;.R.V..O(..\...
03D0: 3E E9 62 D8 F7 E4 29 09   A3 87 88 38 49 F0 0A D1  >.b...)....8I...
03E0: 71 BE 52 62 D0 CD 94 12   FF F7 4F 9A B0 A5 93 A6  q.Rb......O.....
03F0: 5A 9F BF B6 B4 C3 D7 18   48 9C 5D 08 CC 91 FA 9F  Z.......H.].....
0400: D5 62 78 D0 05 94 79 9E   EE 7D 1E 5A F5 0B 2B 36  .bx...y....Z..+6
0410: 40 1C F7 53 3B 40 99 74   3B A4 23 61 1C C5 D5 84  @..S;@.t;.#a....
Test worker, READ: TLSv1.2 Application Data, length = 1056
Padded plaintext after DECRYPTION:  len = 1056
0000: 58 00 6B 26 FF C1 4A 8C   D5 D2 77 58 9D F9 21 4A  X.k&..J...wX..!J
0010: 48 54 54 50 2F 31 2E 31   20 32 30 30 20 0D 0A 53  HTTP/1.1 200 ..S
0020: 65 74 2D 43 6F 6F 6B 69   65 3A 20 4A 53 45 53 53  et-Cookie: JSESS
0030: 49 4F 4E 49 44 3D 41 33   32 43 37 39 32 35 43 45  IONID=A32C7925CE
0040: 34 46 30 31 31 43 35 34   34 30 41 38 39 43 30 34  4F011C5440A89C04
0050: 44 39 32 45 30 35 3B 20   50 61 74 68 3D 2F 3B 20  D92E05; Path=/; 
0060: 53 65 63 75 72 65 3B 20   48 74 74 70 4F 6E 6C 79  Secure; HttpOnly
0070: 0D 0A 58 2D 43 6F 6E 74   65 6E 74 2D 54 79 70 65  ..X-Content-Type
0080: 2D 4F 70 74 69 6F 6E 73   3A 20 6E 6F 73 6E 69 66  -Options: nosnif
0090: 66 0D 0A 58 2D 58 53 53   2D 50 72 6F 74 65 63 74  f..X-XSS-Protect
00A0: 69 6F 6E 3A 20 31 3B 20   6D 6F 64 65 3D 62 6C 6F  ion: 1; mode=blo
00B0: 63 6B 0D 0A 43 61 63 68   65 2D 43 6F 6E 74 72 6F  ck..Cache-Contro
00C0: 6C 3A 20 6E 6F 2D 63 61   63 68 65 2C 20 6E 6F 2D  l: no-cache, no-
00D0: 73 74 6F 72 65 2C 20 6D   61 78 2D 61 67 65 3D 30  store, max-age=0
00E0: 2C 20 6D 75 73 74 2D 72   65 76 61 6C 69 64 61 74  , must-revalidat
00F0: 65 0D 0A 50 72 61 67 6D   61 3A 20 6E 6F 2D 63 61  e..Pragma: no-ca
0100: 63 68 65 0D 0A 45 78 70   69 72 65 73 3A 20 30 0D  che..Expires: 0.
0110: 0A 53 74 72 69 63 74 2D   54 72 61 6E 73 70 6F 72  .Strict-Transpor
0120: 74 2D 53 65 63 75 72 69   74 79 3A 20 6D 61 78 2D  t-Security: max-
0130: 61 67 65 3D 33 31 35 33   36 30 30 30 20 3B 20 69  age=31536000 ; i
0140: 6E 63 6C 75 64 65 53 75   62 44 6F 6D 61 69 6E 73  ncludeSubDomains
0150: 0D 0A 58 2D 46 72 61 6D   65 2D 4F 70 74 69 6F 6E  ..X-Frame-Option
0160: 73 3A 20 44 45 4E 59 0D   0A 43 6F 6E 74 65 6E 74  s: DENY..Content
0170: 2D 54 79 70 65 3A 20 74   65 78 74 2F 68 74 6D 6C  -Type: text/html
0180: 3B 63 68 61 72 73 65 74   3D 55 54 46 2D 38 0D 0A  ;charset=UTF-8..
0190: 43 6F 6E 74 65 6E 74 2D   4C 65 6E 67 74 68 3A 20  Content-Length: 
01A0: 35 33 35 0D 0A 44 61 74   65 3A 20 54 68 75 2C 20  535..Date: Thu, 
01B0: 32 33 20 41 75 67 20 32   30 31 38 20 31 35 3A 31  23 Aug 2018 15:1
01C0: 39 3A 30 32 20 47 4D 54   0D 0A 0D 0A 3C 68 74 6D  9:02 GMT....<htm
01D0: 6C 3E 3C 68 65 61 64 3E   3C 74 69 74 6C 65 3E 4C  l><head><title>L
01E0: 6F 67 69 6E 20 50 61 67   65 3C 2F 74 69 74 6C 65  ogin Page</title
01F0: 3E 3C 2F 68 65 61 64 3E   3C 62 6F 64 79 20 6F 6E  ></head><body on
0200: 6C 6F 61 64 3D 27 64 6F   63 75 6D 65 6E 74 2E 66  load='document.f
0210: 2E 75 73 65 72 6E 61 6D   65 2E 66 6F 63 75 73 28  .username.focus(
0220: 29 3B 27 3E 0A 3C 68 33   3E 4C 6F 67 69 6E 20 77  );'>.<h3>Login w
0230: 69 74 68 20 55 73 65 72   6E 61 6D 65 20 61 6E 64  ith Username and
0240: 20 50 61 73 73 77 6F 72   64 3C 2F 68 33 3E 3C 66   Password</h3><f
0250: 6F 72 6D 20 6E 61 6D 65   3D 27 66 27 20 61 63 74  orm name='f' act
0260: 69 6F 6E 3D 27 2F 6C 6F   67 69 6E 27 20 6D 65 74  ion='/login' met
0270: 68 6F 64 3D 27 50 4F 53   54 27 3E 0A 3C 74 61 62  hod='POST'>.<tab
0280: 6C 65 3E 0A 09 3C 74 72   3E 3C 74 64 3E 55 73 65  le>..<tr><td>Use
0290: 72 3A 3C 2F 74 64 3E 3C   74 64 3E 3C 69 6E 70 75  r:</td><td><inpu
02A0: 74 20 74 79 70 65 3D 27   74 65 78 74 27 20 6E 61  t type='text' na
02B0: 6D 65 3D 27 75 73 65 72   6E 61 6D 65 27 20 76 61  me='username' va
02C0: 6C 75 65 3D 27 27 3E 3C   2F 74 64 3E 3C 2F 74 72  lue=''></td></tr
02D0: 3E 0A 09 3C 74 72 3E 3C   74 64 3E 50 61 73 73 77  >..<tr><td>Passw
02E0: 6F 72 64 3A 3C 2F 74 64   3E 3C 74 64 3E 3C 69 6E  ord:</td><td><in
02F0: 70 75 74 20 74 79 70 65   3D 27 70 61 73 73 77 6F  put type='passwo
0300: 72 64 27 20 6E 61 6D 65   3D 27 70 61 73 73 77 6F  rd' name='passwo
0310: 72 64 27 2F 3E 3C 2F 74   64 3E 3C 2F 74 72 3E 0A  rd'/></td></tr>.
0320: 09 3C 74 72 3E 3C 74 64   20 63 6F 6C 73 70 61 6E  .<tr><td colspan
0330: 3D 27 32 27 3E 3C 69 6E   70 75 74 20 6E 61 6D 65  ='2'><input name
0340: 3D 22 73 75 62 6D 69 74   22 20 74 79 70 65 3D 22  ="submit" type="
0350: 73 75 62 6D 69 74 22 20   76 61 6C 75 65 3D 22 4C  submit" value="L
0360: 6F 67 69 6E 22 2F 3E 3C   2F 74 64 3E 3C 2F 74 72  ogin"/></td></tr
0370: 3E 0A 09 3C 69 6E 70 75   74 20 6E 61 6D 65 3D 22  >..<input name="
0380: 5F 63 73 72 66 22 20 74   79 70 65 3D 22 68 69 64  _csrf" type="hid
0390: 64 65 6E 22 20 76 61 6C   75 65 3D 22 38 66 30 32  den" value="8f02
03A0: 31 37 33 63 2D 31 38 34   66 2D 34 31 33 32 2D 61  173c-184f-4132-a
03B0: 61 33 35 2D 37 31 37 61   39 36 65 30 62 32 37 36  a35-717a96e0b276
03C0: 22 20 2F 3E 0A 3C 2F 74   61 62 6C 65 3E 0A 3C 2F  " />.</table>.</
03D0: 66 6F 72 6D 3E 3C 2F 62   6F 64 79 3E 3C 2F 68 74  form></body></ht
03E0: 6D 6C 3E 71 B1 9B 70 67   7E AF AD C0 E0 C4 2C BC  ml>q..pg......,.
03F0: C5 34 0E 67 96 CC 50 19   1F E9 7B F1 15 B4 D5 A2  .4.g..P.........
0400: 60 47 B6 7F BC 7B 73 29   5D 81 00 32 02 FF EB 1C  `G....s)]..2....
0410: 07 54 6E 0C 0C 0C 0C 0C   0C 0C 0C 0C 0C 0C 0C 0C  .Tn.............
<html><head><title>Login Page</title></head><body onload='document.f.username.focus();'>
<h3>Login with Username and Password</h3><form name='f' action='/login' method='POST'>
<table>
	<tr><td>User:</td><td><input type='text' name='username' value=''></td></tr>
	<tr><td>Password:</td><td><input type='password' name='password'/></td></tr>
	<tr><td colspan='2'><input name="submit" type="submit" value="Login"/></td></tr>
	<input name="_csrf" type="hidden" value="8f02173c-184f-4132-aa35-717a96e0b276" />
</table>
</form></body></html>
Exception :: 400 null
]]></system-out>
  <system-err><![CDATA[org.springframework.web.client.HttpClientErrorException: 400 null
	at org.springframework.web.client.DefaultResponseErrorHandler.handleError(DefaultResponseErrorHandler.java:94)
	at org.springframework.web.client.DefaultResponseErrorHandler.handleError(DefaultResponseErrorHandler.java:79)
	at org.springframework.web.client.ResponseErrorHandler.handleError(ResponseErrorHandler.java:63)
	at org.springframework.web.client.RestTemplate.handleResponse(RestTemplate.java:766)
	at org.springframework.web.client.RestTemplate.doExecute(RestTemplate.java:724)
	at org.springframework.web.client.RestTemplate.execute(RestTemplate.java:680)
	at org.springframework.web.client.RestTemplate.getForEntity(RestTemplate.java:359)
	at com.example.MutualAuthenticationClient.MutualAuthenticationClientApplicationTests.getNonSSLConnection(MutualAuthenticationClientApplicationTests.java:58)
	at sun.reflect.NativeMethodAccessorImpl.invoke0(Native Method)
	at sun.reflect.NativeMethodAccessorImpl.invoke(NativeMethodAccessorImpl.java:62)
	at sun.reflect.DelegatingMethodAccessorImpl.invoke(DelegatingMethodAccessorImpl.java:43)
	at java.lang.reflect.Method.invoke(Method.java:498)
	at org.junit.runners.model.FrameworkMethod$1.runReflectiveCall(FrameworkMethod.java:50)
	at org.junit.internal.runners.model.ReflectiveCallable.run(ReflectiveCallable.java:12)
	at org.junit.runners.model.FrameworkMethod.invokeExplosively(FrameworkMethod.java:47)
	at org.junit.internal.runners.statements.InvokeMethod.evaluate(InvokeMethod.java:17)
	at org.springframework.test.context.junit4.statements.RunBeforeTestExecutionCallbacks.evaluate(RunBeforeTestExecutionCallbacks.java:73)
	at org.springframework.test.context.junit4.statements.RunAfterTestExecutionCallbacks.evaluate(RunAfterTestExecutionCallbacks.java:83)
	at org.springframework.test.context.junit4.statements.RunBeforeTestMethodCallbacks.evaluate(RunBeforeTestMethodCallbacks.java:75)
	at org.springframework.test.context.junit4.statements.RunAfterTestMethodCallbacks.evaluate(RunAfterTestMethodCallbacks.java:86)
	at org.springframework.test.context.junit4.statements.SpringRepeat.evaluate(SpringRepeat.java:84)
	at org.junit.runners.ParentRunner.runLeaf(ParentRunner.java:325)
	at org.springframework.test.context.junit4.SpringJUnit4ClassRunner.runChild(SpringJUnit4ClassRunner.java:251)
	at org.springframework.test.context.junit4.SpringJUnit4ClassRunner.runChild(SpringJUnit4ClassRunner.java:97)
	at org.junit.runners.ParentRunner$3.run(ParentRunner.java:290)
	at org.junit.runners.ParentRunner$1.schedule(ParentRunner.java:71)
	at org.junit.runners.ParentRunner.runChildren(ParentRunner.java:288)
	at org.junit.runners.ParentRunner.access$000(ParentRunner.java:58)
	at org.junit.runners.ParentRunner$2.evaluate(ParentRunner.java:268)
	at org.springframework.test.context.junit4.statements.RunBeforeTestClassCallbacks.evaluate(RunBeforeTestClassCallbacks.java:61)
	at org.springframework.test.context.junit4.statements.RunAfterTestClassCallbacks.evaluate(RunAfterTestClassCallbacks.java:70)
	at org.junit.runners.ParentRunner.run(ParentRunner.java:363)
	at org.springframework.test.context.junit4.SpringJUnit4ClassRunner.run(SpringJUnit4ClassRunner.java:190)
	at org.gradle.api.internal.tasks.testing.junit.JUnitTestClassExecutor.runTestClass(JUnitTestClassExecutor.java:106)
	at org.gradle.api.internal.tasks.testing.junit.JUnitTestClassExecutor.execute(JUnitTestClassExecutor.java:58)
	at org.gradle.api.internal.tasks.testing.junit.JUnitTestClassExecutor.execute(JUnitTestClassExecutor.java:38)
	at org.gradle.api.internal.tasks.testing.junit.AbstractJUnitTestClassProcessor.processTestClass(AbstractJUnitTestClassProcessor.java:66)
	at org.gradle.api.internal.tasks.testing.SuiteTestClassProcessor.processTestClass(SuiteTestClassProcessor.java:51)
	at sun.reflect.NativeMethodAccessorImpl.invoke0(Native Method)
	at sun.reflect.NativeMethodAccessorImpl.invoke(NativeMethodAccessorImpl.java:62)
	at sun.reflect.DelegatingMethodAccessorImpl.invoke(DelegatingMethodAccessorImpl.java:43)
	at java.lang.reflect.Method.invoke(Method.java:498)
	at org.gradle.internal.dispatch.ReflectionDispatch.dispatch(ReflectionDispatch.java:35)
	at org.gradle.internal.dispatch.ReflectionDispatch.dispatch(ReflectionDispatch.java:24)
	at org.gradle.internal.dispatch.ContextClassLoaderDispatch.dispatch(ContextClassLoaderDispatch.java:32)
	at org.gradle.internal.dispatch.ProxyDispatchAdapter$DispatchingInvocationHandler.invoke(ProxyDispatchAdapter.java:93)
	at com.sun.proxy.$Proxy2.processTestClass(Unknown Source)
	at org.gradle.api.internal.tasks.testing.worker.TestWorker.processTestClass(TestWorker.java:117)
	at sun.reflect.NativeMethodAccessorImpl.invoke0(Native Method)
	at sun.reflect.NativeMethodAccessorImpl.invoke(NativeMethodAccessorImpl.java:62)
	at sun.reflect.DelegatingMethodAccessorImpl.invoke(DelegatingMethodAccessorImpl.java:43)
	at java.lang.reflect.Method.invoke(Method.java:498)
	at org.gradle.internal.dispatch.ReflectionDispatch.dispatch(ReflectionDispatch.java:35)
	at org.gradle.internal.dispatch.ReflectionDispatch.dispatch(ReflectionDispatch.java:24)
	at org.gradle.internal.remote.internal.hub.MessageHubBackedObjectConnection$DispatchWrapper.dispatch(MessageHubBackedObjectConnection.java:155)
	at org.gradle.internal.remote.internal.hub.MessageHubBackedObjectConnection$DispatchWrapper.dispatch(MessageHubBackedObjectConnection.java:137)
	at org.gradle.internal.remote.internal.hub.MessageHub$Handler.run(MessageHub.java:404)
	at org.gradle.internal.concurrent.ExecutorPolicy$CatchAndRecordFailures.onExecute(ExecutorPolicy.java:63)
	at org.gradle.internal.concurrent.ManagedExecutorImpl$1.run(ManagedExecutorImpl.java:46)
	at java.util.concurrent.ThreadPoolExecutor.runWorker(ThreadPoolExecutor.java:1149)
	at java.util.concurrent.ThreadPoolExecutor$Worker.run(ThreadPoolExecutor.java:624)
	at org.gradle.internal.concurrent.ThreadFactoryImpl$ManagedThreadRunnable.run(ThreadFactoryImpl.java:55)
	at java.lang.Thread.run(Thread.java:748)
]]></system-err>
</testsuite>
